<?xml version="1.0" encoding="UTF-8"?>
<testsuites name="Final Test" time="24.059" tests="6" failures="0" errors="0">
   <testsuite name="Final Test" tests="6" failures="0" errors="0" time="24.059" skipped="0" timestamp="01-02-2024T08:57:16" hostname="cucnguyen - 192.168.2.9" id="Test Suites/Final Test">
      <properties>
         <property name="deviceName" value=""/>
         <property name="devicePlatform" value=""/>
         <property name="logFolder" value="/Users/cucnguyen/git/katalonApiExercise/Reports/20240201_085711/Final Test/20240201_085712"/>
         <property name="logFiles" value="/Users/cucnguyen/git/katalonApiExercise/Reports/20240201_085711/Final Test/20240201_085712/execution0.log"/>
         <property name="attachments" value=""/>
         <property name="hostName" value="cucnguyen - 192.168.2.9"/>
         <property name="hostAddress" value="192.168.2.9"/>
         <property name="os" value="Mac OS X 64bit"/>
         <property name="katalonVersion" value="9.1.0.212"/>
      </properties>
      <testcase name="Test Cases/POST Create booking" time="4.428" classname="Test Cases/POST Create booking" status="PASSED">
         <system-out><![CDATA[01-02-2024T08:57:16 - [TEST_CASE][PASSED] - Test Cases/POST Create booking: Test Cases/POST Create booking

01-02-2024T08:57:16 - [TEST_STEP][PASSED] - Start setup action : setupTestCase: Method 'setupTestCase' complete successfully

01-02-2024T08:57:16 - [TEST_STEP][PASSED] - callTestCase(findTestCase("Test Cases/POST Create Token"), [:]): Call Test Case 'Test Cases/POST Create Token' successfully

01-02-2024T08:57:16 - [TEST_CASE][PASSED] - Test Cases/POST Create Token: Test Cases/POST Create Token

01-02-2024T08:57:16 - [TEST_STEP][PASSED] - response = sendRequest(findTestObject("POST Create Token")): Send request successfully

01-02-2024T08:57:18 - [MESSAGE][INFO] - HAR: /Users/cucnguyen/git/katalonApiExercise/Reports/20240201_085711/Final Test/20240201_085712/requests/main/0.har

01-02-2024T08:57:18 - [MESSAGE][PASSED] - Send request successfully

01-02-2024T08:57:18 - [TEST_STEP][PASSED] - verifyResponseStatusCode(response, 200): Verify response status code successfully

01-02-2024T08:57:18 - [MESSAGE][PASSED] - Verify response status code successfully

01-02-2024T08:57:18 - [TEST_STEP][PASSED] - responseBody = response.getResponseBodyContent(): null

01-02-2024T08:57:18 - [TEST_STEP][PASSED] - jsonResponse = JsonSlurper().parseText(responseBody): null

01-02-2024T08:57:18 - [TEST_STEP][PASSED] - token = token: null

01-02-2024T08:57:18 - [TEST_STEP][PASSED] - cookie = "token=" + token: null

01-02-2024T08:57:18 - [TEST_STEP][PASSED] - cookie = cookie: null

01-02-2024T08:57:18 - [MESSAGE][PASSED] - Call Test Case 'Test Cases/POST Create Token' successfully

01-02-2024T08:57:18 - [MESSAGE][PASSED] - Method 'setupTestCase' complete successfully

01-02-2024T08:57:18 - [TEST_STEP][PASSED] - firstName = sample.Common.generateRandomString(): sample.Common.generateRandomString is PASSED

01-02-2024T08:57:18 - [MESSAGE][PASSED] - sample.Common.generateRandomString is PASSED

01-02-2024T08:57:18 - [TEST_STEP][PASSED] - lastName = sample.Common.generateRandomString(): sample.Common.generateRandomString is PASSED

01-02-2024T08:57:18 - [MESSAGE][PASSED] - sample.Common.generateRandomString is PASSED

01-02-2024T08:57:18 - [TEST_STEP][PASSED] - response = sendRequest(findTestObject("Object Repository/POST Create booking", ["firstName":firstName, "lastName":lastName])): Send request successfully

01-02-2024T08:57:19 - [MESSAGE][INFO] - HAR: /Users/cucnguyen/git/katalonApiExercise/Reports/20240201_085711/Final Test/20240201_085712/requests/main/1.har

01-02-2024T08:57:19 - [MESSAGE][PASSED] - Send request successfully

01-02-2024T08:57:19 - [TEST_STEP][PASSED] - verifyResponseStatusCode(response, 200, STOP_ON_FAILURE): Verify response status code successfully

01-02-2024T08:57:19 - [MESSAGE][PASSED] - Verify response status code successfully

01-02-2024T08:57:19 - [TEST_STEP][PASSED] - verifyElementPropertyValue(response, "booking.firstname", $firstName): Verify element property value successfully

01-02-2024T08:57:19 - [MESSAGE][PASSED] - Verify element property value successfully

01-02-2024T08:57:19 - [TEST_STEP][PASSED] - verifyElementPropertyValue(response, "booking.lastname", $lastName): Verify element property value successfully

01-02-2024T08:57:19 - [MESSAGE][PASSED] - Verify element property value successfully

01-02-2024T08:57:19 - [TEST_STEP][PASSED] - responseFirstName = getElementPropertyValue(response, "booking.firstname"): null

01-02-2024T08:57:19 - [TEST_STEP][PASSED] - responseLastName = getElementPropertyValue(response, "booking.lastname"): null

01-02-2024T08:57:19 - [TEST_STEP][PASSED] - id = getElementPropertyValue(response, "bookingid"): null

01-02-2024T08:57:19 - [TEST_STEP][PASSED] - responseSearch = sendRequestAndVerify(findTestObject("Object Repository/GET Search booking", ["firstName":responseFirstName, "lastName":responseLastName])): Send request and verify the response successfully

01-02-2024T08:57:20 - [MESSAGE][INFO] - HAR: /Users/cucnguyen/git/katalonApiExercise/Reports/20240201_085711/Final Test/20240201_085712/requests/main/2.har

01-02-2024T08:57:21 - [TEST_CASE][PASSED] - Start Test Case : Verification: Verification accomplished successfully

01-02-2024T08:57:21 - [TEST_STEP][PASSED] - request = getInstance().getCurrentRequest(): null

01-02-2024T08:57:21 - [TEST_STEP][PASSED] - response = getInstance().getCurrentResponse(): null

01-02-2024T08:57:21 - [MESSAGE][PASSED] - Verify response successfully

01-02-2024T08:57:21 - [MESSAGE][PASSED] - All validation steps have been passed

01-02-2024T08:57:21 - [MESSAGE][PASSED] - Send request and verify the response successfully

01-02-2024T08:57:21 - [TEST_STEP][PASSED] - verifyResponseStatusCode(responseSearch, 200, STOP_ON_FAILURE): Verify response status code successfully

01-02-2024T08:57:21 - [MESSAGE][PASSED] - Verify response status code successfully

01-02-2024T08:57:21 - [TEST_STEP][PASSED] - responseBody = responseSearch.getResponseBodyContent(): null

01-02-2024T08:57:21 - [TEST_STEP][PASSED] - jsonResponse = JsonSlurper().parseText(responseBody): null

01-02-2024T08:57:21 - [TEST_STEP][PASSED] - userId = bookingid: null

01-02-2024T08:57:21 - [TEST_STEP][PASSED] - verifyEqual(userId, id): Actual object '2,730' and expected object '2,730' are equal

01-02-2024T08:57:21 - [MESSAGE][PASSED] - Actual object '2,730' and expected object '2,730' are equal

01-02-2024T08:57:21 - [TEST_STEP][PASSED] - countID = jsonResponse.collect({ -> ... }): null

01-02-2024T08:57:21 - [TEST_STEP][PASSED] - expectedNumber = 1: null

01-02-2024T08:57:21 - [TEST_STEP][PASSED] - verifyEqual(countID.size(), expectedNumber): Actual object '1' and expected object '1' are equal

01-02-2024T08:57:21 - [MESSAGE][PASSED] - Actual object '1' and expected object '1' are equal]]></system-out>
         <system-err><![CDATA[]]></system-err>
      </testcase>
      <testcase name="Test Cases/POST Create Multiple Booking" time="3.911" classname="Test Cases/POST Create Multiple Booking" status="PASSED">
         <system-out><![CDATA[01-02-2024T08:57:21 - [TEST_CASE][PASSED] - Test Cases/POST Create Multiple Booking: Test Cases/POST Create Multiple Booking

01-02-2024T08:57:21 - [TEST_STEP][PASSED] - Start setup action : setupTestCase: Method 'setupTestCase' complete successfully

01-02-2024T08:57:21 - [TEST_STEP][PASSED] - callTestCase(findTestCase("Test Cases/POST Create Token"), [:]): Call Test Case 'Test Cases/POST Create Token' successfully

01-02-2024T08:57:21 - [TEST_CASE][PASSED] - Test Cases/POST Create Token: Test Cases/POST Create Token

01-02-2024T08:57:21 - [TEST_STEP][PASSED] - response = sendRequest(findTestObject("POST Create Token")): Send request successfully

01-02-2024T08:57:22 - [MESSAGE][INFO] - HAR: /Users/cucnguyen/git/katalonApiExercise/Reports/20240201_085711/Final Test/20240201_085712/requests/main/3.har

01-02-2024T08:57:22 - [MESSAGE][PASSED] - Send request successfully

01-02-2024T08:57:22 - [TEST_STEP][PASSED] - verifyResponseStatusCode(response, 200): Verify response status code successfully

01-02-2024T08:57:22 - [MESSAGE][PASSED] - Verify response status code successfully

01-02-2024T08:57:22 - [TEST_STEP][PASSED] - responseBody = response.getResponseBodyContent(): null

01-02-2024T08:57:22 - [TEST_STEP][PASSED] - jsonResponse = JsonSlurper().parseText(responseBody): null

01-02-2024T08:57:22 - [TEST_STEP][PASSED] - token = token: null

01-02-2024T08:57:22 - [TEST_STEP][PASSED] - cookie = "token=" + token: null

01-02-2024T08:57:22 - [TEST_STEP][PASSED] - cookie = cookie: null

01-02-2024T08:57:22 - [MESSAGE][PASSED] - Call Test Case 'Test Cases/POST Create Token' successfully

01-02-2024T08:57:22 - [MESSAGE][PASSED] - Method 'setupTestCase' complete successfully

01-02-2024T08:57:22 - [TEST_STEP][PASSED] - response = sendRequest(findTestObject("Object Repository/POST Create Multiple Booking", ["firstName":firstName, "lastName":lastName])): Send request successfully

01-02-2024T08:57:23 - [MESSAGE][INFO] - HAR: /Users/cucnguyen/git/katalonApiExercise/Reports/20240201_085711/Final Test/20240201_085712/requests/main/4.har

01-02-2024T08:57:23 - [MESSAGE][PASSED] - Send request successfully

01-02-2024T08:57:23 - [TEST_STEP][PASSED] - verifyResponseStatusCode(response, 200): Verify response status code successfully

01-02-2024T08:57:23 - [MESSAGE][PASSED] - Verify response status code successfully

01-02-2024T08:57:23 - [TEST_STEP][PASSED] - verifyElementPropertyValue(response, "booking.firstname", $firstName): Verify element property value successfully

01-02-2024T08:57:23 - [MESSAGE][PASSED] - Verify element property value successfully

01-02-2024T08:57:23 - [TEST_STEP][PASSED] - verifyElementPropertyValue(response, "booking.lastname", $lastName): Verify element property value successfully

01-02-2024T08:57:23 - [MESSAGE][PASSED] - Verify element property value successfully

01-02-2024T08:57:23 - [TEST_STEP][PASSED] - id = getElementPropertyValue(response, "bookingid"): null

01-02-2024T08:57:23 - [TEST_STEP][PASSED] - responseGETRequest = sendRequestAndVerify(findTestObject("Object Repository/GET Booking Ids", ["id":id])): Send request and verify the response successfully

01-02-2024T08:57:24 - [MESSAGE][INFO] - HAR: /Users/cucnguyen/git/katalonApiExercise/Reports/20240201_085711/Final Test/20240201_085712/requests/main/5.har

01-02-2024T08:57:25 - [TEST_CASE][PASSED] - Start Test Case : Verification: Verification accomplished successfully

01-02-2024T08:57:25 - [TEST_STEP][PASSED] - request = getInstance().getCurrentRequest(): null

01-02-2024T08:57:25 - [TEST_STEP][PASSED] - response = getInstance().getCurrentResponse(): null

01-02-2024T08:57:25 - [MESSAGE][PASSED] - Verify response successfully

01-02-2024T08:57:25 - [MESSAGE][PASSED] - All validation steps have been passed

01-02-2024T08:57:25 - [MESSAGE][PASSED] - Send request and verify the response successfully

01-02-2024T08:57:25 - [TEST_STEP][PASSED] - verifyResponseStatusCode(responseGETRequest, 200): Verify response status code successfully

01-02-2024T08:57:25 - [MESSAGE][PASSED] - Verify response status code successfully

01-02-2024T08:57:25 - [TEST_STEP][PASSED] - responseBody = responseGETRequest.getResponseBodyContent(): null

01-02-2024T08:57:25 - [TEST_STEP][PASSED] - jsonResponse = JsonSlurper().parseText(responseBody): null

01-02-2024T08:57:25 - [TEST_STEP][PASSED] - firstNameRes = firstname: null

01-02-2024T08:57:25 - [TEST_STEP][PASSED] - lastNameRes = lastname: null

01-02-2024T08:57:25 - [TEST_STEP][PASSED] - verifyEqual(lastNameRes, $lastName): Actual object 'Nguyen' and expected object 'Nguyen' are equal

01-02-2024T08:57:25 - [MESSAGE][PASSED] - Actual object 'Nguyen' and expected object 'Nguyen' are equal

01-02-2024T08:57:25 - [TEST_STEP][PASSED] - verifyEqual(firstNameRes, $firstName): Actual object 'Cuc' and expected object 'Cuc' are equal

01-02-2024T08:57:25 - [MESSAGE][PASSED] - Actual object 'Cuc' and expected object 'Cuc' are equal]]></system-out>
         <system-err><![CDATA[]]></system-err>
      </testcase>
      <testcase name="Test Cases/POST Create Multiple Booking" time="3.308" classname="Test Cases/POST Create Multiple Booking" status="PASSED">
         <system-out><![CDATA[01-02-2024T08:57:25 - [TEST_CASE][PASSED] - Test Cases/POST Create Multiple Booking: Test Cases/POST Create Multiple Booking

01-02-2024T08:57:25 - [TEST_STEP][PASSED] - Start setup action : setupTestCase: Method 'setupTestCase' complete successfully

01-02-2024T08:57:25 - [TEST_STEP][PASSED] - callTestCase(findTestCase("Test Cases/POST Create Token"), [:]): Call Test Case 'Test Cases/POST Create Token' successfully

01-02-2024T08:57:25 - [TEST_CASE][PASSED] - Test Cases/POST Create Token: Test Cases/POST Create Token

01-02-2024T08:57:25 - [TEST_STEP][PASSED] - response = sendRequest(findTestObject("POST Create Token")): Send request successfully

01-02-2024T08:57:26 - [MESSAGE][INFO] - HAR: /Users/cucnguyen/git/katalonApiExercise/Reports/20240201_085711/Final Test/20240201_085712/requests/main/6.har

01-02-2024T08:57:26 - [MESSAGE][PASSED] - Send request successfully

01-02-2024T08:57:26 - [TEST_STEP][PASSED] - verifyResponseStatusCode(response, 200): Verify response status code successfully

01-02-2024T08:57:26 - [MESSAGE][PASSED] - Verify response status code successfully

01-02-2024T08:57:26 - [TEST_STEP][PASSED] - responseBody = response.getResponseBodyContent(): null

01-02-2024T08:57:26 - [TEST_STEP][PASSED] - jsonResponse = JsonSlurper().parseText(responseBody): null

01-02-2024T08:57:26 - [TEST_STEP][PASSED] - token = token: null

01-02-2024T08:57:26 - [TEST_STEP][PASSED] - cookie = "token=" + token: null

01-02-2024T08:57:26 - [TEST_STEP][PASSED] - cookie = cookie: null

01-02-2024T08:57:26 - [MESSAGE][PASSED] - Call Test Case 'Test Cases/POST Create Token' successfully

01-02-2024T08:57:26 - [MESSAGE][PASSED] - Method 'setupTestCase' complete successfully

01-02-2024T08:57:26 - [TEST_STEP][PASSED] - response = sendRequest(findTestObject("Object Repository/POST Create Multiple Booking", ["firstName":firstName, "lastName":lastName])): Send request successfully

01-02-2024T08:57:27 - [MESSAGE][INFO] - HAR: /Users/cucnguyen/git/katalonApiExercise/Reports/20240201_085711/Final Test/20240201_085712/requests/main/7.har

01-02-2024T08:57:27 - [MESSAGE][PASSED] - Send request successfully

01-02-2024T08:57:27 - [TEST_STEP][PASSED] - verifyResponseStatusCode(response, 200): Verify response status code successfully

01-02-2024T08:57:27 - [MESSAGE][PASSED] - Verify response status code successfully

01-02-2024T08:57:27 - [TEST_STEP][PASSED] - verifyElementPropertyValue(response, "booking.firstname", $firstName): Verify element property value successfully

01-02-2024T08:57:27 - [MESSAGE][PASSED] - Verify element property value successfully

01-02-2024T08:57:27 - [TEST_STEP][PASSED] - verifyElementPropertyValue(response, "booking.lastname", $lastName): Verify element property value successfully

01-02-2024T08:57:27 - [MESSAGE][PASSED] - Verify element property value successfully

01-02-2024T08:57:27 - [TEST_STEP][PASSED] - id = getElementPropertyValue(response, "bookingid"): null

01-02-2024T08:57:27 - [TEST_STEP][PASSED] - responseGETRequest = sendRequestAndVerify(findTestObject("Object Repository/GET Booking Ids", ["id":id])): Send request and verify the response successfully

01-02-2024T08:57:28 - [MESSAGE][INFO] - HAR: /Users/cucnguyen/git/katalonApiExercise/Reports/20240201_085711/Final Test/20240201_085712/requests/main/8.har

01-02-2024T08:57:28 - [TEST_CASE][PASSED] - Start Test Case : Verification: Verification accomplished successfully

01-02-2024T08:57:28 - [TEST_STEP][PASSED] - request = getInstance().getCurrentRequest(): null

01-02-2024T08:57:28 - [TEST_STEP][PASSED] - response = getInstance().getCurrentResponse(): null

01-02-2024T08:57:28 - [MESSAGE][PASSED] - Verify response successfully

01-02-2024T08:57:28 - [MESSAGE][PASSED] - All validation steps have been passed

01-02-2024T08:57:28 - [MESSAGE][PASSED] - Send request and verify the response successfully

01-02-2024T08:57:28 - [TEST_STEP][PASSED] - verifyResponseStatusCode(responseGETRequest, 200): Verify response status code successfully

01-02-2024T08:57:28 - [MESSAGE][PASSED] - Verify response status code successfully

01-02-2024T08:57:28 - [TEST_STEP][PASSED] - responseBody = responseGETRequest.getResponseBodyContent(): null

01-02-2024T08:57:28 - [TEST_STEP][PASSED] - jsonResponse = JsonSlurper().parseText(responseBody): null

01-02-2024T08:57:28 - [TEST_STEP][PASSED] - firstNameRes = firstname: null

01-02-2024T08:57:28 - [TEST_STEP][PASSED] - lastNameRes = lastname: null

01-02-2024T08:57:28 - [TEST_STEP][PASSED] - verifyEqual(lastNameRes, $lastName): Actual object 'Chau' and expected object 'Chau' are equal

01-02-2024T08:57:28 - [MESSAGE][PASSED] - Actual object 'Chau' and expected object 'Chau' are equal

01-02-2024T08:57:28 - [TEST_STEP][PASSED] - verifyEqual(firstNameRes, $firstName): Actual object 'Lap' and expected object 'Lap' are equal

01-02-2024T08:57:28 - [MESSAGE][PASSED] - Actual object 'Lap' and expected object 'Lap' are equal]]></system-out>
         <system-err><![CDATA[]]></system-err>
      </testcase>
      <testcase name="Test Cases/POST Create Multiple Booking" time="3.308" classname="Test Cases/POST Create Multiple Booking" status="PASSED">
         <system-out><![CDATA[01-02-2024T08:57:28 - [TEST_CASE][PASSED] - Test Cases/POST Create Multiple Booking: Test Cases/POST Create Multiple Booking

01-02-2024T08:57:28 - [TEST_STEP][PASSED] - Start setup action : setupTestCase: Method 'setupTestCase' complete successfully

01-02-2024T08:57:28 - [TEST_STEP][PASSED] - callTestCase(findTestCase("Test Cases/POST Create Token"), [:]): Call Test Case 'Test Cases/POST Create Token' successfully

01-02-2024T08:57:28 - [TEST_CASE][PASSED] - Test Cases/POST Create Token: Test Cases/POST Create Token

01-02-2024T08:57:28 - [TEST_STEP][PASSED] - response = sendRequest(findTestObject("POST Create Token")): Send request successfully

01-02-2024T08:57:29 - [MESSAGE][INFO] - HAR: /Users/cucnguyen/git/katalonApiExercise/Reports/20240201_085711/Final Test/20240201_085712/requests/main/9.har

01-02-2024T08:57:29 - [MESSAGE][PASSED] - Send request successfully

01-02-2024T08:57:29 - [TEST_STEP][PASSED] - verifyResponseStatusCode(response, 200): Verify response status code successfully

01-02-2024T08:57:29 - [MESSAGE][PASSED] - Verify response status code successfully

01-02-2024T08:57:29 - [TEST_STEP][PASSED] - responseBody = response.getResponseBodyContent(): null

01-02-2024T08:57:29 - [TEST_STEP][PASSED] - jsonResponse = JsonSlurper().parseText(responseBody): null

01-02-2024T08:57:29 - [TEST_STEP][PASSED] - token = token: null

01-02-2024T08:57:29 - [TEST_STEP][PASSED] - cookie = "token=" + token: null

01-02-2024T08:57:29 - [TEST_STEP][PASSED] - cookie = cookie: null

01-02-2024T08:57:29 - [MESSAGE][PASSED] - Call Test Case 'Test Cases/POST Create Token' successfully

01-02-2024T08:57:29 - [MESSAGE][PASSED] - Method 'setupTestCase' complete successfully

01-02-2024T08:57:29 - [TEST_STEP][PASSED] - response = sendRequest(findTestObject("Object Repository/POST Create Multiple Booking", ["firstName":firstName, "lastName":lastName])): Send request successfully

01-02-2024T08:57:30 - [MESSAGE][INFO] - HAR: /Users/cucnguyen/git/katalonApiExercise/Reports/20240201_085711/Final Test/20240201_085712/requests/main/10.har

01-02-2024T08:57:30 - [MESSAGE][PASSED] - Send request successfully

01-02-2024T08:57:30 - [TEST_STEP][PASSED] - verifyResponseStatusCode(response, 200): Verify response status code successfully

01-02-2024T08:57:30 - [MESSAGE][PASSED] - Verify response status code successfully

01-02-2024T08:57:30 - [TEST_STEP][PASSED] - verifyElementPropertyValue(response, "booking.firstname", $firstName): Verify element property value successfully

01-02-2024T08:57:30 - [MESSAGE][PASSED] - Verify element property value successfully

01-02-2024T08:57:30 - [TEST_STEP][PASSED] - verifyElementPropertyValue(response, "booking.lastname", $lastName): Verify element property value successfully

01-02-2024T08:57:30 - [MESSAGE][PASSED] - Verify element property value successfully

01-02-2024T08:57:30 - [TEST_STEP][PASSED] - id = getElementPropertyValue(response, "bookingid"): null

01-02-2024T08:57:30 - [TEST_STEP][PASSED] - responseGETRequest = sendRequestAndVerify(findTestObject("Object Repository/GET Booking Ids", ["id":id])): Send request and verify the response successfully

01-02-2024T08:57:31 - [MESSAGE][INFO] - HAR: /Users/cucnguyen/git/katalonApiExercise/Reports/20240201_085711/Final Test/20240201_085712/requests/main/11.har

01-02-2024T08:57:31 - [TEST_CASE][PASSED] - Start Test Case : Verification: Verification accomplished successfully

01-02-2024T08:57:31 - [TEST_STEP][PASSED] - request = getInstance().getCurrentRequest(): null

01-02-2024T08:57:31 - [TEST_STEP][PASSED] - response = getInstance().getCurrentResponse(): null

01-02-2024T08:57:31 - [MESSAGE][PASSED] - Verify response successfully

01-02-2024T08:57:31 - [MESSAGE][PASSED] - All validation steps have been passed

01-02-2024T08:57:31 - [MESSAGE][PASSED] - Send request and verify the response successfully

01-02-2024T08:57:31 - [TEST_STEP][PASSED] - verifyResponseStatusCode(responseGETRequest, 200): Verify response status code successfully

01-02-2024T08:57:31 - [MESSAGE][PASSED] - Verify response status code successfully

01-02-2024T08:57:31 - [TEST_STEP][PASSED] - responseBody = responseGETRequest.getResponseBodyContent(): null

01-02-2024T08:57:31 - [TEST_STEP][PASSED] - jsonResponse = JsonSlurper().parseText(responseBody): null

01-02-2024T08:57:31 - [TEST_STEP][PASSED] - firstNameRes = firstname: null

01-02-2024T08:57:31 - [TEST_STEP][PASSED] - lastNameRes = lastname: null

01-02-2024T08:57:31 - [TEST_STEP][PASSED] - verifyEqual(lastNameRes, $lastName): Actual object 'Nguyen' and expected object 'Nguyen' are equal

01-02-2024T08:57:31 - [MESSAGE][PASSED] - Actual object 'Nguyen' and expected object 'Nguyen' are equal

01-02-2024T08:57:31 - [TEST_STEP][PASSED] - verifyEqual(firstNameRes, $firstName): Actual object 'Anh' and expected object 'Anh' are equal

01-02-2024T08:57:31 - [MESSAGE][PASSED] - Actual object 'Anh' and expected object 'Anh' are equal]]></system-out>
         <system-err><![CDATA[]]></system-err>
      </testcase>
      <testcase name="Test Cases/PUT Update Booking" time="3.4" classname="Test Cases/PUT Update Booking" status="PASSED">
         <system-out><![CDATA[01-02-2024T08:57:31 - [TEST_CASE][PASSED] - Test Cases/PUT Update Booking: Test Cases/PUT Update Booking

01-02-2024T08:57:31 - [TEST_STEP][PASSED] - Start setup action : setupTestCase: Method 'setupTestCase' complete successfully

01-02-2024T08:57:31 - [TEST_STEP][PASSED] - callTestCase(findTestCase("Test Cases/POST Create Token"), [:]): Call Test Case 'Test Cases/POST Create Token' successfully

01-02-2024T08:57:31 - [TEST_CASE][PASSED] - Test Cases/POST Create Token: Test Cases/POST Create Token

01-02-2024T08:57:31 - [TEST_STEP][PASSED] - response = sendRequest(findTestObject("POST Create Token")): Send request successfully

01-02-2024T08:57:32 - [MESSAGE][INFO] - HAR: /Users/cucnguyen/git/katalonApiExercise/Reports/20240201_085711/Final Test/20240201_085712/requests/main/12.har

01-02-2024T08:57:32 - [MESSAGE][PASSED] - Send request successfully

01-02-2024T08:57:32 - [TEST_STEP][PASSED] - verifyResponseStatusCode(response, 200): Verify response status code successfully

01-02-2024T08:57:32 - [MESSAGE][PASSED] - Verify response status code successfully

01-02-2024T08:57:32 - [TEST_STEP][PASSED] - responseBody = response.getResponseBodyContent(): null

01-02-2024T08:57:32 - [TEST_STEP][PASSED] - jsonResponse = JsonSlurper().parseText(responseBody): null

01-02-2024T08:57:32 - [TEST_STEP][PASSED] - token = token: null

01-02-2024T08:57:32 - [TEST_STEP][PASSED] - cookie = "token=" + token: null

01-02-2024T08:57:32 - [TEST_STEP][PASSED] - cookie = cookie: null

01-02-2024T08:57:32 - [MESSAGE][PASSED] - Call Test Case 'Test Cases/POST Create Token' successfully

01-02-2024T08:57:32 - [MESSAGE][PASSED] - Method 'setupTestCase' complete successfully

01-02-2024T08:57:32 - [TEST_STEP][PASSED] - firstName = sample.Common.generateRandomString(): sample.Common.generateRandomString is PASSED

01-02-2024T08:57:32 - [MESSAGE][PASSED] - sample.Common.generateRandomString is PASSED

01-02-2024T08:57:32 - [TEST_STEP][PASSED] - lastName = sample.Common.generateRandomString(): sample.Common.generateRandomString is PASSED

01-02-2024T08:57:32 - [MESSAGE][PASSED] - sample.Common.generateRandomString is PASSED

01-02-2024T08:57:32 - [TEST_STEP][PASSED] - response = sendRequest(findTestObject("Object Repository/POST Create booking", ["firstName":firstName, "lastName":lastName])): Send request successfully

01-02-2024T08:57:33 - [MESSAGE][INFO] - HAR: /Users/cucnguyen/git/katalonApiExercise/Reports/20240201_085711/Final Test/20240201_085712/requests/main/13.har

01-02-2024T08:57:33 - [MESSAGE][PASSED] - Send request successfully

01-02-2024T08:57:33 - [TEST_STEP][PASSED] - verifyResponseStatusCode(response, 200, STOP_ON_FAILURE): Verify response status code successfully

01-02-2024T08:57:33 - [MESSAGE][PASSED] - Verify response status code successfully

01-02-2024T08:57:33 - [TEST_STEP][PASSED] - verifyElementPropertyValue(response, "booking.firstname", $firstName): Verify element property value successfully

01-02-2024T08:57:33 - [MESSAGE][PASSED] - Verify element property value successfully

01-02-2024T08:57:33 - [TEST_STEP][PASSED] - verifyElementPropertyValue(response, "booking.lastname", $lastName): Verify element property value successfully

01-02-2024T08:57:33 - [MESSAGE][PASSED] - Verify element property value successfully

01-02-2024T08:57:33 - [TEST_STEP][PASSED] - id = getElementPropertyValue(response, "bookingid"): null

01-02-2024T08:57:34 - [TEST_STEP][PASSED] - firstNameUpdate = $firstNameUpdate: null

01-02-2024T08:57:34 - [TEST_STEP][PASSED] - lastNameUpdate = $lastNameUpdate: null

01-02-2024T08:57:34 - [TEST_STEP][PASSED] - responseObject = sendRequest(findTestObject("Object Repository/PUT Update Booking", ["id":id, "firstNameUpdate":firstNameUpdate, "lastNameUpdate":lastNameUpdate])): Send request successfully

01-02-2024T08:57:35 - [MESSAGE][INFO] - HAR: /Users/cucnguyen/git/katalonApiExercise/Reports/20240201_085711/Final Test/20240201_085712/requests/main/14.har

01-02-2024T08:57:35 - [MESSAGE][PASSED] - Send request successfully

01-02-2024T08:57:35 - [TEST_STEP][PASSED] - verifyResponseStatusCode(responseObject, 200, STOP_ON_FAILURE): Verify response status code successfully

01-02-2024T08:57:35 - [MESSAGE][PASSED] - Verify response status code successfully

01-02-2024T08:57:35 - [TEST_STEP][PASSED] - responseBody = responseObject.getResponseBodyContent(): null

01-02-2024T08:57:35 - [TEST_STEP][PASSED] - jsonResponse = JsonSlurper().parseText(responseBody): null

01-02-2024T08:57:35 - [TEST_STEP][PASSED] - firstNameRes = firstname: null

01-02-2024T08:57:35 - [TEST_STEP][PASSED] - lastNameRes = lastname: null

01-02-2024T08:57:35 - [TEST_STEP][PASSED] - verifyEqual(lastNameRes, lastNameUpdate): Actual object 'Nguyen' and expected object 'Nguyen' are equal

01-02-2024T08:57:35 - [MESSAGE][PASSED] - Actual object 'Nguyen' and expected object 'Nguyen' are equal

01-02-2024T08:57:35 - [TEST_STEP][PASSED] - verifyEqual(firstNameRes, firstNameUpdate): Actual object 'Cuc' and expected object 'Cuc' are equal

01-02-2024T08:57:35 - [MESSAGE][PASSED] - Actual object 'Cuc' and expected object 'Cuc' are equal]]></system-out>
         <system-err><![CDATA[]]></system-err>
      </testcase>
      <testcase name="Test Cases/Ex 4- PATCH_DELETE Booking" time="5.598" classname="Test Cases/Ex 4- PATCH_DELETE Booking" status="PASSED">
         <system-out><![CDATA[01-02-2024T08:57:35 - [TEST_CASE][PASSED] - Test Cases/Ex 4- PATCH_DELETE Booking: Test Cases/Ex 4- PATCH_DELETE Booking

01-02-2024T08:57:35 - [TEST_STEP][PASSED] - Start setup action : setupTestCase: Method 'setupTestCase' complete successfully

01-02-2024T08:57:35 - [TEST_STEP][PASSED] - callTestCase(findTestCase("Test Cases/POST Create Token"), [:]): Call Test Case 'Test Cases/POST Create Token' successfully

01-02-2024T08:57:35 - [TEST_CASE][PASSED] - Test Cases/POST Create Token: Test Cases/POST Create Token

01-02-2024T08:57:35 - [TEST_STEP][PASSED] - response = sendRequest(findTestObject("POST Create Token")): Send request successfully

01-02-2024T08:57:36 - [MESSAGE][INFO] - HAR: /Users/cucnguyen/git/katalonApiExercise/Reports/20240201_085711/Final Test/20240201_085712/requests/main/15.har

01-02-2024T08:57:36 - [MESSAGE][PASSED] - Send request successfully

01-02-2024T08:57:36 - [TEST_STEP][PASSED] - verifyResponseStatusCode(response, 200): Verify response status code successfully

01-02-2024T08:57:36 - [MESSAGE][PASSED] - Verify response status code successfully

01-02-2024T08:57:36 - [TEST_STEP][PASSED] - responseBody = response.getResponseBodyContent(): null

01-02-2024T08:57:36 - [TEST_STEP][PASSED] - jsonResponse = JsonSlurper().parseText(responseBody): null

01-02-2024T08:57:36 - [TEST_STEP][PASSED] - token = token: null

01-02-2024T08:57:36 - [TEST_STEP][PASSED] - cookie = "token=" + token: null

01-02-2024T08:57:36 - [TEST_STEP][PASSED] - cookie = cookie: null

01-02-2024T08:57:36 - [MESSAGE][PASSED] - Call Test Case 'Test Cases/POST Create Token' successfully

01-02-2024T08:57:36 - [MESSAGE][PASSED] - Method 'setupTestCase' complete successfully

01-02-2024T08:57:36 - [TEST_STEP][PASSED] - firstName = sample.Common.generateRandomString(): sample.Common.generateRandomString is PASSED

01-02-2024T08:57:36 - [MESSAGE][PASSED] - sample.Common.generateRandomString is PASSED

01-02-2024T08:57:36 - [TEST_STEP][PASSED] - lastName = sample.Common.generateRandomString(): sample.Common.generateRandomString is PASSED

01-02-2024T08:57:36 - [MESSAGE][PASSED] - sample.Common.generateRandomString is PASSED

01-02-2024T08:57:36 - [TEST_STEP][PASSED] - response = sendRequest(findTestObject("Object Repository/POST Create booking", ["firstName":firstName, "lastName":lastName])): Send request successfully

01-02-2024T08:57:37 - [MESSAGE][INFO] - HAR: /Users/cucnguyen/git/katalonApiExercise/Reports/20240201_085711/Final Test/20240201_085712/requests/main/16.har

01-02-2024T08:57:37 - [MESSAGE][PASSED] - Send request successfully

01-02-2024T08:57:37 - [TEST_STEP][PASSED] - verifyResponseStatusCode(response, 200, STOP_ON_FAILURE): Verify response status code successfully

01-02-2024T08:57:37 - [MESSAGE][PASSED] - Verify response status code successfully

01-02-2024T08:57:37 - [TEST_STEP][PASSED] - verifyElementPropertyValue(response, "booking.firstname", $firstName): Verify element property value successfully

01-02-2024T08:57:37 - [MESSAGE][PASSED] - Verify element property value successfully

01-02-2024T08:57:37 - [TEST_STEP][PASSED] - verifyElementPropertyValue(response, "booking.lastname", $lastName): Verify element property value successfully

01-02-2024T08:57:37 - [MESSAGE][PASSED] - Verify element property value successfully

01-02-2024T08:57:37 - [TEST_STEP][PASSED] - id = getElementPropertyValue(response, "bookingid"): null

01-02-2024T08:57:37 - [TEST_STEP][PASSED] - firstNameUpdate = $firstNameUpdate: null

01-02-2024T08:57:37 - [TEST_STEP][PASSED] - lastNameUpdate = $lastNameUpdate: null

01-02-2024T08:57:37 - [TEST_STEP][PASSED] - responseObject = sendRequest(findTestObject("Object Repository/PATCH Update Booking", ["id":id, "fName":firstNameUpdate, "lName":lastNameUpdate])): Send request successfully

01-02-2024T08:57:38 - [MESSAGE][INFO] - HAR: /Users/cucnguyen/git/katalonApiExercise/Reports/20240201_085711/Final Test/20240201_085712/requests/main/17.har

01-02-2024T08:57:38 - [MESSAGE][PASSED] - Send request successfully

01-02-2024T08:57:38 - [TEST_STEP][PASSED] - verifyResponseStatusCode(responseObject, 200, STOP_ON_FAILURE): Verify response status code successfully

01-02-2024T08:57:38 - [MESSAGE][PASSED] - Verify response status code successfully

01-02-2024T08:57:38 - [TEST_STEP][PASSED] - responseBody = responseObject.getResponseBodyContent(): null

01-02-2024T08:57:38 - [TEST_STEP][PASSED] - jsonResponse = JsonSlurper().parseText(responseBody): null

01-02-2024T08:57:38 - [TEST_STEP][PASSED] - firstNameRes = firstname: null

01-02-2024T08:57:38 - [TEST_STEP][PASSED] - lastNameRes = lastname: null

01-02-2024T08:57:38 - [TEST_STEP][PASSED] - verifyEqual(lastNameRes, lastNameUpdate): Actual object 'Tung' and expected object 'Tung' are equal

01-02-2024T08:57:38 - [MESSAGE][PASSED] - Actual object 'Tung' and expected object 'Tung' are equal

01-02-2024T08:57:38 - [TEST_STEP][PASSED] - verifyEqual(firstNameRes, firstNameUpdate): Actual object 'Son' and expected object 'Son' are equal

01-02-2024T08:57:38 - [MESSAGE][PASSED] - Actual object 'Son' and expected object 'Son' are equal

01-02-2024T08:57:38 - [TEST_STEP][PASSED] - jsonPass = "
{
  "$id": "https://example.com/booking.schema.json",
  "$schema": "https://json-schema.org/draft/2020-12/schema",
  "type": "object",
  "properties": {
    "firstname": { "type": "string" },
    "lastname": { "type": "string" },
    "totalprice": { "type": "integer" },
    "depositpaid": { "type": "boolean" },
    "bookingdates": {
      "type": "object",
      "properties": {
        "checkin": { "type": "string", "format": "date" },
        "checkout": { "type": "string", "format": "date" }
      },
      "required": ["checkin", "checkout"]
    },
    "additionalneeds": { "type": "string" }
  },
  "required": ["firstname", "lastname", "totalprice", "depositpaid", "bookingdates", "additionalneeds"]
}
": null

01-02-2024T08:57:38 - [TEST_STEP][PASSED] - successful = validateJsonAgainstSchema(responseObject, jsonPass): Validate with JSON Schema successfully

01-02-2024T08:57:38 - [MESSAGE][PASSED] - Validate with JSON Schema successfully

01-02-2024T08:57:38 - [TEST_STEP][PASSED] - verifyEqual(successful, true): Actual object 'true' and expected object 'true' are equal

01-02-2024T08:57:38 - [MESSAGE][PASSED] - Actual object 'true' and expected object 'true' are equal

01-02-2024T08:57:38 - [TEST_STEP][PASSED] - responseDelete = sendRequest(findTestObject("Object Repository/DELETE Booking", ["id":id])): Send request successfully

01-02-2024T08:57:39 - [MESSAGE][INFO] - HAR: /Users/cucnguyen/git/katalonApiExercise/Reports/20240201_085711/Final Test/20240201_085712/requests/main/18.har

01-02-2024T08:57:39 - [MESSAGE][PASSED] - Send request successfully

01-02-2024T08:57:39 - [TEST_STEP][PASSED] - verifyResponseStatusCode(responseDelete, 201, STOP_ON_FAILURE): Verify response status code successfully

01-02-2024T08:57:39 - [MESSAGE][PASSED] - Verify response status code successfully

01-02-2024T08:57:39 - [TEST_STEP][PASSED] - assert getResponseBodyContent().contains("Created"): null

01-02-2024T08:57:39 - [TEST_STEP][PASSED] - responseGETRequest = sendRequestAndVerify(findTestObject("Object Repository/GET Booking Ids", ["id":id])): Send request and verify the response successfully

01-02-2024T08:57:40 - [MESSAGE][INFO] - HAR: /Users/cucnguyen/git/katalonApiExercise/Reports/20240201_085711/Final Test/20240201_085712/requests/main/19.har

01-02-2024T08:57:40 - [TEST_CASE][PASSED] - Start Test Case : Verification: Verification accomplished successfully

01-02-2024T08:57:40 - [TEST_STEP][PASSED] - request = getInstance().getCurrentRequest(): null

01-02-2024T08:57:40 - [TEST_STEP][PASSED] - response = getInstance().getCurrentResponse(): null

01-02-2024T08:57:40 - [MESSAGE][PASSED] - Verify response successfully

01-02-2024T08:57:40 - [MESSAGE][PASSED] - All validation steps have been passed

01-02-2024T08:57:40 - [MESSAGE][PASSED] - Send request and verify the response successfully

01-02-2024T08:57:40 - [TEST_STEP][PASSED] - verifyResponseStatusCode(responseGETRequest, 404, STOP_ON_FAILURE): Verify response status code successfully

01-02-2024T08:57:40 - [MESSAGE][PASSED] - Verify response status code successfully

01-02-2024T08:57:40 - [TEST_STEP][PASSED] - assert getResponseBodyContent().contains("Not Found"): null]]></system-out>
         <system-err><![CDATA[]]></system-err>
      </testcase>
      <system-out><![CDATA[01-02-2024T08:57:16 - [TEST_SUITE][PASSED] - Final Test: Test Cases/Ex 4- PATCH_DELETE Booking]]></system-out>
      <system-err><![CDATA[]]></system-err>
   </testsuite>
</testsuites>
