<?xml version="1.0" encoding="UTF-8"?>
<testsuites name="Exercise 4" time="6.304" tests="1" failures="0" errors="0">
   <testsuite name="Exercise 4" tests="1" failures="0" errors="0" time="6.304" skipped="0" timestamp="24-01-2024T20:36:03" hostname="cucnguyen - localhost" id="Test Suites/Exercise 4">
      <properties>
         <property name="deviceName" value=""/>
         <property name="devicePlatform" value=""/>
         <property name="logFolder" value="/Users/cucnguyen/git/katalonApiExercise/Reports/20240124_203556/Exercise 4/20240124_203557"/>
         <property name="logFiles" value="/Users/cucnguyen/git/katalonApiExercise/Reports/20240124_203556/Exercise 4/20240124_203557/execution0.log"/>
         <property name="attachments" value=""/>
         <property name="hostName" value="cucnguyen - localhost"/>
         <property name="hostAddress" value="127.0.0.1"/>
         <property name="os" value="Mac OS X 64bit"/>
         <property name="katalonVersion" value="9.1.0.212"/>
      </properties>
      <testcase name="Test Cases/Ex 4- PATCH_DELETE Booking" time="3.677" classname="Test Cases/Ex 4- PATCH_DELETE Booking" status="PASSED">
         <system-out><![CDATA[24-01-2024T20:36:06 - [TEST_CASE][PASSED] - Test Cases/Ex 4- PATCH_DELETE Booking: Test Cases/Ex 4- PATCH_DELETE Booking

24-01-2024T20:36:06 - [TEST_STEP][PASSED] - firstName = sample.Common.generateRandomString(): sample.Common.generateRandomString is PASSED

24-01-2024T20:36:06 - [MESSAGE][PASSED] - sample.Common.generateRandomString is PASSED

24-01-2024T20:36:06 - [TEST_STEP][PASSED] - lastName = sample.Common.generateRandomString(): sample.Common.generateRandomString is PASSED

24-01-2024T20:36:06 - [MESSAGE][PASSED] - sample.Common.generateRandomString is PASSED

24-01-2024T20:36:06 - [TEST_STEP][PASSED] - response = sendRequest(findTestObject("Object Repository/POST Create booking", ["firstName":firstName, "lastName":lastName])): Send request successfully

24-01-2024T20:36:08 - [MESSAGE][INFO] - HAR: /Users/cucnguyen/git/katalonApiExercise/Reports/20240124_203556/Exercise 4/20240124_203557/requests/main/1.har

24-01-2024T20:36:08 - [MESSAGE][PASSED] - Send request successfully

24-01-2024T20:36:08 - [TEST_STEP][PASSED] - verifyResponseStatusCode(response, 200): Verify response status code successfully

24-01-2024T20:36:08 - [MESSAGE][PASSED] - Verify response status code successfully

24-01-2024T20:36:08 - [TEST_STEP][PASSED] - verifyElementPropertyValue(response, "booking.firstname", $firstName): Verify element property value successfully

24-01-2024T20:36:08 - [MESSAGE][PASSED] - Verify element property value successfully

24-01-2024T20:36:08 - [TEST_STEP][PASSED] - verifyElementPropertyValue(response, "booking.lastname", $lastName): Verify element property value successfully

24-01-2024T20:36:08 - [MESSAGE][PASSED] - Verify element property value successfully

24-01-2024T20:36:08 - [TEST_STEP][PASSED] - id = getElementPropertyValue(response, "bookingid"): null

24-01-2024T20:36:08 - [TEST_STEP][PASSED] - firstNameUpdate = $firstNameUpdate: null

24-01-2024T20:36:08 - [TEST_STEP][PASSED] - lastNameUpdate = $lastNameUpdate: null

24-01-2024T20:36:08 - [TEST_STEP][PASSED] - responseObject = sendRequest(findTestObject("Object Repository/PATCH Update Booking", ["id":id, "fName":firstNameUpdate, "lName":lastNameUpdate])): Send request successfully

24-01-2024T20:36:10 - [MESSAGE][INFO] - HAR: /Users/cucnguyen/git/katalonApiExercise/Reports/20240124_203556/Exercise 4/20240124_203557/requests/main/2.har

24-01-2024T20:36:10 - [MESSAGE][PASSED] - Send request successfully]]></system-out>
         <system-err><![CDATA[]]></system-err>
      </testcase>
      <system-out><![CDATA[24-01-2024T20:36:03 - [TEST_SUITE][PASSED] - Exercise 4: Test Cases/Ex 4- PATCH_DELETE Booking]]></system-out>
      <system-err><![CDATA[]]></system-err>
   </testsuite>
</testsuites>
