<?xml version="1.0" encoding="UTF-8"?>
<testsuites name="Final Test" time="25.151" tests="6" failures="0" errors="0">
   <testsuite name="Final Test" tests="6" failures="0" errors="0" time="25.151" skipped="0" timestamp="31-01-2024T22:08:48" hostname="cucnguyen - 192.168.2.9" id="Test Suites/Final Test">
      <properties>
         <property name="deviceName" value=""/>
         <property name="devicePlatform" value=""/>
         <property name="logFolder" value="/Users/cucnguyen/git/katalonApiExercise/Reports/20240131_220843/Final Test/20240131_220843"/>
         <property name="logFiles" value="/Users/cucnguyen/git/katalonApiExercise/Reports/20240131_220843/Final Test/20240131_220843/execution0.log"/>
         <property name="attachments" value=""/>
         <property name="hostName" value="cucnguyen - 192.168.2.9"/>
         <property name="hostAddress" value="192.168.2.9"/>
         <property name="os" value="Mac OS X 64bit"/>
         <property name="katalonVersion" value="9.1.0.212"/>
      </properties>
      <testcase name="Test Cases/POST Create booking" time="4.745" classname="Test Cases/POST Create booking" status="PASSED">
         <system-out><![CDATA[31-01-2024T22:08:48 - [TEST_CASE][PASSED] - Test Cases/POST Create booking: Test Cases/POST Create booking

31-01-2024T22:08:48 - [TEST_STEP][PASSED] - Start setup action : setupTestCase: Method 'setupTestCase' complete successfully

31-01-2024T22:08:48 - [TEST_STEP][PASSED] - callTestCase(findTestCase("Test Cases/POST Create Token"), [:]): Call Test Case 'Test Cases/POST Create Token' successfully

31-01-2024T22:08:48 - [TEST_CASE][PASSED] - Test Cases/POST Create Token: Test Cases/POST Create Token

31-01-2024T22:08:49 - [TEST_STEP][PASSED] - response = sendRequest(findTestObject("POST Create Token")): Send request successfully

31-01-2024T22:08:50 - [MESSAGE][INFO] - HAR: /Users/cucnguyen/git/katalonApiExercise/Reports/20240131_220843/Final Test/20240131_220843/requests/main/0.har

31-01-2024T22:08:50 - [MESSAGE][PASSED] - Send request successfully

31-01-2024T22:08:50 - [TEST_STEP][PASSED] - verifyResponseStatusCode(response, 200): Verify response status code successfully

31-01-2024T22:08:50 - [MESSAGE][PASSED] - Verify response status code successfully

31-01-2024T22:08:50 - [TEST_STEP][PASSED] - responseBody = response.getResponseBodyContent(): null

31-01-2024T22:08:50 - [TEST_STEP][PASSED] - jsonResponse = JsonSlurper().parseText(responseBody): null

31-01-2024T22:08:50 - [TEST_STEP][PASSED] - token = token: null

31-01-2024T22:08:50 - [TEST_STEP][PASSED] - cookie = "token=" + token: null

31-01-2024T22:08:50 - [TEST_STEP][PASSED] - cookie = cookie: null

31-01-2024T22:08:50 - [MESSAGE][PASSED] - Call Test Case 'Test Cases/POST Create Token' successfully

31-01-2024T22:08:50 - [MESSAGE][PASSED] - Method 'setupTestCase' complete successfully

31-01-2024T22:08:50 - [TEST_STEP][PASSED] - firstName = sample.Common.generateRandomString(): sample.Common.generateRandomString is PASSED

31-01-2024T22:08:50 - [MESSAGE][PASSED] - sample.Common.generateRandomString is PASSED

31-01-2024T22:08:50 - [TEST_STEP][PASSED] - lastName = sample.Common.generateRandomString(): sample.Common.generateRandomString is PASSED

31-01-2024T22:08:50 - [MESSAGE][PASSED] - sample.Common.generateRandomString is PASSED

31-01-2024T22:08:50 - [TEST_STEP][PASSED] - response = sendRequest(findTestObject("Object Repository/POST Create booking", ["firstName":firstName, "lastName":lastName])): Send request successfully

31-01-2024T22:08:51 - [MESSAGE][INFO] - HAR: /Users/cucnguyen/git/katalonApiExercise/Reports/20240131_220843/Final Test/20240131_220843/requests/main/1.har

31-01-2024T22:08:51 - [MESSAGE][PASSED] - Send request successfully

31-01-2024T22:08:51 - [TEST_STEP][PASSED] - verifyResponseStatusCode(response, 200, STOP_ON_FAILURE): Verify response status code successfully

31-01-2024T22:08:51 - [MESSAGE][PASSED] - Verify response status code successfully

31-01-2024T22:08:51 - [TEST_STEP][PASSED] - verifyElementPropertyValue(response, "booking.firstname", $firstName): Verify element property value successfully

31-01-2024T22:08:52 - [MESSAGE][PASSED] - Verify element property value successfully

31-01-2024T22:08:52 - [TEST_STEP][PASSED] - verifyElementPropertyValue(response, "booking.lastname", $lastName): Verify element property value successfully

31-01-2024T22:08:52 - [MESSAGE][PASSED] - Verify element property value successfully

31-01-2024T22:08:52 - [TEST_STEP][PASSED] - responseFirstName = getElementPropertyValue(response, "booking.firstname"): null

31-01-2024T22:08:52 - [TEST_STEP][PASSED] - responseLastName = getElementPropertyValue(response, "booking.lastname"): null

31-01-2024T22:08:52 - [TEST_STEP][PASSED] - id = getElementPropertyValue(response, "bookingid"): null

31-01-2024T22:08:52 - [TEST_STEP][PASSED] - responseSearch = sendRequest(findTestObject("Object Repository/GET Search booking", ["firstName":responseFirstName, "lastName":responseLastName])): Send request successfully

31-01-2024T22:08:53 - [MESSAGE][INFO] - HAR: /Users/cucnguyen/git/katalonApiExercise/Reports/20240131_220843/Final Test/20240131_220843/requests/main/2.har

31-01-2024T22:08:53 - [MESSAGE][PASSED] - Send request successfully

31-01-2024T22:08:53 - [TEST_STEP][PASSED] - verifyResponseStatusCode(responseSearch, 200, STOP_ON_FAILURE): Verify response status code successfully

31-01-2024T22:08:53 - [MESSAGE][PASSED] - Verify response status code successfully

31-01-2024T22:08:53 - [TEST_STEP][PASSED] - responseBody = responseSearch.getResponseBodyContent(): null

31-01-2024T22:08:53 - [TEST_STEP][PASSED] - jsonResponse = JsonSlurper().parseText(responseBody): null

31-01-2024T22:08:53 - [TEST_STEP][PASSED] - userId = bookingid: null

31-01-2024T22:08:53 - [TEST_STEP][PASSED] - verifyEqual(userId, id): Actual object '3,002' and expected object '3,002' are equal

31-01-2024T22:08:53 - [MESSAGE][PASSED] - Actual object '3,002' and expected object '3,002' are equal

31-01-2024T22:08:53 - [TEST_STEP][PASSED] - countID = jsonResponse.collect({ -> ... }): null

31-01-2024T22:08:53 - [TEST_STEP][PASSED] - expectedNumber = 1: null

31-01-2024T22:08:53 - [TEST_STEP][PASSED] - verifyEqual(countID.size(), expectedNumber): Actual object '1' and expected object '1' are equal

31-01-2024T22:08:53 - [MESSAGE][PASSED] - Actual object '1' and expected object '1' are equal]]></system-out>
         <system-err><![CDATA[]]></system-err>
      </testcase>
      <testcase name="Test Cases/POST Create Multiple Booking" time="3.479" classname="Test Cases/POST Create Multiple Booking" status="PASSED">
         <system-out><![CDATA[31-01-2024T22:08:53 - [TEST_CASE][PASSED] - Test Cases/POST Create Multiple Booking: Test Cases/POST Create Multiple Booking

31-01-2024T22:08:53 - [TEST_STEP][PASSED] - Start setup action : setupTestCase: Method 'setupTestCase' complete successfully

31-01-2024T22:08:53 - [TEST_STEP][PASSED] - callTestCase(findTestCase("Test Cases/POST Create Token"), [:]): Call Test Case 'Test Cases/POST Create Token' successfully

31-01-2024T22:08:53 - [TEST_CASE][PASSED] - Test Cases/POST Create Token: Test Cases/POST Create Token

31-01-2024T22:08:53 - [TEST_STEP][PASSED] - response = sendRequest(findTestObject("POST Create Token")): Send request successfully

31-01-2024T22:08:54 - [MESSAGE][INFO] - HAR: /Users/cucnguyen/git/katalonApiExercise/Reports/20240131_220843/Final Test/20240131_220843/requests/main/3.har

31-01-2024T22:08:54 - [MESSAGE][PASSED] - Send request successfully

31-01-2024T22:08:54 - [TEST_STEP][PASSED] - verifyResponseStatusCode(response, 200): Verify response status code successfully

31-01-2024T22:08:54 - [MESSAGE][PASSED] - Verify response status code successfully

31-01-2024T22:08:54 - [TEST_STEP][PASSED] - responseBody = response.getResponseBodyContent(): null

31-01-2024T22:08:54 - [TEST_STEP][PASSED] - jsonResponse = JsonSlurper().parseText(responseBody): null

31-01-2024T22:08:54 - [TEST_STEP][PASSED] - token = token: null

31-01-2024T22:08:54 - [TEST_STEP][PASSED] - cookie = "token=" + token: null

31-01-2024T22:08:54 - [TEST_STEP][PASSED] - cookie = cookie: null

31-01-2024T22:08:54 - [MESSAGE][PASSED] - Call Test Case 'Test Cases/POST Create Token' successfully

31-01-2024T22:08:54 - [MESSAGE][PASSED] - Method 'setupTestCase' complete successfully

31-01-2024T22:08:54 - [TEST_STEP][PASSED] - response = sendRequest(findTestObject("Object Repository/POST Create Multiple Booking", ["firstName":firstName, "lastName":lastName])): Send request successfully

31-01-2024T22:08:55 - [MESSAGE][INFO] - HAR: /Users/cucnguyen/git/katalonApiExercise/Reports/20240131_220843/Final Test/20240131_220843/requests/main/4.har

31-01-2024T22:08:55 - [MESSAGE][PASSED] - Send request successfully

31-01-2024T22:08:55 - [TEST_STEP][PASSED] - verifyResponseStatusCode(response, 200): Verify response status code successfully

31-01-2024T22:08:55 - [MESSAGE][PASSED] - Verify response status code successfully

31-01-2024T22:08:55 - [TEST_STEP][PASSED] - verifyElementPropertyValue(response, "booking.firstname", $firstName): Verify element property value successfully

31-01-2024T22:08:55 - [MESSAGE][PASSED] - Verify element property value successfully

31-01-2024T22:08:55 - [TEST_STEP][PASSED] - verifyElementPropertyValue(response, "booking.lastname", $lastName): Verify element property value successfully

31-01-2024T22:08:55 - [MESSAGE][PASSED] - Verify element property value successfully

31-01-2024T22:08:55 - [TEST_STEP][PASSED] - id = getElementPropertyValue(response, "bookingid"): null

31-01-2024T22:08:55 - [TEST_STEP][PASSED] - responseGETRequest = sendRequestAndVerify(findTestObject("Object Repository/GET Booking Ids", ["id":id])): Send request and verify the response successfully

31-01-2024T22:08:56 - [MESSAGE][INFO] - HAR: /Users/cucnguyen/git/katalonApiExercise/Reports/20240131_220843/Final Test/20240131_220843/requests/main/5.har

31-01-2024T22:08:56 - [TEST_CASE][PASSED] - Start Test Case : Verification: Verification accomplished successfully

31-01-2024T22:08:56 - [TEST_STEP][PASSED] - request = getInstance().getCurrentRequest(): null

31-01-2024T22:08:56 - [TEST_STEP][PASSED] - response = getInstance().getCurrentResponse(): null

31-01-2024T22:08:57 - [MESSAGE][PASSED] - Verify response successfully

31-01-2024T22:08:57 - [MESSAGE][PASSED] - All validation steps have been passed

31-01-2024T22:08:57 - [MESSAGE][PASSED] - Send request and verify the response successfully

31-01-2024T22:08:57 - [TEST_STEP][PASSED] - verifyResponseStatusCode(responseGETRequest, 200): Verify response status code successfully

31-01-2024T22:08:57 - [MESSAGE][PASSED] - Verify response status code successfully

31-01-2024T22:08:57 - [TEST_STEP][PASSED] - responseBody = responseGETRequest.getResponseBodyContent(): null

31-01-2024T22:08:57 - [TEST_STEP][PASSED] - jsonResponse = JsonSlurper().parseText(responseBody): null

31-01-2024T22:08:57 - [TEST_STEP][PASSED] - firstNameRes = firstname: null

31-01-2024T22:08:57 - [TEST_STEP][PASSED] - lastNameRes = lastname: null

31-01-2024T22:08:57 - [TEST_STEP][PASSED] - println("RESPONE: " + jsonResponse): null

31-01-2024T22:08:57 - [TEST_STEP][PASSED] - verifyEqual(lastNameRes, $lastName): Actual object 'Nguyen' and expected object 'Nguyen' are equal

31-01-2024T22:08:57 - [MESSAGE][PASSED] - Actual object 'Nguyen' and expected object 'Nguyen' are equal

31-01-2024T22:08:57 - [TEST_STEP][PASSED] - verifyEqual(firstNameRes, $firstName): Actual object 'Cuc' and expected object 'Cuc' are equal

31-01-2024T22:08:57 - [MESSAGE][PASSED] - Actual object 'Cuc' and expected object 'Cuc' are equal]]></system-out>
         <system-err><![CDATA[]]></system-err>
      </testcase>
      <testcase name="Test Cases/POST Create Multiple Booking" time="3.793" classname="Test Cases/POST Create Multiple Booking" status="PASSED">
         <system-out><![CDATA[31-01-2024T22:08:57 - [TEST_CASE][PASSED] - Test Cases/POST Create Multiple Booking: Test Cases/POST Create Multiple Booking

31-01-2024T22:08:57 - [TEST_STEP][PASSED] - Start setup action : setupTestCase: Method 'setupTestCase' complete successfully

31-01-2024T22:08:57 - [TEST_STEP][PASSED] - callTestCase(findTestCase("Test Cases/POST Create Token"), [:]): Call Test Case 'Test Cases/POST Create Token' successfully

31-01-2024T22:08:57 - [TEST_CASE][PASSED] - Test Cases/POST Create Token: Test Cases/POST Create Token

31-01-2024T22:08:57 - [TEST_STEP][PASSED] - response = sendRequest(findTestObject("POST Create Token")): Send request successfully

31-01-2024T22:08:58 - [MESSAGE][INFO] - HAR: /Users/cucnguyen/git/katalonApiExercise/Reports/20240131_220843/Final Test/20240131_220843/requests/main/6.har

31-01-2024T22:08:58 - [MESSAGE][PASSED] - Send request successfully

31-01-2024T22:08:58 - [TEST_STEP][PASSED] - verifyResponseStatusCode(response, 200): Verify response status code successfully

31-01-2024T22:08:58 - [MESSAGE][PASSED] - Verify response status code successfully

31-01-2024T22:08:58 - [TEST_STEP][PASSED] - responseBody = response.getResponseBodyContent(): null

31-01-2024T22:08:58 - [TEST_STEP][PASSED] - jsonResponse = JsonSlurper().parseText(responseBody): null

31-01-2024T22:08:58 - [TEST_STEP][PASSED] - token = token: null

31-01-2024T22:08:58 - [TEST_STEP][PASSED] - cookie = "token=" + token: null

31-01-2024T22:08:58 - [TEST_STEP][PASSED] - cookie = cookie: null

31-01-2024T22:08:58 - [MESSAGE][PASSED] - Call Test Case 'Test Cases/POST Create Token' successfully

31-01-2024T22:08:58 - [MESSAGE][PASSED] - Method 'setupTestCase' complete successfully

31-01-2024T22:08:58 - [TEST_STEP][PASSED] - response = sendRequest(findTestObject("Object Repository/POST Create Multiple Booking", ["firstName":firstName, "lastName":lastName])): Send request successfully

31-01-2024T22:08:59 - [MESSAGE][INFO] - HAR: /Users/cucnguyen/git/katalonApiExercise/Reports/20240131_220843/Final Test/20240131_220843/requests/main/7.har

31-01-2024T22:08:59 - [MESSAGE][PASSED] - Send request successfully

31-01-2024T22:08:59 - [TEST_STEP][PASSED] - verifyResponseStatusCode(response, 200): Verify response status code successfully

31-01-2024T22:08:59 - [MESSAGE][PASSED] - Verify response status code successfully

31-01-2024T22:08:59 - [TEST_STEP][PASSED] - verifyElementPropertyValue(response, "booking.firstname", $firstName): Verify element property value successfully

31-01-2024T22:08:59 - [MESSAGE][PASSED] - Verify element property value successfully

31-01-2024T22:08:59 - [TEST_STEP][PASSED] - verifyElementPropertyValue(response, "booking.lastname", $lastName): Verify element property value successfully

31-01-2024T22:08:59 - [MESSAGE][PASSED] - Verify element property value successfully

31-01-2024T22:08:59 - [TEST_STEP][PASSED] - id = getElementPropertyValue(response, "bookingid"): null

31-01-2024T22:08:59 - [TEST_STEP][PASSED] - responseGETRequest = sendRequestAndVerify(findTestObject("Object Repository/GET Booking Ids", ["id":id])): Send request and verify the response successfully

31-01-2024T22:09:00 - [MESSAGE][INFO] - HAR: /Users/cucnguyen/git/katalonApiExercise/Reports/20240131_220843/Final Test/20240131_220843/requests/main/8.har

31-01-2024T22:09:00 - [TEST_CASE][PASSED] - Start Test Case : Verification: Verification accomplished successfully

31-01-2024T22:09:00 - [TEST_STEP][PASSED] - request = getInstance().getCurrentRequest(): null

31-01-2024T22:09:00 - [TEST_STEP][PASSED] - response = getInstance().getCurrentResponse(): null

31-01-2024T22:09:00 - [MESSAGE][PASSED] - Verify response successfully

31-01-2024T22:09:00 - [MESSAGE][PASSED] - All validation steps have been passed

31-01-2024T22:09:00 - [MESSAGE][PASSED] - Send request and verify the response successfully

31-01-2024T22:09:00 - [TEST_STEP][PASSED] - verifyResponseStatusCode(responseGETRequest, 200): Verify response status code successfully

31-01-2024T22:09:00 - [MESSAGE][PASSED] - Verify response status code successfully

31-01-2024T22:09:00 - [TEST_STEP][PASSED] - responseBody = responseGETRequest.getResponseBodyContent(): null

31-01-2024T22:09:00 - [TEST_STEP][PASSED] - jsonResponse = JsonSlurper().parseText(responseBody): null

31-01-2024T22:09:00 - [TEST_STEP][PASSED] - firstNameRes = firstname: null

31-01-2024T22:09:00 - [TEST_STEP][PASSED] - lastNameRes = lastname: null

31-01-2024T22:09:00 - [TEST_STEP][PASSED] - println("RESPONE: " + jsonResponse): null

31-01-2024T22:09:00 - [TEST_STEP][PASSED] - verifyEqual(lastNameRes, $lastName): Actual object 'Chau' and expected object 'Chau' are equal

31-01-2024T22:09:00 - [MESSAGE][PASSED] - Actual object 'Chau' and expected object 'Chau' are equal

31-01-2024T22:09:00 - [TEST_STEP][PASSED] - verifyEqual(firstNameRes, $firstName): Actual object 'Lap' and expected object 'Lap' are equal

31-01-2024T22:09:00 - [MESSAGE][PASSED] - Actual object 'Lap' and expected object 'Lap' are equal]]></system-out>
         <system-err><![CDATA[]]></system-err>
      </testcase>
      <testcase name="Test Cases/POST Create Multiple Booking" time="3.395" classname="Test Cases/POST Create Multiple Booking" status="PASSED">
         <system-out><![CDATA[31-01-2024T22:09:00 - [TEST_CASE][PASSED] - Test Cases/POST Create Multiple Booking: Test Cases/POST Create Multiple Booking

31-01-2024T22:09:00 - [TEST_STEP][PASSED] - Start setup action : setupTestCase: Method 'setupTestCase' complete successfully

31-01-2024T22:09:00 - [TEST_STEP][PASSED] - callTestCase(findTestCase("Test Cases/POST Create Token"), [:]): Call Test Case 'Test Cases/POST Create Token' successfully

31-01-2024T22:09:00 - [TEST_CASE][PASSED] - Test Cases/POST Create Token: Test Cases/POST Create Token

31-01-2024T22:09:00 - [TEST_STEP][PASSED] - response = sendRequest(findTestObject("POST Create Token")): Send request successfully

31-01-2024T22:09:01 - [MESSAGE][INFO] - HAR: /Users/cucnguyen/git/katalonApiExercise/Reports/20240131_220843/Final Test/20240131_220843/requests/main/9.har

31-01-2024T22:09:01 - [MESSAGE][PASSED] - Send request successfully

31-01-2024T22:09:01 - [TEST_STEP][PASSED] - verifyResponseStatusCode(response, 200): Verify response status code successfully

31-01-2024T22:09:01 - [MESSAGE][PASSED] - Verify response status code successfully

31-01-2024T22:09:01 - [TEST_STEP][PASSED] - responseBody = response.getResponseBodyContent(): null

31-01-2024T22:09:01 - [TEST_STEP][PASSED] - jsonResponse = JsonSlurper().parseText(responseBody): null

31-01-2024T22:09:01 - [TEST_STEP][PASSED] - token = token: null

31-01-2024T22:09:01 - [TEST_STEP][PASSED] - cookie = "token=" + token: null

31-01-2024T22:09:01 - [TEST_STEP][PASSED] - cookie = cookie: null

31-01-2024T22:09:01 - [MESSAGE][PASSED] - Call Test Case 'Test Cases/POST Create Token' successfully

31-01-2024T22:09:01 - [MESSAGE][PASSED] - Method 'setupTestCase' complete successfully

31-01-2024T22:09:01 - [TEST_STEP][PASSED] - response = sendRequest(findTestObject("Object Repository/POST Create Multiple Booking", ["firstName":firstName, "lastName":lastName])): Send request successfully

31-01-2024T22:09:03 - [MESSAGE][INFO] - HAR: /Users/cucnguyen/git/katalonApiExercise/Reports/20240131_220843/Final Test/20240131_220843/requests/main/10.har

31-01-2024T22:09:03 - [MESSAGE][PASSED] - Send request successfully

31-01-2024T22:09:03 - [TEST_STEP][PASSED] - verifyResponseStatusCode(response, 200): Verify response status code successfully

31-01-2024T22:09:03 - [MESSAGE][PASSED] - Verify response status code successfully

31-01-2024T22:09:03 - [TEST_STEP][PASSED] - verifyElementPropertyValue(response, "booking.firstname", $firstName): Verify element property value successfully

31-01-2024T22:09:03 - [MESSAGE][PASSED] - Verify element property value successfully

31-01-2024T22:09:03 - [TEST_STEP][PASSED] - verifyElementPropertyValue(response, "booking.lastname", $lastName): Verify element property value successfully

31-01-2024T22:09:03 - [MESSAGE][PASSED] - Verify element property value successfully

31-01-2024T22:09:03 - [TEST_STEP][PASSED] - id = getElementPropertyValue(response, "bookingid"): null

31-01-2024T22:09:03 - [TEST_STEP][PASSED] - responseGETRequest = sendRequestAndVerify(findTestObject("Object Repository/GET Booking Ids", ["id":id])): Send request and verify the response successfully

31-01-2024T22:09:04 - [MESSAGE][INFO] - HAR: /Users/cucnguyen/git/katalonApiExercise/Reports/20240131_220843/Final Test/20240131_220843/requests/main/11.har

31-01-2024T22:09:04 - [TEST_CASE][PASSED] - Start Test Case : Verification: Verification accomplished successfully

31-01-2024T22:09:04 - [TEST_STEP][PASSED] - request = getInstance().getCurrentRequest(): null

31-01-2024T22:09:04 - [TEST_STEP][PASSED] - response = getInstance().getCurrentResponse(): null

31-01-2024T22:09:04 - [MESSAGE][PASSED] - Verify response successfully

31-01-2024T22:09:04 - [MESSAGE][PASSED] - All validation steps have been passed

31-01-2024T22:09:04 - [MESSAGE][PASSED] - Send request and verify the response successfully

31-01-2024T22:09:04 - [TEST_STEP][PASSED] - verifyResponseStatusCode(responseGETRequest, 200): Verify response status code successfully

31-01-2024T22:09:04 - [MESSAGE][PASSED] - Verify response status code successfully

31-01-2024T22:09:04 - [TEST_STEP][PASSED] - responseBody = responseGETRequest.getResponseBodyContent(): null

31-01-2024T22:09:04 - [TEST_STEP][PASSED] - jsonResponse = JsonSlurper().parseText(responseBody): null

31-01-2024T22:09:04 - [TEST_STEP][PASSED] - firstNameRes = firstname: null

31-01-2024T22:09:04 - [TEST_STEP][PASSED] - lastNameRes = lastname: null

31-01-2024T22:09:04 - [TEST_STEP][PASSED] - println("RESPONE: " + jsonResponse): null

31-01-2024T22:09:04 - [TEST_STEP][PASSED] - verifyEqual(lastNameRes, $lastName): Actual object 'Nguyen' and expected object 'Nguyen' are equal

31-01-2024T22:09:04 - [MESSAGE][PASSED] - Actual object 'Nguyen' and expected object 'Nguyen' are equal

31-01-2024T22:09:04 - [TEST_STEP][PASSED] - verifyEqual(firstNameRes, $firstName): Actual object 'Anh' and expected object 'Anh' are equal

31-01-2024T22:09:04 - [MESSAGE][PASSED] - Actual object 'Anh' and expected object 'Anh' are equal]]></system-out>
         <system-err><![CDATA[]]></system-err>
      </testcase>
      <testcase name="Test Cases/PUT Update Booking" time="3.379" classname="Test Cases/PUT Update Booking" status="PASSED">
         <system-out><![CDATA[31-01-2024T22:09:04 - [TEST_CASE][PASSED] - Test Cases/PUT Update Booking: Test Cases/PUT Update Booking

31-01-2024T22:09:04 - [TEST_STEP][PASSED] - Start setup action : setupTestCase: Method 'setupTestCase' complete successfully

31-01-2024T22:09:04 - [TEST_STEP][PASSED] - callTestCase(findTestCase("Test Cases/POST Create Token"), [:]): Call Test Case 'Test Cases/POST Create Token' successfully

31-01-2024T22:09:04 - [TEST_CASE][PASSED] - Test Cases/POST Create Token: Test Cases/POST Create Token

31-01-2024T22:09:04 - [TEST_STEP][PASSED] - response = sendRequest(findTestObject("POST Create Token")): Send request successfully

31-01-2024T22:09:05 - [MESSAGE][INFO] - HAR: /Users/cucnguyen/git/katalonApiExercise/Reports/20240131_220843/Final Test/20240131_220843/requests/main/12.har

31-01-2024T22:09:05 - [MESSAGE][PASSED] - Send request successfully

31-01-2024T22:09:05 - [TEST_STEP][PASSED] - verifyResponseStatusCode(response, 200): Verify response status code successfully

31-01-2024T22:09:05 - [MESSAGE][PASSED] - Verify response status code successfully

31-01-2024T22:09:05 - [TEST_STEP][PASSED] - responseBody = response.getResponseBodyContent(): null

31-01-2024T22:09:05 - [TEST_STEP][PASSED] - jsonResponse = JsonSlurper().parseText(responseBody): null

31-01-2024T22:09:05 - [TEST_STEP][PASSED] - token = token: null

31-01-2024T22:09:05 - [TEST_STEP][PASSED] - cookie = "token=" + token: null

31-01-2024T22:09:05 - [TEST_STEP][PASSED] - cookie = cookie: null

31-01-2024T22:09:05 - [MESSAGE][PASSED] - Call Test Case 'Test Cases/POST Create Token' successfully

31-01-2024T22:09:05 - [MESSAGE][PASSED] - Method 'setupTestCase' complete successfully

31-01-2024T22:09:05 - [TEST_STEP][PASSED] - firstName = sample.Common.generateRandomString(): sample.Common.generateRandomString is PASSED

31-01-2024T22:09:05 - [MESSAGE][PASSED] - sample.Common.generateRandomString is PASSED

31-01-2024T22:09:05 - [TEST_STEP][PASSED] - lastName = sample.Common.generateRandomString(): sample.Common.generateRandomString is PASSED

31-01-2024T22:09:05 - [MESSAGE][PASSED] - sample.Common.generateRandomString is PASSED

31-01-2024T22:09:05 - [TEST_STEP][PASSED] - response = sendRequest(findTestObject("Object Repository/POST Create booking", ["firstName":firstName, "lastName":lastName])): Send request successfully

31-01-2024T22:09:06 - [MESSAGE][INFO] - HAR: /Users/cucnguyen/git/katalonApiExercise/Reports/20240131_220843/Final Test/20240131_220843/requests/main/13.har

31-01-2024T22:09:06 - [MESSAGE][PASSED] - Send request successfully

31-01-2024T22:09:06 - [TEST_STEP][PASSED] - verifyResponseStatusCode(response, 200, STOP_ON_FAILURE): Verify response status code successfully

31-01-2024T22:09:06 - [MESSAGE][PASSED] - Verify response status code successfully

31-01-2024T22:09:06 - [TEST_STEP][PASSED] - verifyElementPropertyValue(response, "booking.firstname", $firstName): Verify element property value successfully

31-01-2024T22:09:06 - [MESSAGE][PASSED] - Verify element property value successfully

31-01-2024T22:09:06 - [TEST_STEP][PASSED] - verifyElementPropertyValue(response, "booking.lastname", $lastName): Verify element property value successfully

31-01-2024T22:09:06 - [MESSAGE][PASSED] - Verify element property value successfully

31-01-2024T22:09:06 - [TEST_STEP][PASSED] - id = getElementPropertyValue(response, "bookingid"): null

31-01-2024T22:09:06 - [TEST_STEP][PASSED] - firstNameUpdate = $firstNameUpdate: null

31-01-2024T22:09:06 - [TEST_STEP][PASSED] - lastNameUpdate = $lastNameUpdate: null

31-01-2024T22:09:06 - [TEST_STEP][PASSED] - responseObject = sendRequest(findTestObject("Object Repository/PUT Update Booking", ["id":id, "firstNameUpdate":firstNameUpdate, "lastNameUpdate":lastNameUpdate])): Send request successfully

31-01-2024T22:09:07 - [MESSAGE][INFO] - HAR: /Users/cucnguyen/git/katalonApiExercise/Reports/20240131_220843/Final Test/20240131_220843/requests/main/14.har

31-01-2024T22:09:07 - [MESSAGE][PASSED] - Send request successfully

31-01-2024T22:09:07 - [TEST_STEP][PASSED] - verifyResponseStatusCode(responseObject, 200, STOP_ON_FAILURE): Verify response status code successfully

31-01-2024T22:09:07 - [MESSAGE][PASSED] - Verify response status code successfully

31-01-2024T22:09:07 - [TEST_STEP][PASSED] - responseBody = responseObject.getResponseBodyContent(): null

31-01-2024T22:09:07 - [TEST_STEP][PASSED] - jsonResponse = JsonSlurper().parseText(responseBody): null

31-01-2024T22:09:07 - [TEST_STEP][PASSED] - firstNameRes = firstname: null

31-01-2024T22:09:07 - [TEST_STEP][PASSED] - lastNameRes = lastname: null

31-01-2024T22:09:07 - [TEST_STEP][PASSED] - verifyEqual(lastNameRes, lastNameUpdate): Actual object 'Nguyen' and expected object 'Nguyen' are equal

31-01-2024T22:09:07 - [MESSAGE][PASSED] - Actual object 'Nguyen' and expected object 'Nguyen' are equal

31-01-2024T22:09:07 - [TEST_STEP][PASSED] - verifyEqual(firstNameRes, firstNameUpdate): Actual object 'Cuc' and expected object 'Cuc' are equal

31-01-2024T22:09:07 - [MESSAGE][PASSED] - Actual object 'Cuc' and expected object 'Cuc' are equal]]></system-out>
         <system-err><![CDATA[]]></system-err>
      </testcase>
      <testcase name="Test Cases/Ex 4- PATCH_DELETE Booking" time="6.243" classname="Test Cases/Ex 4- PATCH_DELETE Booking" status="PASSED">
         <system-out><![CDATA[31-01-2024T22:09:07 - [TEST_CASE][PASSED] - Test Cases/Ex 4- PATCH_DELETE Booking: Test Cases/Ex 4- PATCH_DELETE Booking

31-01-2024T22:09:07 - [TEST_STEP][PASSED] - Start setup action : setupTestCase: Method 'setupTestCase' complete successfully

31-01-2024T22:09:07 - [TEST_STEP][PASSED] - callTestCase(findTestCase("Test Cases/POST Create Token"), [:]): Call Test Case 'Test Cases/POST Create Token' successfully

31-01-2024T22:09:07 - [TEST_CASE][PASSED] - Test Cases/POST Create Token: Test Cases/POST Create Token

31-01-2024T22:09:07 - [TEST_STEP][PASSED] - response = sendRequest(findTestObject("POST Create Token")): Send request successfully

31-01-2024T22:09:08 - [MESSAGE][INFO] - HAR: /Users/cucnguyen/git/katalonApiExercise/Reports/20240131_220843/Final Test/20240131_220843/requests/main/15.har

31-01-2024T22:09:08 - [MESSAGE][PASSED] - Send request successfully

31-01-2024T22:09:08 - [TEST_STEP][PASSED] - verifyResponseStatusCode(response, 200): Verify response status code successfully

31-01-2024T22:09:08 - [MESSAGE][PASSED] - Verify response status code successfully

31-01-2024T22:09:08 - [TEST_STEP][PASSED] - responseBody = response.getResponseBodyContent(): null

31-01-2024T22:09:08 - [TEST_STEP][PASSED] - jsonResponse = JsonSlurper().parseText(responseBody): null

31-01-2024T22:09:08 - [TEST_STEP][PASSED] - token = token: null

31-01-2024T22:09:08 - [TEST_STEP][PASSED] - cookie = "token=" + token: null

31-01-2024T22:09:08 - [TEST_STEP][PASSED] - cookie = cookie: null

31-01-2024T22:09:08 - [MESSAGE][PASSED] - Call Test Case 'Test Cases/POST Create Token' successfully

31-01-2024T22:09:08 - [MESSAGE][PASSED] - Method 'setupTestCase' complete successfully

31-01-2024T22:09:08 - [TEST_STEP][PASSED] - firstName = sample.Common.generateRandomString(): sample.Common.generateRandomString is PASSED

31-01-2024T22:09:08 - [MESSAGE][PASSED] - sample.Common.generateRandomString is PASSED

31-01-2024T22:09:08 - [TEST_STEP][PASSED] - lastName = sample.Common.generateRandomString(): sample.Common.generateRandomString is PASSED

31-01-2024T22:09:08 - [MESSAGE][PASSED] - sample.Common.generateRandomString is PASSED

31-01-2024T22:09:08 - [TEST_STEP][PASSED] - response = sendRequest(findTestObject("Object Repository/POST Create booking", ["firstName":firstName, "lastName":lastName])): Send request successfully

31-01-2024T22:09:10 - [MESSAGE][INFO] - HAR: /Users/cucnguyen/git/katalonApiExercise/Reports/20240131_220843/Final Test/20240131_220843/requests/main/16.har

31-01-2024T22:09:10 - [MESSAGE][PASSED] - Send request successfully

31-01-2024T22:09:10 - [TEST_STEP][PASSED] - verifyResponseStatusCode(response, 200, STOP_ON_FAILURE): Verify response status code successfully

31-01-2024T22:09:10 - [MESSAGE][PASSED] - Verify response status code successfully

31-01-2024T22:09:10 - [TEST_STEP][PASSED] - verifyElementPropertyValue(response, "booking.firstname", $firstName): Verify element property value successfully

31-01-2024T22:09:10 - [MESSAGE][PASSED] - Verify element property value successfully

31-01-2024T22:09:10 - [TEST_STEP][PASSED] - verifyElementPropertyValue(response, "booking.lastname", $lastName): Verify element property value successfully

31-01-2024T22:09:10 - [MESSAGE][PASSED] - Verify element property value successfully

31-01-2024T22:09:10 - [TEST_STEP][PASSED] - id = getElementPropertyValue(response, "bookingid"): null

31-01-2024T22:09:10 - [TEST_STEP][PASSED] - firstNameUpdate = $firstNameUpdate: null

31-01-2024T22:09:10 - [TEST_STEP][PASSED] - lastNameUpdate = $lastNameUpdate: null

31-01-2024T22:09:10 - [TEST_STEP][PASSED] - responseObject = sendRequest(findTestObject("Object Repository/PATCH Update Booking", ["id":id, "fName":firstNameUpdate, "lName":lastNameUpdate])): Send request successfully

31-01-2024T22:09:11 - [MESSAGE][INFO] - HAR: /Users/cucnguyen/git/katalonApiExercise/Reports/20240131_220843/Final Test/20240131_220843/requests/main/17.har

31-01-2024T22:09:11 - [MESSAGE][PASSED] - Send request successfully

31-01-2024T22:09:11 - [TEST_STEP][PASSED] - verifyResponseStatusCode(responseObject, 200, STOP_ON_FAILURE): Verify response status code successfully

31-01-2024T22:09:11 - [MESSAGE][PASSED] - Verify response status code successfully

31-01-2024T22:09:11 - [TEST_STEP][PASSED] - responseBody = responseObject.getResponseBodyContent(): null

31-01-2024T22:09:11 - [TEST_STEP][PASSED] - jsonResponse = JsonSlurper().parseText(responseBody): null

31-01-2024T22:09:11 - [TEST_STEP][PASSED] - firstNameRes = firstname: null

31-01-2024T22:09:11 - [TEST_STEP][PASSED] - lastNameRes = lastname: null

31-01-2024T22:09:11 - [TEST_STEP][PASSED] - verifyEqual(lastNameRes, lastNameUpdate): Actual object 'Tung' and expected object 'Tung' are equal

31-01-2024T22:09:11 - [MESSAGE][PASSED] - Actual object 'Tung' and expected object 'Tung' are equal

31-01-2024T22:09:11 - [TEST_STEP][PASSED] - verifyEqual(firstNameRes, firstNameUpdate): Actual object 'Son' and expected object 'Son' are equal

31-01-2024T22:09:11 - [MESSAGE][PASSED] - Actual object 'Son' and expected object 'Son' are equal

31-01-2024T22:09:11 - [TEST_STEP][PASSED] - jsonPass = "
{
  "$id": "https://example.com/booking.schema.json",
  "$schema": "https://json-schema.org/draft/2020-12/schema",
  "type": "object",
  "properties": {
    "firstname": { "type": "string" },
    "lastname": { "type": "string" },
    "totalprice": { "type": "integer" },
    "depositpaid": { "type": "boolean" },
    "bookingdates": {
      "type": "object",
      "properties": {
        "checkin": { "type": "string", "format": "date" },
        "checkout": { "type": "string", "format": "date" }
      },
      "required": ["checkin", "checkout"]
    },
    "additionalneeds": { "type": "string" }
  },
  "required": ["firstname", "lastname", "totalprice", "depositpaid", "bookingdates", "additionalneeds"]
}
": null

31-01-2024T22:09:11 - [TEST_STEP][PASSED] - successful = validateJsonAgainstSchema(responseObject, jsonPass): Validate with JSON Schema successfully

31-01-2024T22:09:11 - [MESSAGE][PASSED] - Validate with JSON Schema successfully

31-01-2024T22:09:11 - [TEST_STEP][PASSED] - verifyEqual(successful, true): Actual object 'true' and expected object 'true' are equal

31-01-2024T22:09:11 - [MESSAGE][PASSED] - Actual object 'true' and expected object 'true' are equal

31-01-2024T22:09:11 - [TEST_STEP][PASSED] - responseDelete = sendRequest(findTestObject("Object Repository/DELETE Booking", ["id":id])): Send request successfully

31-01-2024T22:09:12 - [MESSAGE][INFO] - HAR: /Users/cucnguyen/git/katalonApiExercise/Reports/20240131_220843/Final Test/20240131_220843/requests/main/18.har

31-01-2024T22:09:12 - [MESSAGE][PASSED] - Send request successfully

31-01-2024T22:09:12 - [TEST_STEP][PASSED] - verifyResponseStatusCode(responseDelete, 201, STOP_ON_FAILURE): Verify response status code successfully

31-01-2024T22:09:12 - [MESSAGE][PASSED] - Verify response status code successfully

31-01-2024T22:09:12 - [TEST_STEP][PASSED] - assert getResponseBodyContent().contains("Created"): null

31-01-2024T22:09:12 - [TEST_STEP][PASSED] - responseGETRequest = sendRequestAndVerify(findTestObject("Object Repository/GET Booking Ids", ["id":id])): Send request and verify the response successfully

31-01-2024T22:09:13 - [MESSAGE][INFO] - HAR: /Users/cucnguyen/git/katalonApiExercise/Reports/20240131_220843/Final Test/20240131_220843/requests/main/19.har

31-01-2024T22:09:13 - [TEST_CASE][PASSED] - Start Test Case : Verification: Verification accomplished successfully

31-01-2024T22:09:13 - [TEST_STEP][PASSED] - request = getInstance().getCurrentRequest(): null

31-01-2024T22:09:13 - [TEST_STEP][PASSED] - response = getInstance().getCurrentResponse(): null

31-01-2024T22:09:13 - [MESSAGE][PASSED] - Verify response successfully

31-01-2024T22:09:13 - [MESSAGE][PASSED] - All validation steps have been passed

31-01-2024T22:09:13 - [MESSAGE][PASSED] - Send request and verify the response successfully

31-01-2024T22:09:13 - [TEST_STEP][PASSED] - verifyResponseStatusCode(responseGETRequest, 404, STOP_ON_FAILURE): Verify response status code successfully

31-01-2024T22:09:13 - [MESSAGE][PASSED] - Verify response status code successfully

31-01-2024T22:09:13 - [TEST_STEP][PASSED] - assert getResponseBodyContent().contains("Not Found"): null]]></system-out>
         <system-err><![CDATA[]]></system-err>
      </testcase>
      <system-out><![CDATA[31-01-2024T22:08:48 - [TEST_SUITE][PASSED] - Final Test: Test Cases/Ex 4- PATCH_DELETE Booking]]></system-out>
      <system-err><![CDATA[]]></system-err>
   </testsuite>
</testsuites>
