<?xml version="1.0" encoding="UTF-8"?>
<testsuites name="Exercise 1" time="3.41" tests="2" failures="0" errors="0">
   <testsuite name="Exercise 1" tests="2" failures="0" errors="0" time="3.41" skipped="0" timestamp="09-01-2024T22:54:35" hostname="cucnguyen - 192.168.2.12" id="Test Suites/Exercise 1">
      <properties>
         <property name="deviceName" value=""/>
         <property name="devicePlatform" value=""/>
         <property name="logFolder" value="/Users/cucnguyen/Katalon Studio/Exam Katalon/Reports/20240109_225431/Exercise 1/20240109_225431"/>
         <property name="logFiles" value="/Users/cucnguyen/Katalon Studio/Exam Katalon/Reports/20240109_225431/Exercise 1/20240109_225431/execution0.log"/>
         <property name="attachments" value=""/>
         <property name="hostName" value="cucnguyen - 192.168.2.12"/>
         <property name="hostAddress" value="192.168.2.12"/>
         <property name="os" value="Mac OS X 64bit"/>
         <property name="katalonVersion" value="9.1.0.212"/>
      </properties>
      <testcase name="Test Cases/POST Create booking" time="2.052" classname="Test Cases/POST Create booking" status="PASSED">
         <system-out><![CDATA[09-01-2024T22:54:35 - [TEST_CASE][PASSED] - Test Cases/POST Create booking: Test Cases/POST Create booking

09-01-2024T22:54:35 - [TEST_STEP][PASSED] - alphabet = "ABCDEFGHIJKLMNOPQRSTUVWXYZ": null

09-01-2024T22:54:35 - [TEST_STEP][PASSED] - sb = new java.lang.StringBuilder(): null

09-01-2024T22:54:35 - [TEST_STEP][PASSED] - random = new java.util.Random(): null

09-01-2024T22:54:35 - [TEST_STEP][PASSED] - length = 7: null

09-01-2024T22:54:35 - [TEST_STEP][PASSED] - for ([i = 0, i < length, (i++)]): null

09-01-2024T22:54:35 - [TEST_STEP][PASSED] - index = random.nextInt(alphabet.length()): null

09-01-2024T22:54:35 - [TEST_STEP][PASSED] - randomChar = alphabet.charAt(index): null

09-01-2024T22:54:35 - [TEST_STEP][PASSED] - sb.append(randomChar): null

09-01-2024T22:54:35 - [TEST_STEP][PASSED] - index = random.nextInt(alphabet.length()): null

09-01-2024T22:54:35 - [TEST_STEP][PASSED] - randomChar = alphabet.charAt(index): null

09-01-2024T22:54:35 - [TEST_STEP][PASSED] - sb.append(randomChar): null

09-01-2024T22:54:35 - [TEST_STEP][PASSED] - index = random.nextInt(alphabet.length()): null

09-01-2024T22:54:35 - [TEST_STEP][PASSED] - randomChar = alphabet.charAt(index): null

09-01-2024T22:54:35 - [TEST_STEP][PASSED] - sb.append(randomChar): null

09-01-2024T22:54:35 - [TEST_STEP][PASSED] - index = random.nextInt(alphabet.length()): null

09-01-2024T22:54:35 - [TEST_STEP][PASSED] - randomChar = alphabet.charAt(index): null

09-01-2024T22:54:35 - [TEST_STEP][PASSED] - sb.append(randomChar): null

09-01-2024T22:54:35 - [TEST_STEP][PASSED] - index = random.nextInt(alphabet.length()): null

09-01-2024T22:54:35 - [TEST_STEP][PASSED] - randomChar = alphabet.charAt(index): null

09-01-2024T22:54:35 - [TEST_STEP][PASSED] - sb.append(randomChar): null

09-01-2024T22:54:35 - [TEST_STEP][PASSED] - index = random.nextInt(alphabet.length()): null

09-01-2024T22:54:35 - [TEST_STEP][PASSED] - randomChar = alphabet.charAt(index): null

09-01-2024T22:54:35 - [TEST_STEP][PASSED] - sb.append(randomChar): null

09-01-2024T22:54:35 - [TEST_STEP][PASSED] - index = random.nextInt(alphabet.length()): null

09-01-2024T22:54:35 - [TEST_STEP][PASSED] - randomChar = alphabet.charAt(index): null

09-01-2024T22:54:35 - [TEST_STEP][PASSED] - sb.append(randomChar): null

09-01-2024T22:54:35 - [TEST_STEP][PASSED] - firstName = sb.toString(): null

09-01-2024T22:54:35 - [TEST_STEP][PASSED] - lastName = sb.toString(): null

09-01-2024T22:54:35 - [TEST_STEP][PASSED] - response = sendRequest(findTestObject("Object Repository/POST Create booking", ["firstName":firstName, "lastName":lastName])): Send request successfully

09-01-2024T22:54:37 - [MESSAGE][INFO] - HAR: /Users/cucnguyen/Katalon Studio/Exam Katalon/Reports/20240109_225431/Exercise 1/20240109_225431/requests/main/0.har

09-01-2024T22:54:37 - [MESSAGE][PASSED] - Send request successfully

09-01-2024T22:54:37 - [TEST_STEP][PASSED] - verifyResponseStatusCode(response, 200): Verify response status code successfully

09-01-2024T22:54:37 - [MESSAGE][PASSED] - Verify response status code successfully

09-01-2024T22:54:37 - [TEST_STEP][PASSED] - verifyElementPropertyValue(response, "booking.firstname", $firstName): Verify element property value successfully

09-01-2024T22:54:37 - [MESSAGE][PASSED] - Verify element property value successfully

09-01-2024T22:54:37 - [TEST_STEP][PASSED] - verifyElementPropertyValue(response, "booking.lastname", $lastName): Verify element property value successfully

09-01-2024T22:54:37 - [MESSAGE][PASSED] - Verify element property value successfully

09-01-2024T22:54:37 - [TEST_STEP][PASSED] - responseFirstName = getElementPropertyValue(response, "booking.firstname"): null

09-01-2024T22:54:37 - [TEST_STEP][PASSED] - responseLastName = getElementPropertyValue(response, "booking.lastname"): null

09-01-2024T22:54:37 - [TEST_STEP][PASSED] - firstName = responseFirstName: null

09-01-2024T22:54:37 - [TEST_STEP][PASSED] - lastName = responseLastName: null]]></system-out>
         <system-err><![CDATA[]]></system-err>
      </testcase>
      <testcase name="Test Cases/GET Search booking" time="1.257" classname="Test Cases/GET Search booking" status="PASSED">
         <system-out><![CDATA[09-01-2024T22:54:37 - [TEST_CASE][PASSED] - Test Cases/GET Search booking: Test Cases/GET Search booking

09-01-2024T22:54:37 - [TEST_STEP][PASSED] - firstName = firstName: null

09-01-2024T22:54:37 - [TEST_STEP][PASSED] - lastName = lastName: null

09-01-2024T22:54:37 - [TEST_STEP][PASSED] - sendRequestAndVerify(findTestObject("Object Repository/GET Search booking", ["firstName":firstName, "lastName":lastName])): Send request and verify the response successfully

09-01-2024T22:54:38 - [MESSAGE][INFO] - HAR: /Users/cucnguyen/Katalon Studio/Exam Katalon/Reports/20240109_225431/Exercise 1/20240109_225431/requests/main/1.har

09-01-2024T22:54:38 - [TEST_CASE][PASSED] - Start Test Case : Verification: Verification accomplished successfully

09-01-2024T22:54:39 - [TEST_STEP][PASSED] - request = getInstance().getCurrentRequest(): null

09-01-2024T22:54:39 - [TEST_STEP][PASSED] - response = getInstance().getCurrentResponse(): null

09-01-2024T22:54:39 - [TEST_STEP][PASSED] - verifyResponseStatusCode(response, 200): Verify response status code successfully

09-01-2024T22:54:39 - [MESSAGE][PASSED] - Verify response status code successfully

09-01-2024T22:54:39 - [TEST_STEP][PASSED] - jsonSlurper = new groovy.json.JsonSlurper(): null

09-01-2024T22:54:39 - [TEST_STEP][PASSED] - jsonResponse = jsonSlurper.parseText(response.getResponseText()): null

09-01-2024T22:54:39 - [TEST_STEP][PASSED] - println(jsonResponse): null

09-01-2024T22:54:39 - [TEST_STEP][PASSED] - println(jsonResponse[0]): null

09-01-2024T22:54:39 - [TEST_STEP][PASSED] - println(bookingid): null

09-01-2024T22:54:39 - [MESSAGE][PASSED] - Verify response successfully

09-01-2024T22:54:39 - [MESSAGE][PASSED] - All validation steps have been passed

09-01-2024T22:54:39 - [MESSAGE][PASSED] - Send request and verify the response successfully]]></system-out>
         <system-err><![CDATA[]]></system-err>
      </testcase>
      <system-out><![CDATA[09-01-2024T22:54:35 - [TEST_SUITE][PASSED] - Exercise 1: Test Cases/GET Search booking]]></system-out>
      <system-err><![CDATA[]]></system-err>
   </testsuite>
</testsuites>
