<?xml version="1.0" encoding="UTF-8"?>
<testsuites name="Final Test" time="0.0" tests="0" failures="0" errors="0">
   <testsuite name="Final Test" tests="0" failures="0" errors="0" time="0.0" skipped="0" timestamp="31-01-2024T20:56:15" hostname="cucnguyen - 192.168.2.9" id="Test Suites/Final Test">
      <properties>
         <property name="deviceName" value=""/>
         <property name="devicePlatform" value=""/>
         <property name="logFolder" value="/Users/cucnguyen/git/katalonApiExercise/Reports/20240131_205611/Final Test/20240131_205611"/>
         <property name="logFiles" value="/Users/cucnguyen/git/katalonApiExercise/Reports/20240131_205611/Final Test/20240131_205611/execution0.log"/>
         <property name="attachments" value=""/>
         <property name="hostName" value="cucnguyen - 192.168.2.9"/>
         <property name="hostAddress" value="192.168.2.9"/>
         <property name="os" value="Mac OS X 64bit"/>
         <property name="katalonVersion" value="9.1.0.212"/>
      </properties>
      <system-out><![CDATA[31-01-2024T20:56:15 - [TEST_SUITE][INCOMPLETE] - Final Test: null]]></system-out>
      <system-err><![CDATA[31-01-2024T20:56:15 - [TEST_SUITE][INCOMPLETE] - Final Test: null]]></system-err>
   </testsuite>
</testsuites>
