<?xml version="1.0" encoding="UTF-8"?>
<testsuites name="PUT" time="6.009" tests="1" failures="0" errors="0">
   <testsuite name="PUT" tests="1" failures="0" errors="0" time="6.009" skipped="0" timestamp="23-01-2024T21:46:25" hostname="cucnguyen - 192.168.21.110" id="Test Suites/PUT">
      <properties>
         <property name="deviceName" value=""/>
         <property name="devicePlatform" value=""/>
         <property name="logFolder" value="/Users/cucnguyen/git/katalonApiExercise/Reports/20240123_214618/PUT/20240123_214619"/>
         <property name="logFiles" value="/Users/cucnguyen/git/katalonApiExercise/Reports/20240123_214618/PUT/20240123_214619/execution0.log"/>
         <property name="attachments" value=""/>
         <property name="hostName" value="cucnguyen - 192.168.21.110"/>
         <property name="hostAddress" value="192.168.21.110"/>
         <property name="os" value="Mac OS X 64bit"/>
         <property name="katalonVersion" value="9.1.0.212"/>
      </properties>
      <testcase name="Test Cases/PUT Update Booking" time="3.13" classname="Test Cases/PUT Update Booking" status="PASSED">
         <system-out><![CDATA[23-01-2024T21:46:28 - [TEST_CASE][PASSED] - Test Cases/PUT Update Booking: Test Cases/PUT Update Booking

23-01-2024T21:46:28 - [TEST_STEP][PASSED] - firstName = sample.Common.generateRandomString(): sample.Common.generateRandomString is PASSED

23-01-2024T21:46:28 - [MESSAGE][PASSED] - sample.Common.generateRandomString is PASSED

23-01-2024T21:46:28 - [TEST_STEP][PASSED] - lastName = sample.Common.generateRandomString(): sample.Common.generateRandomString is PASSED

23-01-2024T21:46:28 - [MESSAGE][PASSED] - sample.Common.generateRandomString is PASSED

23-01-2024T21:46:28 - [TEST_STEP][PASSED] - response = sendRequest(findTestObject("Object Repository/POST Create booking", ["firstName":firstName, "lastName":lastName])): Send request successfully

23-01-2024T21:46:29 - [MESSAGE][INFO] - HAR: /Users/cucnguyen/git/katalonApiExercise/Reports/20240123_214618/PUT/20240123_214619/requests/main/1.har

23-01-2024T21:46:29 - [MESSAGE][PASSED] - Send request successfully

23-01-2024T21:46:29 - [TEST_STEP][PASSED] - verifyResponseStatusCode(response, 200): Verify response status code successfully

23-01-2024T21:46:29 - [MESSAGE][PASSED] - Verify response status code successfully

23-01-2024T21:46:29 - [TEST_STEP][PASSED] - verifyElementPropertyValue(response, "booking.firstname", $firstName): Verify element property value successfully

23-01-2024T21:46:29 - [MESSAGE][PASSED] - Verify element property value successfully

23-01-2024T21:46:29 - [TEST_STEP][PASSED] - verifyElementPropertyValue(response, "booking.lastname", $lastName): Verify element property value successfully

23-01-2024T21:46:29 - [MESSAGE][PASSED] - Verify element property value successfully

23-01-2024T21:46:29 - [TEST_STEP][PASSED] - id = getElementPropertyValue(response, "bookingid"): null

23-01-2024T21:46:29 - [TEST_STEP][PASSED] - firstNameUpdate = $firstNameUpdate: null

23-01-2024T21:46:29 - [TEST_STEP][PASSED] - lastNameUpdate = $lastNameUpdate: null

23-01-2024T21:46:29 - [TEST_STEP][PASSED] - responseObject = sendRequest(findTestObject("Object Repository/PUT Update Booking", ["id":id, "firstNameUpdate":firstNameUpdate, "lastNameUpdate":lastNameUpdate])): Send request successfully

23-01-2024T21:46:31 - [MESSAGE][INFO] - HAR: /Users/cucnguyen/git/katalonApiExercise/Reports/20240123_214618/PUT/20240123_214619/requests/main/2.har

23-01-2024T21:46:31 - [MESSAGE][PASSED] - Send request successfully

23-01-2024T21:46:31 - [TEST_STEP][PASSED] - println("body: " + responseObject): null

23-01-2024T21:46:31 - [TEST_STEP][PASSED] - verifyResponseStatusCode(responseObject, 200): Verify response status code successfully

23-01-2024T21:46:31 - [MESSAGE][PASSED] - Verify response status code successfully

23-01-2024T21:46:31 - [TEST_STEP][PASSED] - responseBody = responseObject.getResponseBodyContent(): null

23-01-2024T21:46:31 - [TEST_STEP][PASSED] - jsonResponse = JsonSlurper().parseText(responseBody): null

23-01-2024T21:46:31 - [TEST_STEP][PASSED] - firstNameRes = firstname: null

23-01-2024T21:46:31 - [TEST_STEP][PASSED] - lastNameRes = lastname: null

23-01-2024T21:46:31 - [TEST_STEP][PASSED] - println("RESPONE: " + jsonResponse): null

23-01-2024T21:46:31 - [TEST_STEP][PASSED] - verifyEqual(lastNameRes, lastNameUpdate): Actual object 'Nguyen' and expected object 'Nguyen' are equal

23-01-2024T21:46:31 - [MESSAGE][PASSED] - Actual object 'Nguyen' and expected object 'Nguyen' are equal

23-01-2024T21:46:31 - [TEST_STEP][PASSED] - verifyEqual(firstNameRes, firstNameUpdate): Actual object 'Cuc' and expected object 'Cuc' are equal

23-01-2024T21:46:31 - [MESSAGE][PASSED] - Actual object 'Cuc' and expected object 'Cuc' are equal]]></system-out>
         <system-err><![CDATA[]]></system-err>
      </testcase>
      <system-out><![CDATA[23-01-2024T21:46:25 - [TEST_SUITE][PASSED] - PUT: Test Cases/PUT Update Booking]]></system-out>
      <system-err><![CDATA[]]></system-err>
   </testsuite>
</testsuites>
