<?xml version="1.0" encoding="UTF-8"?>
<testsuites name="Exercise 1" time="4.514" tests="2" failures="0" errors="0">
   <testsuite name="Exercise 1" tests="2" failures="0" errors="0" time="4.514" skipped="0" timestamp="10-01-2024T01:16:52" hostname="cucnguyen - 192.168.2.12" id="Test Suites/Exercise 1">
      <properties>
         <property name="deviceName" value=""/>
         <property name="devicePlatform" value=""/>
         <property name="logFolder" value="/Users/cucnguyen/Katalon Studio/Exam Katalon/Reports/20240110_011646/Exercise 1/20240110_011647"/>
         <property name="logFiles" value="/Users/cucnguyen/Katalon Studio/Exam Katalon/Reports/20240110_011646/Exercise 1/20240110_011647/execution0.log"/>
         <property name="attachments" value=""/>
         <property name="hostName" value="cucnguyen - 192.168.2.12"/>
         <property name="hostAddress" value="192.168.2.12"/>
         <property name="os" value="Mac OS X 64bit"/>
         <property name="katalonVersion" value="9.1.0.212"/>
      </properties>
      <testcase name="Test Cases/POST Create booking" time="2.439" classname="Test Cases/POST Create booking" status="PASSED">
         <system-out><![CDATA[10-01-2024T01:16:52 - [TEST_CASE][PASSED] - Test Cases/POST Create booking: Test Cases/POST Create booking

10-01-2024T01:16:52 - [TEST_STEP][PASSED] - firstName = sample.Common.generateRandomString(): sample.Common.generateRandomString is PASSED

10-01-2024T01:16:53 - [MESSAGE][PASSED] - sample.Common.generateRandomString is PASSED

10-01-2024T01:16:53 - [TEST_STEP][PASSED] - lastName = sample.Common.generateRandomString(): sample.Common.generateRandomString is PASSED

10-01-2024T01:16:53 - [MESSAGE][PASSED] - sample.Common.generateRandomString is PASSED

10-01-2024T01:16:53 - [TEST_STEP][PASSED] - response = sendRequest(findTestObject("Object Repository/POST Create booking", ["firstName":firstName, "lastName":lastName])): Send request successfully

10-01-2024T01:16:55 - [MESSAGE][INFO] - HAR: /Users/cucnguyen/Katalon Studio/Exam Katalon/Reports/20240110_011646/Exercise 1/20240110_011647/requests/main/0.har

10-01-2024T01:16:55 - [MESSAGE][PASSED] - Send request successfully

10-01-2024T01:16:55 - [TEST_STEP][PASSED] - verifyResponseStatusCode(response, 200): Verify response status code successfully

10-01-2024T01:16:55 - [MESSAGE][PASSED] - Verify response status code successfully

10-01-2024T01:16:55 - [TEST_STEP][PASSED] - verifyElementPropertyValue(response, "booking.firstname", $firstName): Verify element property value successfully

10-01-2024T01:16:55 - [MESSAGE][PASSED] - Verify element property value successfully

10-01-2024T01:16:55 - [TEST_STEP][PASSED] - verifyElementPropertyValue(response, "booking.lastname", $lastName): Verify element property value successfully

10-01-2024T01:16:55 - [MESSAGE][PASSED] - Verify element property value successfully

10-01-2024T01:16:55 - [TEST_STEP][PASSED] - responseFirstName = getElementPropertyValue(response, "booking.firstname"): null

10-01-2024T01:16:55 - [TEST_STEP][PASSED] - responseLastName = getElementPropertyValue(response, "booking.lastname"): null

10-01-2024T01:16:55 - [TEST_STEP][PASSED] - id = getElementPropertyValue(response, "bookingid"): null

10-01-2024T01:16:55 - [TEST_STEP][PASSED] - firstName = responseFirstName: null

10-01-2024T01:16:55 - [TEST_STEP][PASSED] - lastName = responseLastName: null

10-01-2024T01:16:55 - [TEST_STEP][PASSED] - id = id: null

10-01-2024T01:16:55 - [TEST_STEP][PASSED] - println("responseFirstName " + responseFirstName): null

10-01-2024T01:16:55 - [TEST_STEP][PASSED] - println("responseLastName " + responseLastName): null

10-01-2024T01:16:55 - [TEST_STEP][PASSED] - println("id: " + id): null]]></system-out>
         <system-err><![CDATA[]]></system-err>
      </testcase>
      <testcase name="Test Cases/GET Search booking" time="1.972" classname="Test Cases/GET Search booking" status="PASSED">
         <system-out><![CDATA[10-01-2024T01:16:55 - [TEST_CASE][PASSED] - Test Cases/GET Search booking: Test Cases/GET Search booking

10-01-2024T01:16:55 - [TEST_STEP][PASSED] - firstName = firstName: null

10-01-2024T01:16:55 - [TEST_STEP][PASSED] - lastName = lastName: null

10-01-2024T01:16:55 - [TEST_STEP][PASSED] - id = id: null

10-01-2024T01:16:55 - [TEST_STEP][PASSED] - response = sendRequestAndVerify(findTestObject("Object Repository/GET Search booking", ["firstName":firstName, "lastName":lastName])): Send request and verify the response successfully

10-01-2024T01:16:57 - [MESSAGE][INFO] - HAR: /Users/cucnguyen/Katalon Studio/Exam Katalon/Reports/20240110_011646/Exercise 1/20240110_011647/requests/main/1.har

10-01-2024T01:16:57 - [TEST_CASE][PASSED] - Start Test Case : Verification: Verification accomplished successfully

10-01-2024T01:16:57 - [TEST_STEP][PASSED] - request = getInstance().getCurrentRequest(): null

10-01-2024T01:16:57 - [TEST_STEP][PASSED] - response = getInstance().getCurrentResponse(): null

10-01-2024T01:16:57 - [TEST_STEP][PASSED] - id = id: null

10-01-2024T01:16:57 - [TEST_STEP][PASSED] - jsonSlurper = new groovy.json.JsonSlurper(): null

10-01-2024T01:16:57 - [TEST_STEP][PASSED] - jsonResponse = jsonSlurper.parseText(response.getResponseText()): null

10-01-2024T01:16:57 - [MESSAGE][PASSED] - Verify response successfully

10-01-2024T01:16:57 - [MESSAGE][PASSED] - All validation steps have been passed

10-01-2024T01:16:57 - [MESSAGE][PASSED] - Send request and verify the response successfully

10-01-2024T01:16:57 - [TEST_STEP][PASSED] - println("Step2: First Name " + firstName): null

10-01-2024T01:16:57 - [TEST_STEP][PASSED] - println("Step2: Last Name " + lastName): null

10-01-2024T01:16:57 - [TEST_STEP][PASSED] - println("Step2: ID " + id): null

10-01-2024T01:16:57 - [TEST_STEP][PASSED] - verifyResponseStatusCode(response, 200): Verify response status code successfully

10-01-2024T01:16:57 - [MESSAGE][PASSED] - Verify response status code successfully

10-01-2024T01:16:57 - [TEST_STEP][PASSED] - responseBody = response.getResponseBodyContent(): null

10-01-2024T01:16:57 - [TEST_STEP][PASSED] - jsonResponse = JsonSlurper().parseText(responseBody): null

10-01-2024T01:16:57 - [TEST_STEP][PASSED] - userId = bookingid: null

10-01-2024T01:16:57 - [TEST_STEP][PASSED] - println("ID in response: " + userId): null

10-01-2024T01:16:57 - [TEST_STEP][PASSED] - println("response: " + responseBody): null]]></system-out>
         <system-err><![CDATA[]]></system-err>
      </testcase>
      <system-out><![CDATA[10-01-2024T01:16:52 - [TEST_SUITE][PASSED] - Exercise 1: Test Cases/GET Search booking]]></system-out>
      <system-err><![CDATA[]]></system-err>
   </testsuite>
</testsuites>
