<?xml version="1.0" encoding="UTF-8"?>
<testsuites name="Final Test" time="0.0" tests="0" failures="0" errors="0">
   <testsuite name="Final Test" tests="0" failures="0" errors="0" time="0.0" skipped="0" timestamp="25-01-2024T22:09:29" hostname="cucnguyen - 192.168.2.12" id="Test Suites/Final Test">
      <properties>
         <property name="deviceName" value=""/>
         <property name="devicePlatform" value=""/>
         <property name="logFolder" value="/Users/cucnguyen/git/katalonApiExercise/Reports/20240125_220922/Final Test/20240125_220923"/>
         <property name="logFiles" value="/Users/cucnguyen/git/katalonApiExercise/Reports/20240125_220922/Final Test/20240125_220923/execution0.log"/>
         <property name="attachments" value=""/>
         <property name="hostName" value="cucnguyen - 192.168.2.12"/>
         <property name="hostAddress" value="192.168.2.12"/>
         <property name="os" value="Mac OS X 64bit"/>
         <property name="katalonVersion" value="9.1.0.212"/>
      </properties>
      <system-out><![CDATA[25-01-2024T22:09:29 - [TEST_SUITE][INCOMPLETE] - Final Test: null]]></system-out>
      <system-err><![CDATA[25-01-2024T22:09:29 - [TEST_SUITE][INCOMPLETE] - Final Test: null]]></system-err>
   </testsuite>
</testsuites>
