<?xml version="1.0" encoding="UTF-8"?>
<testsuites name="Final Test" time="22.79" tests="4" failures="0" errors="0">
   <testsuite name="Final Test" tests="4" failures="0" errors="0" time="22.79" skipped="0" timestamp="17-01-2024T20:24:45" hostname="cucnguyen - 192.168.21.104" id="Test Suites/Final Test">
      <properties>
         <property name="deviceName" value=""/>
         <property name="devicePlatform" value=""/>
         <property name="logFolder" value="/Users/cucnguyen/git/katalonApiExercise/Reports/20240117_202437/Final Test/20240117_202438"/>
         <property name="logFiles" value="/Users/cucnguyen/git/katalonApiExercise/Reports/20240117_202437/Final Test/20240117_202438/execution0.log"/>
         <property name="attachments" value=""/>
         <property name="hostName" value="cucnguyen - 192.168.21.104"/>
         <property name="hostAddress" value="192.168.21.104"/>
         <property name="os" value="Mac OS X 64bit"/>
         <property name="katalonVersion" value="9.1.0.212"/>
      </properties>
      <testcase name="Test Cases/POST Create booking" time="4.047" classname="Test Cases/POST Create booking" status="PASSED">
         <system-out><![CDATA[17-01-2024T20:24:48 - [TEST_CASE][PASSED] - Test Cases/POST Create booking: Test Cases/POST Create booking

17-01-2024T20:24:48 - [TEST_STEP][PASSED] - firstName = sample.Common.generateRandomString(): sample.Common.generateRandomString is PASSED

17-01-2024T20:24:48 - [MESSAGE][PASSED] - sample.Common.generateRandomString is PASSED

17-01-2024T20:24:48 - [TEST_STEP][PASSED] - lastName = sample.Common.generateRandomString(): sample.Common.generateRandomString is PASSED

17-01-2024T20:24:48 - [MESSAGE][PASSED] - sample.Common.generateRandomString is PASSED

17-01-2024T20:24:48 - [TEST_STEP][PASSED] - response = sendRequest(findTestObject("Object Repository/POST Create booking", ["firstName":firstName, "lastName":lastName])): Send request successfully

17-01-2024T20:24:50 - [MESSAGE][INFO] - HAR: /Users/cucnguyen/git/katalonApiExercise/Reports/20240117_202437/Final Test/20240117_202438/requests/main/1.har

17-01-2024T20:24:50 - [MESSAGE][PASSED] - Send request successfully

17-01-2024T20:24:50 - [TEST_STEP][PASSED] - verifyResponseStatusCode(response, 200): Verify response status code successfully

17-01-2024T20:24:50 - [MESSAGE][PASSED] - Verify response status code successfully

17-01-2024T20:24:50 - [TEST_STEP][PASSED] - verifyElementPropertyValue(response, "booking.firstname", $firstName): Verify element property value successfully

17-01-2024T20:24:50 - [MESSAGE][PASSED] - Verify element property value successfully

17-01-2024T20:24:50 - [TEST_STEP][PASSED] - verifyElementPropertyValue(response, "booking.lastname", $lastName): Verify element property value successfully

17-01-2024T20:24:50 - [MESSAGE][PASSED] - Verify element property value successfully

17-01-2024T20:24:50 - [TEST_STEP][PASSED] - responseFirstName = getElementPropertyValue(response, "booking.firstname"): null

17-01-2024T20:24:50 - [TEST_STEP][PASSED] - responseLastName = getElementPropertyValue(response, "booking.lastname"): null

17-01-2024T20:24:50 - [TEST_STEP][PASSED] - id = getElementPropertyValue(response, "bookingid"): null

17-01-2024T20:24:50 - [TEST_STEP][PASSED] - responseSearch = sendRequestAndVerify(findTestObject("Object Repository/GET Search booking", ["firstName":responseFirstName, "lastName":responseLastName])): Send request and verify the response successfully

17-01-2024T20:24:52 - [MESSAGE][INFO] - HAR: /Users/cucnguyen/git/katalonApiExercise/Reports/20240117_202437/Final Test/20240117_202438/requests/main/2.har

17-01-2024T20:24:52 - [TEST_CASE][PASSED] - Start Test Case : Verification: Verification accomplished successfully

17-01-2024T20:24:52 - [TEST_STEP][PASSED] - request = getInstance().getCurrentRequest(): null

17-01-2024T20:24:52 - [TEST_STEP][PASSED] - response = getInstance().getCurrentResponse(): null

17-01-2024T20:24:52 - [TEST_STEP][PASSED] - id = id: null

17-01-2024T20:24:52 - [TEST_STEP][PASSED] - jsonSlurper = new groovy.json.JsonSlurper(): null

17-01-2024T20:24:52 - [TEST_STEP][PASSED] - jsonResponse = jsonSlurper.parseText(response.getResponseText()): null

17-01-2024T20:24:52 - [MESSAGE][PASSED] - Verify response successfully

17-01-2024T20:24:52 - [MESSAGE][PASSED] - All validation steps have been passed

17-01-2024T20:24:52 - [MESSAGE][PASSED] - Send request and verify the response successfully

17-01-2024T20:24:52 - [TEST_STEP][PASSED] - verifyResponseStatusCode(responseSearch, 200): Verify response status code successfully

17-01-2024T20:24:52 - [MESSAGE][PASSED] - Verify response status code successfully

17-01-2024T20:24:52 - [TEST_STEP][PASSED] - responseBody = responseSearch.getResponseBodyContent(): null

17-01-2024T20:24:52 - [TEST_STEP][PASSED] - jsonResponse = JsonSlurper().parseText(responseBody): null

17-01-2024T20:24:52 - [TEST_STEP][PASSED] - userId = bookingid: null

17-01-2024T20:24:52 - [TEST_STEP][PASSED] - println("ID in response: " + userId): null

17-01-2024T20:24:52 - [TEST_STEP][PASSED] - println("response: " + responseBody): null

17-01-2024T20:24:52 - [TEST_STEP][PASSED] - verifyEqual(userId, id): Actual object '2,006' and expected object '2,006' are equal

17-01-2024T20:24:52 - [MESSAGE][PASSED] - Actual object '2,006' and expected object '2,006' are equal

17-01-2024T20:24:52 - [TEST_STEP][PASSED] - countID = jsonResponse.collect({ -> ... }): null

17-01-2024T20:24:52 - [TEST_STEP][PASSED] - println(countID.size()): null

17-01-2024T20:24:52 - [TEST_STEP][PASSED] - expectedNumber = 1: null

17-01-2024T20:24:52 - [TEST_STEP][PASSED] - verifyEqual(countID.size(), expectedNumber): Actual object '1' and expected object '1' are equal

17-01-2024T20:24:52 - [MESSAGE][PASSED] - Actual object '1' and expected object '1' are equal]]></system-out>
         <system-err><![CDATA[]]></system-err>
      </testcase>
      <testcase name="Test Cases/POST Create Multiple Booking" time="4.163" classname="Test Cases/POST Create Multiple Booking" status="PASSED">
         <system-out><![CDATA[17-01-2024T20:24:52 - [TEST_CASE][PASSED] - Test Cases/POST Create Multiple Booking: Test Cases/POST Create Multiple Booking

17-01-2024T20:24:52 - [TEST_STEP][PASSED] - response = sendRequest(findTestObject("Object Repository/POST Create Multiple Booking", ["firstName":firstName, "lastName":lastName])): Send request successfully

17-01-2024T20:24:54 - [MESSAGE][INFO] - HAR: /Users/cucnguyen/git/katalonApiExercise/Reports/20240117_202437/Final Test/20240117_202438/requests/main/3.har

17-01-2024T20:24:54 - [MESSAGE][PASSED] - Send request successfully

17-01-2024T20:24:54 - [TEST_STEP][PASSED] - verifyResponseStatusCode(response, 200): Verify response status code successfully

17-01-2024T20:24:54 - [MESSAGE][PASSED] - Verify response status code successfully

17-01-2024T20:24:54 - [TEST_STEP][PASSED] - verifyElementPropertyValue(response, "booking.firstname", $firstName): Verify element property value successfully

17-01-2024T20:24:54 - [MESSAGE][PASSED] - Verify element property value successfully

17-01-2024T20:24:54 - [TEST_STEP][PASSED] - verifyElementPropertyValue(response, "booking.lastname", $lastName): Verify element property value successfully

17-01-2024T20:24:54 - [MESSAGE][PASSED] - Verify element property value successfully

17-01-2024T20:24:54 - [TEST_STEP][PASSED] - id = getElementPropertyValue(response, "bookingid"): null

17-01-2024T20:24:54 - [TEST_STEP][PASSED] - responseGETRequest = sendRequestAndVerify(findTestObject("Object Repository/GET Booking Ids", ["id":id])): Send request and verify the response successfully

17-01-2024T20:24:56 - [MESSAGE][INFO] - HAR: /Users/cucnguyen/git/katalonApiExercise/Reports/20240117_202437/Final Test/20240117_202438/requests/main/4.har

17-01-2024T20:24:56 - [TEST_CASE][PASSED] - Start Test Case : Verification: Verification accomplished successfully

17-01-2024T20:24:56 - [TEST_STEP][PASSED] - request = getInstance().getCurrentRequest(): null

17-01-2024T20:24:56 - [TEST_STEP][PASSED] - response = getInstance().getCurrentResponse(): null

17-01-2024T20:24:56 - [MESSAGE][PASSED] - Verify response successfully

17-01-2024T20:24:56 - [MESSAGE][PASSED] - All validation steps have been passed

17-01-2024T20:24:56 - [MESSAGE][PASSED] - Send request and verify the response successfully

17-01-2024T20:24:56 - [TEST_STEP][PASSED] - verifyResponseStatusCode(responseGETRequest, 200): Verify response status code successfully

17-01-2024T20:24:56 - [MESSAGE][PASSED] - Verify response status code successfully

17-01-2024T20:24:56 - [TEST_STEP][PASSED] - responseBody = responseGETRequest.getResponseBodyContent(): null

17-01-2024T20:24:56 - [TEST_STEP][PASSED] - jsonResponse = JsonSlurper().parseText(responseBody): null

17-01-2024T20:24:56 - [TEST_STEP][PASSED] - firstNameRes = firstname: null

17-01-2024T20:24:56 - [TEST_STEP][PASSED] - lastNameRes = lastname: null

17-01-2024T20:24:56 - [TEST_STEP][PASSED] - println("RESPONE: " + jsonResponse): null

17-01-2024T20:24:56 - [TEST_STEP][PASSED] - verifyEqual(lastNameRes, $lastName): Actual object 'Nguyen' and expected object 'Nguyen' are equal

17-01-2024T20:24:56 - [MESSAGE][PASSED] - Actual object 'Nguyen' and expected object 'Nguyen' are equal

17-01-2024T20:24:56 - [TEST_STEP][PASSED] - verifyEqual(firstNameRes, $firstName): Actual object 'Cuc' and expected object 'Cuc' are equal

17-01-2024T20:24:56 - [MESSAGE][PASSED] - Actual object 'Cuc' and expected object 'Cuc' are equal]]></system-out>
         <system-err><![CDATA[]]></system-err>
      </testcase>
      <testcase name="Test Cases/POST Create Multiple Booking" time="6.802" classname="Test Cases/POST Create Multiple Booking" status="PASSED">
         <system-out><![CDATA[17-01-2024T20:24:56 - [TEST_CASE][PASSED] - Test Cases/POST Create Multiple Booking: Test Cases/POST Create Multiple Booking

17-01-2024T20:24:56 - [TEST_STEP][PASSED] - response = sendRequest(findTestObject("Object Repository/POST Create Multiple Booking", ["firstName":firstName, "lastName":lastName])): Send request successfully

17-01-2024T20:25:01 - [MESSAGE][INFO] - HAR: /Users/cucnguyen/git/katalonApiExercise/Reports/20240117_202437/Final Test/20240117_202438/requests/main/5.har

17-01-2024T20:25:01 - [MESSAGE][PASSED] - Send request successfully

17-01-2024T20:25:01 - [TEST_STEP][PASSED] - verifyResponseStatusCode(response, 200): Verify response status code successfully

17-01-2024T20:25:01 - [MESSAGE][PASSED] - Verify response status code successfully

17-01-2024T20:25:01 - [TEST_STEP][PASSED] - verifyElementPropertyValue(response, "booking.firstname", $firstName): Verify element property value successfully

17-01-2024T20:25:01 - [MESSAGE][PASSED] - Verify element property value successfully

17-01-2024T20:25:01 - [TEST_STEP][PASSED] - verifyElementPropertyValue(response, "booking.lastname", $lastName): Verify element property value successfully

17-01-2024T20:25:01 - [MESSAGE][PASSED] - Verify element property value successfully

17-01-2024T20:25:01 - [TEST_STEP][PASSED] - id = getElementPropertyValue(response, "bookingid"): null

17-01-2024T20:25:01 - [TEST_STEP][PASSED] - responseGETRequest = sendRequestAndVerify(findTestObject("Object Repository/GET Booking Ids", ["id":id])): Send request and verify the response successfully

17-01-2024T20:25:03 - [MESSAGE][INFO] - HAR: /Users/cucnguyen/git/katalonApiExercise/Reports/20240117_202437/Final Test/20240117_202438/requests/main/6.har

17-01-2024T20:25:03 - [TEST_CASE][PASSED] - Start Test Case : Verification: Verification accomplished successfully

17-01-2024T20:25:03 - [TEST_STEP][PASSED] - request = getInstance().getCurrentRequest(): null

17-01-2024T20:25:03 - [TEST_STEP][PASSED] - response = getInstance().getCurrentResponse(): null

17-01-2024T20:25:03 - [MESSAGE][PASSED] - Verify response successfully

17-01-2024T20:25:03 - [MESSAGE][PASSED] - All validation steps have been passed

17-01-2024T20:25:03 - [MESSAGE][PASSED] - Send request and verify the response successfully

17-01-2024T20:25:03 - [TEST_STEP][PASSED] - verifyResponseStatusCode(responseGETRequest, 200): Verify response status code successfully

17-01-2024T20:25:03 - [MESSAGE][PASSED] - Verify response status code successfully

17-01-2024T20:25:03 - [TEST_STEP][PASSED] - responseBody = responseGETRequest.getResponseBodyContent(): null

17-01-2024T20:25:03 - [TEST_STEP][PASSED] - jsonResponse = JsonSlurper().parseText(responseBody): null

17-01-2024T20:25:03 - [TEST_STEP][PASSED] - firstNameRes = firstname: null

17-01-2024T20:25:03 - [TEST_STEP][PASSED] - lastNameRes = lastname: null

17-01-2024T20:25:03 - [TEST_STEP][PASSED] - println("RESPONE: " + jsonResponse): null

17-01-2024T20:25:03 - [TEST_STEP][PASSED] - verifyEqual(lastNameRes, $lastName): Actual object 'Chau' and expected object 'Chau' are equal

17-01-2024T20:25:03 - [MESSAGE][PASSED] - Actual object 'Chau' and expected object 'Chau' are equal

17-01-2024T20:25:03 - [TEST_STEP][PASSED] - verifyEqual(firstNameRes, $firstName): Actual object 'Lap' and expected object 'Lap' are equal

17-01-2024T20:25:03 - [MESSAGE][PASSED] - Actual object 'Lap' and expected object 'Lap' are equal]]></system-out>
         <system-err><![CDATA[]]></system-err>
      </testcase>
      <testcase name="Test Cases/POST Create Multiple Booking" time="5.02" classname="Test Cases/POST Create Multiple Booking" status="PASSED">
         <system-out><![CDATA[17-01-2024T20:25:03 - [TEST_CASE][PASSED] - Test Cases/POST Create Multiple Booking: Test Cases/POST Create Multiple Booking

17-01-2024T20:25:03 - [TEST_STEP][PASSED] - response = sendRequest(findTestObject("Object Repository/POST Create Multiple Booking", ["firstName":firstName, "lastName":lastName])): Send request successfully

17-01-2024T20:25:06 - [MESSAGE][INFO] - HAR: /Users/cucnguyen/git/katalonApiExercise/Reports/20240117_202437/Final Test/20240117_202438/requests/main/7.har

17-01-2024T20:25:06 - [MESSAGE][PASSED] - Send request successfully

17-01-2024T20:25:06 - [TEST_STEP][PASSED] - verifyResponseStatusCode(response, 200): Verify response status code successfully

17-01-2024T20:25:06 - [MESSAGE][PASSED] - Verify response status code successfully

17-01-2024T20:25:06 - [TEST_STEP][PASSED] - verifyElementPropertyValue(response, "booking.firstname", $firstName): Verify element property value successfully

17-01-2024T20:25:06 - [MESSAGE][PASSED] - Verify element property value successfully

17-01-2024T20:25:06 - [TEST_STEP][PASSED] - verifyElementPropertyValue(response, "booking.lastname", $lastName): Verify element property value successfully

17-01-2024T20:25:06 - [MESSAGE][PASSED] - Verify element property value successfully

17-01-2024T20:25:06 - [TEST_STEP][PASSED] - id = getElementPropertyValue(response, "bookingid"): null

17-01-2024T20:25:06 - [TEST_STEP][PASSED] - responseGETRequest = sendRequestAndVerify(findTestObject("Object Repository/GET Booking Ids", ["id":id])): Send request and verify the response successfully

17-01-2024T20:25:08 - [MESSAGE][INFO] - HAR: /Users/cucnguyen/git/katalonApiExercise/Reports/20240117_202437/Final Test/20240117_202438/requests/main/8.har

17-01-2024T20:25:08 - [TEST_CASE][PASSED] - Start Test Case : Verification: Verification accomplished successfully

17-01-2024T20:25:08 - [TEST_STEP][PASSED] - request = getInstance().getCurrentRequest(): null

17-01-2024T20:25:08 - [TEST_STEP][PASSED] - response = getInstance().getCurrentResponse(): null

17-01-2024T20:25:08 - [MESSAGE][PASSED] - Verify response successfully

17-01-2024T20:25:08 - [MESSAGE][PASSED] - All validation steps have been passed

17-01-2024T20:25:08 - [MESSAGE][PASSED] - Send request and verify the response successfully

17-01-2024T20:25:08 - [TEST_STEP][PASSED] - verifyResponseStatusCode(responseGETRequest, 200): Verify response status code successfully

17-01-2024T20:25:08 - [MESSAGE][PASSED] - Verify response status code successfully

17-01-2024T20:25:08 - [TEST_STEP][PASSED] - responseBody = responseGETRequest.getResponseBodyContent(): null

17-01-2024T20:25:08 - [TEST_STEP][PASSED] - jsonResponse = JsonSlurper().parseText(responseBody): null

17-01-2024T20:25:08 - [TEST_STEP][PASSED] - firstNameRes = firstname: null

17-01-2024T20:25:08 - [TEST_STEP][PASSED] - lastNameRes = lastname: null

17-01-2024T20:25:08 - [TEST_STEP][PASSED] - println("RESPONE: " + jsonResponse): null

17-01-2024T20:25:08 - [TEST_STEP][PASSED] - verifyEqual(lastNameRes, $lastName): Actual object 'Nguyen' and expected object 'Nguyen' are equal

17-01-2024T20:25:08 - [MESSAGE][PASSED] - Actual object 'Nguyen' and expected object 'Nguyen' are equal

17-01-2024T20:25:08 - [TEST_STEP][PASSED] - verifyEqual(firstNameRes, $firstName): Actual object 'Anh' and expected object 'Anh' are equal

17-01-2024T20:25:08 - [MESSAGE][PASSED] - Actual object 'Anh' and expected object 'Anh' are equal]]></system-out>
         <system-err><![CDATA[]]></system-err>
      </testcase>
      <system-out><![CDATA[17-01-2024T20:24:45 - [TEST_SUITE][PASSED] - Final Test: Test Cases/POST Create Multiple Booking]]></system-out>
      <system-err><![CDATA[]]></system-err>
   </testsuite>
</testsuites>
