<?xml version="1.0" encoding="UTF-8"?>
<testsuites name="PUT" time="0.0" tests="0" failures="0" errors="0">
   <testsuite name="PUT" tests="0" failures="0" errors="0" time="0.0" skipped="0" timestamp="25-01-2024T22:16:23" hostname="cucnguyen - 192.168.2.12" id="Test Suites/PUT">
      <properties>
         <property name="deviceName" value=""/>
         <property name="devicePlatform" value=""/>
         <property name="logFolder" value="/Users/cucnguyen/git/katalonApiExercise/Reports/20240125_221617/PUT/20240125_221618"/>
         <property name="logFiles" value="/Users/cucnguyen/git/katalonApiExercise/Reports/20240125_221617/PUT/20240125_221618/execution0.log"/>
         <property name="attachments" value=""/>
         <property name="hostName" value="cucnguyen - 192.168.2.12"/>
         <property name="hostAddress" value="192.168.2.12"/>
         <property name="os" value="Mac OS X 64bit"/>
         <property name="katalonVersion" value="9.1.0.212"/>
      </properties>
      <system-out><![CDATA[25-01-2024T22:16:23 - [TEST_SUITE][INCOMPLETE] - PUT: null]]></system-out>
      <system-err><![CDATA[25-01-2024T22:16:23 - [TEST_SUITE][INCOMPLETE] - PUT: null]]></system-err>
   </testsuite>
</testsuites>
