<?xml version="1.0" encoding="UTF-8"?>
<testsuites name="Final Test" time="16.02" tests="4" failures="0" errors="0">
   <testsuite name="Final Test" tests="4" failures="0" errors="0" time="16.02" skipped="0" timestamp="25-01-2024T10:20:43" hostname="cucnguyen - localhost" id="Test Suites/Final Test">
      <properties>
         <property name="deviceName" value=""/>
         <property name="devicePlatform" value=""/>
         <property name="logFolder" value="/Users/cucnguyen/git/katalonApiExercise/Reports/20240125_102036/Final Test/20240125_102037"/>
         <property name="logFiles" value="/Users/cucnguyen/git/katalonApiExercise/Reports/20240125_102036/Final Test/20240125_102037/execution0.log"/>
         <property name="attachments" value=""/>
         <property name="hostName" value="cucnguyen - localhost"/>
         <property name="hostAddress" value="127.0.0.1"/>
         <property name="os" value="Mac OS X 64bit"/>
         <property name="katalonVersion" value="9.1.0.212"/>
      </properties>
      <testcase name="Test Cases/POST Create booking" time="3.17" classname="Test Cases/POST Create booking" status="PASSED">
         <system-out><![CDATA[25-01-2024T10:20:46 - [TEST_CASE][PASSED] - Test Cases/POST Create booking: Test Cases/POST Create booking

25-01-2024T10:20:46 - [TEST_STEP][PASSED] - firstName = sample.Common.generateRandomString(): sample.Common.generateRandomString is PASSED

25-01-2024T10:20:46 - [MESSAGE][PASSED] - sample.Common.generateRandomString is PASSED

25-01-2024T10:20:46 - [TEST_STEP][PASSED] - lastName = sample.Common.generateRandomString(): sample.Common.generateRandomString is PASSED

25-01-2024T10:20:46 - [MESSAGE][PASSED] - sample.Common.generateRandomString is PASSED

25-01-2024T10:20:46 - [TEST_STEP][PASSED] - println("First Name: " + firstName): null

25-01-2024T10:20:46 - [TEST_STEP][PASSED] - println("Last Name: " + lastName): null

25-01-2024T10:20:46 - [TEST_STEP][PASSED] - response = sendRequest(findTestObject("Object Repository/POST Create booking", ["firstName":firstName, "lastName":lastName])): Send request successfully

25-01-2024T10:20:48 - [MESSAGE][INFO] - HAR: /Users/cucnguyen/git/katalonApiExercise/Reports/20240125_102036/Final Test/20240125_102037/requests/main/1.har

25-01-2024T10:20:48 - [MESSAGE][PASSED] - Send request successfully

25-01-2024T10:20:48 - [TEST_STEP][PASSED] - verifyResponseStatusCode(response, 200): Verify response status code successfully

25-01-2024T10:20:48 - [MESSAGE][PASSED] - Verify response status code successfully

25-01-2024T10:20:48 - [TEST_STEP][PASSED] - verifyElementPropertyValue(response, "booking.firstname", $firstName): Verify element property value successfully

25-01-2024T10:20:48 - [MESSAGE][PASSED] - Verify element property value successfully

25-01-2024T10:20:48 - [TEST_STEP][PASSED] - verifyElementPropertyValue(response, "booking.lastname", $lastName): Verify element property value successfully

25-01-2024T10:20:48 - [MESSAGE][PASSED] - Verify element property value successfully

25-01-2024T10:20:48 - [TEST_STEP][PASSED] - responseFirstName = getElementPropertyValue(response, "booking.firstname"): null

25-01-2024T10:20:48 - [TEST_STEP][PASSED] - responseLastName = getElementPropertyValue(response, "booking.lastname"): null

25-01-2024T10:20:48 - [TEST_STEP][PASSED] - id = getElementPropertyValue(response, "bookingid"): null

25-01-2024T10:20:48 - [TEST_STEP][PASSED] - responseSearch = sendRequestAndVerify(findTestObject("Object Repository/GET Search booking", ["firstName":responseFirstName, "lastName":responseLastName])): Send request and verify the response successfully

25-01-2024T10:20:49 - [MESSAGE][INFO] - HAR: /Users/cucnguyen/git/katalonApiExercise/Reports/20240125_102036/Final Test/20240125_102037/requests/main/2.har

25-01-2024T10:20:49 - [TEST_CASE][PASSED] - Start Test Case : Verification: Verification accomplished successfully

25-01-2024T10:20:49 - [TEST_STEP][PASSED] - request = getInstance().getCurrentRequest(): null

25-01-2024T10:20:49 - [TEST_STEP][PASSED] - response = getInstance().getCurrentResponse(): null

25-01-2024T10:20:49 - [TEST_STEP][PASSED] - id = id: null

25-01-2024T10:20:49 - [TEST_STEP][PASSED] - jsonSlurper = new groovy.json.JsonSlurper(): null

25-01-2024T10:20:49 - [TEST_STEP][PASSED] - jsonResponse = jsonSlurper.parseText(response.getResponseText()): null

25-01-2024T10:20:49 - [MESSAGE][PASSED] - Verify response successfully

25-01-2024T10:20:49 - [MESSAGE][PASSED] - All validation steps have been passed

25-01-2024T10:20:49 - [MESSAGE][PASSED] - Send request and verify the response successfully

25-01-2024T10:20:49 - [TEST_STEP][PASSED] - verifyResponseStatusCode(responseSearch, 200): Verify response status code successfully

25-01-2024T10:20:49 - [MESSAGE][PASSED] - Verify response status code successfully

25-01-2024T10:20:49 - [TEST_STEP][PASSED] - responseBody = responseSearch.getResponseBodyContent(): null

25-01-2024T10:20:49 - [TEST_STEP][PASSED] - jsonResponse = JsonSlurper().parseText(responseBody): null

25-01-2024T10:20:49 - [TEST_STEP][PASSED] - userId = bookingid: null

25-01-2024T10:20:49 - [TEST_STEP][PASSED] - println("ID in response: " + userId): null

25-01-2024T10:20:49 - [TEST_STEP][PASSED] - println("response: " + responseBody): null

25-01-2024T10:20:49 - [TEST_STEP][PASSED] - verifyEqual(userId, id): Actual object '5,016' and expected object '5,016' are equal

25-01-2024T10:20:49 - [MESSAGE][PASSED] - Actual object '5,016' and expected object '5,016' are equal

25-01-2024T10:20:49 - [TEST_STEP][PASSED] - countID = jsonResponse.collect({ -> ... }): null

25-01-2024T10:20:49 - [TEST_STEP][PASSED] - println(countID.size()): null

25-01-2024T10:20:49 - [TEST_STEP][PASSED] - expectedNumber = 1: null

25-01-2024T10:20:49 - [TEST_STEP][PASSED] - verifyEqual(countID.size(), expectedNumber): Actual object '1' and expected object '1' are equal

25-01-2024T10:20:49 - [MESSAGE][PASSED] - Actual object '1' and expected object '1' are equal]]></system-out>
         <system-err><![CDATA[]]></system-err>
      </testcase>
      <testcase name="Test Cases/POST Create Multiple Booking" time="3.292" classname="Test Cases/POST Create Multiple Booking" status="PASSED">
         <system-out><![CDATA[25-01-2024T10:20:50 - [TEST_CASE][PASSED] - Test Cases/POST Create Multiple Booking: Test Cases/POST Create Multiple Booking

25-01-2024T10:20:50 - [TEST_STEP][PASSED] - response = sendRequest(findTestObject("Object Repository/POST Create Multiple Booking", ["firstName":firstName, "lastName":lastName])): Send request successfully

25-01-2024T10:20:51 - [MESSAGE][INFO] - HAR: /Users/cucnguyen/git/katalonApiExercise/Reports/20240125_102036/Final Test/20240125_102037/requests/main/3.har

25-01-2024T10:20:51 - [MESSAGE][PASSED] - Send request successfully

25-01-2024T10:20:51 - [TEST_STEP][PASSED] - verifyResponseStatusCode(response, 200): Verify response status code successfully

25-01-2024T10:20:51 - [MESSAGE][PASSED] - Verify response status code successfully

25-01-2024T10:20:51 - [TEST_STEP][PASSED] - verifyElementPropertyValue(response, "booking.firstname", $firstName): Verify element property value successfully

25-01-2024T10:20:51 - [MESSAGE][PASSED] - Verify element property value successfully

25-01-2024T10:20:51 - [TEST_STEP][PASSED] - verifyElementPropertyValue(response, "booking.lastname", $lastName): Verify element property value successfully

25-01-2024T10:20:51 - [MESSAGE][PASSED] - Verify element property value successfully

25-01-2024T10:20:51 - [TEST_STEP][PASSED] - id = getElementPropertyValue(response, "bookingid"): null

25-01-2024T10:20:51 - [TEST_STEP][PASSED] - responseGETRequest = sendRequestAndVerify(findTestObject("Object Repository/GET Booking Ids", ["id":id])): Send request and verify the response successfully

25-01-2024T10:20:53 - [MESSAGE][INFO] - HAR: /Users/cucnguyen/git/katalonApiExercise/Reports/20240125_102036/Final Test/20240125_102037/requests/main/4.har

25-01-2024T10:20:53 - [TEST_CASE][PASSED] - Start Test Case : Verification: Verification accomplished successfully

25-01-2024T10:20:53 - [TEST_STEP][PASSED] - request = getInstance().getCurrentRequest(): null

25-01-2024T10:20:53 - [TEST_STEP][PASSED] - response = getInstance().getCurrentResponse(): null

25-01-2024T10:20:53 - [MESSAGE][PASSED] - Verify response successfully

25-01-2024T10:20:53 - [MESSAGE][PASSED] - All validation steps have been passed

25-01-2024T10:20:53 - [MESSAGE][PASSED] - Send request and verify the response successfully

25-01-2024T10:20:53 - [TEST_STEP][PASSED] - verifyResponseStatusCode(responseGETRequest, 200): Verify response status code successfully

25-01-2024T10:20:53 - [MESSAGE][PASSED] - Verify response status code successfully

25-01-2024T10:20:53 - [TEST_STEP][PASSED] - responseBody = responseGETRequest.getResponseBodyContent(): null

25-01-2024T10:20:53 - [TEST_STEP][PASSED] - jsonResponse = JsonSlurper().parseText(responseBody): null

25-01-2024T10:20:53 - [TEST_STEP][PASSED] - firstNameRes = firstname: null

25-01-2024T10:20:53 - [TEST_STEP][PASSED] - lastNameRes = lastname: null

25-01-2024T10:20:53 - [TEST_STEP][PASSED] - println("RESPONE: " + jsonResponse): null

25-01-2024T10:20:53 - [TEST_STEP][PASSED] - verifyEqual(lastNameRes, $lastName): Actual object 'Nguyen' and expected object 'Nguyen' are equal

25-01-2024T10:20:53 - [MESSAGE][PASSED] - Actual object 'Nguyen' and expected object 'Nguyen' are equal

25-01-2024T10:20:53 - [TEST_STEP][PASSED] - verifyEqual(firstNameRes, $firstName): Actual object 'Cuc' and expected object 'Cuc' are equal

25-01-2024T10:20:53 - [MESSAGE][PASSED] - Actual object 'Cuc' and expected object 'Cuc' are equal]]></system-out>
         <system-err><![CDATA[]]></system-err>
      </testcase>
      <testcase name="Test Cases/POST Create Multiple Booking" time="3.273" classname="Test Cases/POST Create Multiple Booking" status="PASSED">
         <system-out><![CDATA[25-01-2024T10:20:53 - [TEST_CASE][PASSED] - Test Cases/POST Create Multiple Booking: Test Cases/POST Create Multiple Booking

25-01-2024T10:20:53 - [TEST_STEP][PASSED] - response = sendRequest(findTestObject("Object Repository/POST Create Multiple Booking", ["firstName":firstName, "lastName":lastName])): Send request successfully

25-01-2024T10:20:54 - [MESSAGE][INFO] - HAR: /Users/cucnguyen/git/katalonApiExercise/Reports/20240125_102036/Final Test/20240125_102037/requests/main/5.har

25-01-2024T10:20:54 - [MESSAGE][PASSED] - Send request successfully

25-01-2024T10:20:54 - [TEST_STEP][PASSED] - verifyResponseStatusCode(response, 200): Verify response status code successfully

25-01-2024T10:20:54 - [MESSAGE][PASSED] - Verify response status code successfully

25-01-2024T10:20:54 - [TEST_STEP][PASSED] - verifyElementPropertyValue(response, "booking.firstname", $firstName): Verify element property value successfully

25-01-2024T10:20:54 - [MESSAGE][PASSED] - Verify element property value successfully

25-01-2024T10:20:54 - [TEST_STEP][PASSED] - verifyElementPropertyValue(response, "booking.lastname", $lastName): Verify element property value successfully

25-01-2024T10:20:54 - [MESSAGE][PASSED] - Verify element property value successfully

25-01-2024T10:20:54 - [TEST_STEP][PASSED] - id = getElementPropertyValue(response, "bookingid"): null

25-01-2024T10:20:54 - [TEST_STEP][PASSED] - responseGETRequest = sendRequestAndVerify(findTestObject("Object Repository/GET Booking Ids", ["id":id])): Send request and verify the response successfully

25-01-2024T10:20:56 - [MESSAGE][INFO] - HAR: /Users/cucnguyen/git/katalonApiExercise/Reports/20240125_102036/Final Test/20240125_102037/requests/main/6.har

25-01-2024T10:20:56 - [TEST_CASE][PASSED] - Start Test Case : Verification: Verification accomplished successfully

25-01-2024T10:20:56 - [TEST_STEP][PASSED] - request = getInstance().getCurrentRequest(): null

25-01-2024T10:20:56 - [TEST_STEP][PASSED] - response = getInstance().getCurrentResponse(): null

25-01-2024T10:20:56 - [MESSAGE][PASSED] - Verify response successfully

25-01-2024T10:20:56 - [MESSAGE][PASSED] - All validation steps have been passed

25-01-2024T10:20:56 - [MESSAGE][PASSED] - Send request and verify the response successfully

25-01-2024T10:20:56 - [TEST_STEP][PASSED] - verifyResponseStatusCode(responseGETRequest, 200): Verify response status code successfully

25-01-2024T10:20:56 - [MESSAGE][PASSED] - Verify response status code successfully

25-01-2024T10:20:56 - [TEST_STEP][PASSED] - responseBody = responseGETRequest.getResponseBodyContent(): null

25-01-2024T10:20:56 - [TEST_STEP][PASSED] - jsonResponse = JsonSlurper().parseText(responseBody): null

25-01-2024T10:20:56 - [TEST_STEP][PASSED] - firstNameRes = firstname: null

25-01-2024T10:20:56 - [TEST_STEP][PASSED] - lastNameRes = lastname: null

25-01-2024T10:20:56 - [TEST_STEP][PASSED] - println("RESPONE: " + jsonResponse): null

25-01-2024T10:20:56 - [TEST_STEP][PASSED] - verifyEqual(lastNameRes, $lastName): Actual object 'Chau' and expected object 'Chau' are equal

25-01-2024T10:20:56 - [MESSAGE][PASSED] - Actual object 'Chau' and expected object 'Chau' are equal

25-01-2024T10:20:56 - [TEST_STEP][PASSED] - verifyEqual(firstNameRes, $firstName): Actual object 'Lap' and expected object 'Lap' are equal

25-01-2024T10:20:56 - [MESSAGE][PASSED] - Actual object 'Lap' and expected object 'Lap' are equal]]></system-out>
         <system-err><![CDATA[]]></system-err>
      </testcase>
      <testcase name="Test Cases/POST Create Multiple Booking" time="3.234" classname="Test Cases/POST Create Multiple Booking" status="PASSED">
         <system-out><![CDATA[25-01-2024T10:20:56 - [TEST_CASE][PASSED] - Test Cases/POST Create Multiple Booking: Test Cases/POST Create Multiple Booking

25-01-2024T10:20:56 - [TEST_STEP][PASSED] - response = sendRequest(findTestObject("Object Repository/POST Create Multiple Booking", ["firstName":firstName, "lastName":lastName])): Send request successfully

25-01-2024T10:20:58 - [MESSAGE][INFO] - HAR: /Users/cucnguyen/git/katalonApiExercise/Reports/20240125_102036/Final Test/20240125_102037/requests/main/7.har

25-01-2024T10:20:58 - [MESSAGE][PASSED] - Send request successfully

25-01-2024T10:20:58 - [TEST_STEP][PASSED] - verifyResponseStatusCode(response, 200): Verify response status code successfully

25-01-2024T10:20:58 - [MESSAGE][PASSED] - Verify response status code successfully

25-01-2024T10:20:58 - [TEST_STEP][PASSED] - verifyElementPropertyValue(response, "booking.firstname", $firstName): Verify element property value successfully

25-01-2024T10:20:58 - [MESSAGE][PASSED] - Verify element property value successfully

25-01-2024T10:20:58 - [TEST_STEP][PASSED] - verifyElementPropertyValue(response, "booking.lastname", $lastName): Verify element property value successfully

25-01-2024T10:20:58 - [MESSAGE][PASSED] - Verify element property value successfully

25-01-2024T10:20:58 - [TEST_STEP][PASSED] - id = getElementPropertyValue(response, "bookingid"): null

25-01-2024T10:20:58 - [TEST_STEP][PASSED] - responseGETRequest = sendRequestAndVerify(findTestObject("Object Repository/GET Booking Ids", ["id":id])): Send request and verify the response successfully

25-01-2024T10:20:59 - [MESSAGE][INFO] - HAR: /Users/cucnguyen/git/katalonApiExercise/Reports/20240125_102036/Final Test/20240125_102037/requests/main/8.har

25-01-2024T10:20:59 - [TEST_CASE][PASSED] - Start Test Case : Verification: Verification accomplished successfully

25-01-2024T10:20:59 - [TEST_STEP][PASSED] - request = getInstance().getCurrentRequest(): null

25-01-2024T10:20:59 - [TEST_STEP][PASSED] - response = getInstance().getCurrentResponse(): null

25-01-2024T10:20:59 - [MESSAGE][PASSED] - Verify response successfully

25-01-2024T10:20:59 - [MESSAGE][PASSED] - All validation steps have been passed

25-01-2024T10:20:59 - [MESSAGE][PASSED] - Send request and verify the response successfully

25-01-2024T10:20:59 - [TEST_STEP][PASSED] - verifyResponseStatusCode(responseGETRequest, 200): Verify response status code successfully

25-01-2024T10:20:59 - [MESSAGE][PASSED] - Verify response status code successfully

25-01-2024T10:20:59 - [TEST_STEP][PASSED] - responseBody = responseGETRequest.getResponseBodyContent(): null

25-01-2024T10:20:59 - [TEST_STEP][PASSED] - jsonResponse = JsonSlurper().parseText(responseBody): null

25-01-2024T10:20:59 - [TEST_STEP][PASSED] - firstNameRes = firstname: null

25-01-2024T10:20:59 - [TEST_STEP][PASSED] - lastNameRes = lastname: null

25-01-2024T10:20:59 - [TEST_STEP][PASSED] - println("RESPONE: " + jsonResponse): null

25-01-2024T10:20:59 - [TEST_STEP][PASSED] - verifyEqual(lastNameRes, $lastName): Actual object 'Nguyen' and expected object 'Nguyen' are equal

25-01-2024T10:20:59 - [MESSAGE][PASSED] - Actual object 'Nguyen' and expected object 'Nguyen' are equal

25-01-2024T10:20:59 - [TEST_STEP][PASSED] - verifyEqual(firstNameRes, $firstName): Actual object 'Anh' and expected object 'Anh' are equal

25-01-2024T10:20:59 - [MESSAGE][PASSED] - Actual object 'Anh' and expected object 'Anh' are equal]]></system-out>
         <system-err><![CDATA[]]></system-err>
      </testcase>
      <system-out><![CDATA[25-01-2024T10:20:43 - [TEST_SUITE][PASSED] - Final Test: Test Cases/POST Create Multiple Booking]]></system-out>
      <system-err><![CDATA[]]></system-err>
   </testsuite>
</testsuites>
