<?xml version="1.0" encoding="UTF-8"?>
<testsuites name="PUT" time="5.244" tests="1" failures="0" errors="0">
   <testsuite name="PUT" tests="1" failures="0" errors="0" time="5.244" skipped="0" timestamp="23-01-2024T21:56:44" hostname="cucnguyen - 192.168.21.110" id="Test Suites/PUT">
      <properties>
         <property name="deviceName" value=""/>
         <property name="devicePlatform" value=""/>
         <property name="logFolder" value="/Users/cucnguyen/git/katalonApiExercise/Reports/20240123_215637/PUT/20240123_215638"/>
         <property name="logFiles" value="/Users/cucnguyen/git/katalonApiExercise/Reports/20240123_215637/PUT/20240123_215638/execution0.log"/>
         <property name="attachments" value=""/>
         <property name="hostName" value="cucnguyen - 192.168.21.110"/>
         <property name="hostAddress" value="192.168.21.110"/>
         <property name="os" value="Mac OS X 64bit"/>
         <property name="katalonVersion" value="9.1.0.212"/>
      </properties>
      <testcase name="Test Cases/PUT Update Booking" time="1.879" classname="Test Cases/PUT Update Booking" status="PASSED">
         <system-out><![CDATA[23-01-2024T21:56:47 - [TEST_CASE][PASSED] - Test Cases/PUT Update Booking: Test Cases/PUT Update Booking

23-01-2024T21:56:47 - [TEST_STEP][PASSED] - firstName = sample.Common.generateRandomString(): sample.Common.generateRandomString is PASSED

23-01-2024T21:56:47 - [MESSAGE][PASSED] - sample.Common.generateRandomString is PASSED

23-01-2024T21:56:47 - [TEST_STEP][PASSED] - lastName = sample.Common.generateRandomString(): sample.Common.generateRandomString is PASSED

23-01-2024T21:56:47 - [MESSAGE][PASSED] - sample.Common.generateRandomString is PASSED

23-01-2024T21:56:47 - [TEST_STEP][PASSED] - response = sendRequest(findTestObject("Object Repository/POST Create booking", ["firstName":firstName, "lastName":lastName])): Send request successfully

23-01-2024T21:56:49 - [MESSAGE][INFO] - HAR: /Users/cucnguyen/git/katalonApiExercise/Reports/20240123_215637/PUT/20240123_215638/requests/main/1.har

23-01-2024T21:56:49 - [MESSAGE][PASSED] - Send request successfully

23-01-2024T21:56:49 - [TEST_STEP][PASSED] - verifyResponseStatusCode(response, 200): Verify response status code successfully

23-01-2024T21:56:49 - [MESSAGE][PASSED] - Verify response status code successfully

23-01-2024T21:56:49 - [TEST_STEP][PASSED] - verifyElementPropertyValue(response, "booking.firstname", $firstName): Verify element property value successfully

23-01-2024T21:56:49 - [MESSAGE][PASSED] - Verify element property value successfully

23-01-2024T21:56:49 - [TEST_STEP][PASSED] - verifyElementPropertyValue(response, "booking.lastname", $lastName): Verify element property value successfully

23-01-2024T21:56:49 - [MESSAGE][PASSED] - Verify element property value successfully

23-01-2024T21:56:49 - [TEST_STEP][PASSED] - id = getElementPropertyValue(response, "bookingid"): null

23-01-2024T21:56:49 - [TEST_STEP][PASSED] - firstNameUpdate = $firstNameUpdate: null

23-01-2024T21:56:49 - [TEST_STEP][PASSED] - lastNameUpdate = $lastNameUpdate: null

23-01-2024T21:56:49 - [TEST_STEP][PASSED] - requestObject = findTestObject("Object Repository/PUT Update Booking", ["id":id, "firstNameUpdate":$firstNameUpdate, "lastNameUpdate":$lastNameUpdate]): null

23-01-2024T21:56:49 - [TEST_STEP][PASSED] - println("Request Payload: " + requestObject.getHttpBody()): null]]></system-out>
         <system-err><![CDATA[]]></system-err>
      </testcase>
      <system-out><![CDATA[23-01-2024T21:56:44 - [TEST_SUITE][PASSED] - PUT: Test Cases/PUT Update Booking]]></system-out>
      <system-err><![CDATA[]]></system-err>
   </testsuite>
</testsuites>
