<?xml version="1.0" encoding="UTF-8"?>
<testsuites name="Exercise 2" time="13.524" tests="3" failures="0" errors="0">
   <testsuite name="Exercise 2" tests="3" failures="0" errors="0" time="13.524" skipped="0" timestamp="10-01-2024T22:32:37" hostname="cucnguyen - 192.168.2.12" id="Test Suites/Exercise 2">
      <properties>
         <property name="deviceName" value=""/>
         <property name="devicePlatform" value=""/>
         <property name="logFolder" value="/Users/cucnguyen/Katalon Studio/Exam Katalon/Reports/20240110_223231/Exercise 2/20240110_223231"/>
         <property name="logFiles" value="/Users/cucnguyen/Katalon Studio/Exam Katalon/Reports/20240110_223231/Exercise 2/20240110_223231/execution0.log"/>
         <property name="attachments" value=""/>
         <property name="hostName" value="cucnguyen - 192.168.2.12"/>
         <property name="hostAddress" value="192.168.2.12"/>
         <property name="os" value="Mac OS X 64bit"/>
         <property name="katalonVersion" value="9.1.0.212"/>
      </properties>
      <testcase name="Test Cases/POST Create Multiple Booking" time="4.668" classname="Test Cases/POST Create Multiple Booking" status="PASSED">
         <system-out><![CDATA[10-01-2024T22:32:37 - [TEST_CASE][PASSED] - Test Cases/POST Create Multiple Booking: Test Cases/POST Create Multiple Booking

10-01-2024T22:32:37 - [TEST_STEP][PASSED] - response = sendRequest(findTestObject("Object Repository/POST Create Multiple Booking", ["firstName":firstName, "lastName":lastName])): Send request successfully

10-01-2024T22:32:40 - [MESSAGE][INFO] - HAR: /Users/cucnguyen/Katalon Studio/Exam Katalon/Reports/20240110_223231/Exercise 2/20240110_223231/requests/main/0.har

10-01-2024T22:32:40 - [MESSAGE][PASSED] - Send request successfully

10-01-2024T22:32:40 - [TEST_STEP][PASSED] - verifyResponseStatusCode(response, 200): Verify response status code successfully

10-01-2024T22:32:40 - [MESSAGE][PASSED] - Verify response status code successfully

10-01-2024T22:32:40 - [TEST_STEP][PASSED] - verifyElementPropertyValue(response, "booking.firstname", $firstName): Verify element property value successfully

10-01-2024T22:32:40 - [MESSAGE][PASSED] - Verify element property value successfully

10-01-2024T22:32:40 - [TEST_STEP][PASSED] - verifyElementPropertyValue(response, "booking.lastname", $lastName): Verify element property value successfully

10-01-2024T22:32:40 - [MESSAGE][PASSED] - Verify element property value successfully

10-01-2024T22:32:40 - [TEST_STEP][PASSED] - id = getElementPropertyValue(response, "bookingid"): null

10-01-2024T22:32:40 - [TEST_STEP][PASSED] - ids = id: null

10-01-2024T22:32:40 - [TEST_STEP][PASSED] - println("Boooking id: " + id): null

10-01-2024T22:32:40 - [TEST_STEP][PASSED] - responseGETRequest = sendRequestAndVerify(findTestObject("Object Repository/GET Booking Ids", ["bookingid":id])): Send request and verify the response successfully

10-01-2024T22:32:42 - [MESSAGE][INFO] - HAR: /Users/cucnguyen/Katalon Studio/Exam Katalon/Reports/20240110_223231/Exercise 2/20240110_223231/requests/main/1.har

10-01-2024T22:32:42 - [TEST_CASE][PASSED] - Start Test Case : Verification: Verification accomplished successfully

10-01-2024T22:32:42 - [TEST_STEP][PASSED] - request = getInstance().getCurrentRequest(): null

10-01-2024T22:32:42 - [TEST_STEP][PASSED] - response = getInstance().getCurrentResponse(): null

10-01-2024T22:32:42 - [MESSAGE][PASSED] - Verify response successfully

10-01-2024T22:32:42 - [MESSAGE][PASSED] - All validation steps have been passed

10-01-2024T22:32:42 - [MESSAGE][PASSED] - Send request and verify the response successfully

10-01-2024T22:32:42 - [TEST_STEP][PASSED] - verifyResponseStatusCode(responseGETRequest, 200): Verify response status code successfully

10-01-2024T22:32:42 - [MESSAGE][PASSED] - Verify response status code successfully

10-01-2024T22:32:42 - [TEST_STEP][PASSED] - responseBody = responseGETRequest.getResponseBodyContent(): null

10-01-2024T22:32:42 - [TEST_STEP][PASSED] - jsonResponse = JsonSlurper().parseText(responseBody): null

10-01-2024T22:32:42 - [TEST_STEP][PASSED] - firstNameRes = firstname: null

10-01-2024T22:32:42 - [TEST_STEP][PASSED] - lastNameRes = lastname: null

10-01-2024T22:32:42 - [TEST_STEP][PASSED] - println("RESPONE: " + jsonResponse): null]]></system-out>
         <system-err><![CDATA[]]></system-err>
      </testcase>
      <testcase name="Test Cases/POST Create Multiple Booking" time="4.002" classname="Test Cases/POST Create Multiple Booking" status="PASSED">
         <system-out><![CDATA[10-01-2024T22:32:42 - [TEST_CASE][PASSED] - Test Cases/POST Create Multiple Booking: Test Cases/POST Create Multiple Booking

10-01-2024T22:32:42 - [TEST_STEP][PASSED] - response = sendRequest(findTestObject("Object Repository/POST Create Multiple Booking", ["firstName":firstName, "lastName":lastName])): Send request successfully

10-01-2024T22:32:44 - [MESSAGE][INFO] - HAR: /Users/cucnguyen/Katalon Studio/Exam Katalon/Reports/20240110_223231/Exercise 2/20240110_223231/requests/main/2.har

10-01-2024T22:32:44 - [MESSAGE][PASSED] - Send request successfully

10-01-2024T22:32:44 - [TEST_STEP][PASSED] - verifyResponseStatusCode(response, 200): Verify response status code successfully

10-01-2024T22:32:44 - [MESSAGE][PASSED] - Verify response status code successfully

10-01-2024T22:32:44 - [TEST_STEP][PASSED] - verifyElementPropertyValue(response, "booking.firstname", $firstName): Verify element property value successfully

10-01-2024T22:32:44 - [MESSAGE][PASSED] - Verify element property value successfully

10-01-2024T22:32:44 - [TEST_STEP][PASSED] - verifyElementPropertyValue(response, "booking.lastname", $lastName): Verify element property value successfully

10-01-2024T22:32:44 - [MESSAGE][PASSED] - Verify element property value successfully

10-01-2024T22:32:44 - [TEST_STEP][PASSED] - id = getElementPropertyValue(response, "bookingid"): null

10-01-2024T22:32:44 - [TEST_STEP][PASSED] - ids = id: null

10-01-2024T22:32:44 - [TEST_STEP][PASSED] - println("Boooking id: " + id): null

10-01-2024T22:32:44 - [TEST_STEP][PASSED] - responseGETRequest = sendRequestAndVerify(findTestObject("Object Repository/GET Booking Ids", ["bookingid":id])): Send request and verify the response successfully

10-01-2024T22:32:46 - [MESSAGE][INFO] - HAR: /Users/cucnguyen/Katalon Studio/Exam Katalon/Reports/20240110_223231/Exercise 2/20240110_223231/requests/main/3.har

10-01-2024T22:32:46 - [TEST_CASE][PASSED] - Start Test Case : Verification: Verification accomplished successfully

10-01-2024T22:32:46 - [TEST_STEP][PASSED] - request = getInstance().getCurrentRequest(): null

10-01-2024T22:32:46 - [TEST_STEP][PASSED] - response = getInstance().getCurrentResponse(): null

10-01-2024T22:32:46 - [MESSAGE][PASSED] - Verify response successfully

10-01-2024T22:32:46 - [MESSAGE][PASSED] - All validation steps have been passed

10-01-2024T22:32:46 - [MESSAGE][PASSED] - Send request and verify the response successfully

10-01-2024T22:32:46 - [TEST_STEP][PASSED] - verifyResponseStatusCode(responseGETRequest, 200): Verify response status code successfully

10-01-2024T22:32:46 - [MESSAGE][PASSED] - Verify response status code successfully

10-01-2024T22:32:46 - [TEST_STEP][PASSED] - responseBody = responseGETRequest.getResponseBodyContent(): null

10-01-2024T22:32:46 - [TEST_STEP][PASSED] - jsonResponse = JsonSlurper().parseText(responseBody): null

10-01-2024T22:32:46 - [TEST_STEP][PASSED] - firstNameRes = firstname: null

10-01-2024T22:32:46 - [TEST_STEP][PASSED] - lastNameRes = lastname: null

10-01-2024T22:32:46 - [TEST_STEP][PASSED] - println("RESPONE: " + jsonResponse): null]]></system-out>
         <system-err><![CDATA[]]></system-err>
      </testcase>
      <testcase name="Test Cases/POST Create Multiple Booking" time="4.72" classname="Test Cases/POST Create Multiple Booking" status="PASSED">
         <system-out><![CDATA[10-01-2024T22:32:46 - [TEST_CASE][PASSED] - Test Cases/POST Create Multiple Booking: Test Cases/POST Create Multiple Booking

10-01-2024T22:32:46 - [TEST_STEP][PASSED] - response = sendRequest(findTestObject("Object Repository/POST Create Multiple Booking", ["firstName":firstName, "lastName":lastName])): Send request successfully

10-01-2024T22:32:48 - [MESSAGE][INFO] - HAR: /Users/cucnguyen/Katalon Studio/Exam Katalon/Reports/20240110_223231/Exercise 2/20240110_223231/requests/main/4.har

10-01-2024T22:32:48 - [MESSAGE][PASSED] - Send request successfully

10-01-2024T22:32:48 - [TEST_STEP][PASSED] - verifyResponseStatusCode(response, 200): Verify response status code successfully

10-01-2024T22:32:48 - [MESSAGE][PASSED] - Verify response status code successfully

10-01-2024T22:32:48 - [TEST_STEP][PASSED] - verifyElementPropertyValue(response, "booking.firstname", $firstName): Verify element property value successfully

10-01-2024T22:32:48 - [MESSAGE][PASSED] - Verify element property value successfully

10-01-2024T22:32:48 - [TEST_STEP][PASSED] - verifyElementPropertyValue(response, "booking.lastname", $lastName): Verify element property value successfully

10-01-2024T22:32:48 - [MESSAGE][PASSED] - Verify element property value successfully

10-01-2024T22:32:48 - [TEST_STEP][PASSED] - id = getElementPropertyValue(response, "bookingid"): null

10-01-2024T22:32:48 - [TEST_STEP][PASSED] - ids = id: null

10-01-2024T22:32:48 - [TEST_STEP][PASSED] - println("Boooking id: " + id): null

10-01-2024T22:32:48 - [TEST_STEP][PASSED] - responseGETRequest = sendRequestAndVerify(findTestObject("Object Repository/GET Booking Ids", ["bookingid":id])): Send request and verify the response successfully

10-01-2024T22:32:50 - [MESSAGE][INFO] - HAR: /Users/cucnguyen/Katalon Studio/Exam Katalon/Reports/20240110_223231/Exercise 2/20240110_223231/requests/main/5.har

10-01-2024T22:32:50 - [TEST_CASE][PASSED] - Start Test Case : Verification: Verification accomplished successfully

10-01-2024T22:32:50 - [TEST_STEP][PASSED] - request = getInstance().getCurrentRequest(): null

10-01-2024T22:32:50 - [TEST_STEP][PASSED] - response = getInstance().getCurrentResponse(): null

10-01-2024T22:32:50 - [MESSAGE][PASSED] - Verify response successfully

10-01-2024T22:32:50 - [MESSAGE][PASSED] - All validation steps have been passed

10-01-2024T22:32:50 - [MESSAGE][PASSED] - Send request and verify the response successfully

10-01-2024T22:32:50 - [TEST_STEP][PASSED] - verifyResponseStatusCode(responseGETRequest, 200): Verify response status code successfully

10-01-2024T22:32:50 - [MESSAGE][PASSED] - Verify response status code successfully

10-01-2024T22:32:50 - [TEST_STEP][PASSED] - responseBody = responseGETRequest.getResponseBodyContent(): null

10-01-2024T22:32:50 - [TEST_STEP][PASSED] - jsonResponse = JsonSlurper().parseText(responseBody): null

10-01-2024T22:32:50 - [TEST_STEP][PASSED] - firstNameRes = firstname: null

10-01-2024T22:32:50 - [TEST_STEP][PASSED] - lastNameRes = lastname: null

10-01-2024T22:32:50 - [TEST_STEP][PASSED] - println("RESPONE: " + jsonResponse): null]]></system-out>
         <system-err><![CDATA[]]></system-err>
      </testcase>
      <system-out><![CDATA[10-01-2024T22:32:37 - [TEST_SUITE][PASSED] - Exercise 2: Test Cases/POST Create Multiple Booking]]></system-out>
      <system-err><![CDATA[]]></system-err>
   </testsuite>
</testsuites>
