<?xml version="1.0" encoding="UTF-8"?>
<testsuites name="Exercise 1" time="10.429" tests="2" failures="1" errors="0">
   <testsuite name="Exercise 1" tests="2" failures="1" errors="0" time="10.429" skipped="0" timestamp="10-01-2024T01:27:57" hostname="cucnguyen - 192.168.2.12" id="Test Suites/Exercise 1">
      <properties>
         <property name="deviceName" value=""/>
         <property name="devicePlatform" value=""/>
         <property name="logFolder" value="/Users/cucnguyen/Katalon Studio/Exam Katalon/Reports/20240110_012751/Exercise 1/20240110_012752"/>
         <property name="logFiles" value="/Users/cucnguyen/Katalon Studio/Exam Katalon/Reports/20240110_012751/Exercise 1/20240110_012752/execution0.log"/>
         <property name="attachments" value=""/>
         <property name="hostName" value="cucnguyen - 192.168.2.12"/>
         <property name="hostAddress" value="192.168.2.12"/>
         <property name="os" value="Mac OS X 64bit"/>
         <property name="katalonVersion" value="9.1.0.212"/>
      </properties>
      <testcase name="Test Cases/POST Create booking" time="2.372" classname="Test Cases/POST Create booking" status="PASSED">
         <system-out><![CDATA[10-01-2024T01:27:57 - [TEST_CASE][PASSED] - Test Cases/POST Create booking: Test Cases/POST Create booking

10-01-2024T01:27:57 - [TEST_STEP][PASSED] - firstName = sample.Common.generateRandomString(): sample.Common.generateRandomString is PASSED

10-01-2024T01:27:57 - [MESSAGE][PASSED] - sample.Common.generateRandomString is PASSED

10-01-2024T01:27:57 - [TEST_STEP][PASSED] - lastName = sample.Common.generateRandomString(): sample.Common.generateRandomString is PASSED

10-01-2024T01:27:57 - [MESSAGE][PASSED] - sample.Common.generateRandomString is PASSED

10-01-2024T01:27:57 - [TEST_STEP][PASSED] - response = sendRequest(findTestObject("Object Repository/POST Create booking", ["firstName":firstName, "lastName":lastName])): Send request successfully

10-01-2024T01:27:59 - [MESSAGE][INFO] - HAR: /Users/cucnguyen/Katalon Studio/Exam Katalon/Reports/20240110_012751/Exercise 1/20240110_012752/requests/main/0.har

10-01-2024T01:27:59 - [MESSAGE][PASSED] - Send request successfully

10-01-2024T01:27:59 - [TEST_STEP][PASSED] - verifyResponseStatusCode(response, 200): Verify response status code successfully

10-01-2024T01:27:59 - [MESSAGE][PASSED] - Verify response status code successfully

10-01-2024T01:27:59 - [TEST_STEP][PASSED] - verifyElementPropertyValue(response, "booking.firstname", $firstName): Verify element property value successfully

10-01-2024T01:28:00 - [MESSAGE][PASSED] - Verify element property value successfully

10-01-2024T01:28:00 - [TEST_STEP][PASSED] - verifyElementPropertyValue(response, "booking.lastname", $lastName): Verify element property value successfully

10-01-2024T01:28:00 - [MESSAGE][PASSED] - Verify element property value successfully

10-01-2024T01:28:00 - [TEST_STEP][PASSED] - responseFirstName = getElementPropertyValue(response, "booking.firstname"): null

10-01-2024T01:28:00 - [TEST_STEP][PASSED] - responseLastName = getElementPropertyValue(response, "booking.lastname"): null

10-01-2024T01:28:00 - [TEST_STEP][PASSED] - id = getElementPropertyValue(response, "bookingid"): null

10-01-2024T01:28:00 - [TEST_STEP][PASSED] - firstName = responseFirstName: null

10-01-2024T01:28:00 - [TEST_STEP][PASSED] - lastName = responseLastName: null

10-01-2024T01:28:00 - [TEST_STEP][PASSED] - id = id: null

10-01-2024T01:28:00 - [TEST_STEP][PASSED] - println("responseFirstName " + responseFirstName): null

10-01-2024T01:28:00 - [TEST_STEP][PASSED] - println("responseLastName " + responseLastName): null

10-01-2024T01:28:00 - [TEST_STEP][PASSED] - println("id: " + id): null]]></system-out>
         <system-err><![CDATA[]]></system-err>
      </testcase>
      <testcase name="Test Cases/GET Search booking" time="1.855" classname="Test Cases/GET Search booking" status="FAILED">
         <failure type="FAILED" message="Test Cases/GET Search booking FAILED.&#xa;Reason:&#xa;com.kms.katalon.core.exception.StepFailedException: Expected element property value '3398' is not equal with actual property value '[178, 1685, 3032, 1411, 944, 1634, 101, 3172, 302, 430, 918, 2256, 1539, 2221, 119, 262, 669, 2192, 374, 3100, 741, 3156, 2812, 3443, 442, 192, 3419, 637, 2510, 1382, 383, 3114, 2259, 3013, 3059, 3250, 884, 3330, 3047, 1144, 2848, 1957, 1902, 1743, 463, 3289, 454, 3333, 1709, 3145, 609, 1071, 2542, 3346, 1806, 1769, 615, 2336, 1891, 3092, 563, 2501, 684, 1809, 472, 689, 804, 622, 715, 2876, 61, 2929, 554, 1529, 1842, 308, 1043, 2366, 2637, 873, 3240, 880, 2959, 216, 69, 1445, 645, 1571, 1152, 775, 2113, 1607, 1760, 2881, 2442, 263, 1586, 1255, 1745, 3454, 1570, 1243, 1704, 930, 891, 3060, 627, 2149, 1246, 1749, 165, 413, 1884, 2818, 2670, 2435, 420, 3210, 3219, 817, 1151, 1641, 2376, 950, 2761, 2525, 1082, 459, 1324, 846, 2129, 468, 719, 2533, 300, 1679, 3045, 1336, 1430, 3038, 565, 3301, 1288, 57, 851, 2908, 2048, 38, 3158, 2585, 3122, 3099, 2407, 2507, 3431, 1237, 2660, 2213, 3344, 1841, 2285, 642, 3231, 31, 723, 3192, 874, 85, 3385, 3150, 1063, 1129, 2324, 2795, 572, 1198, 2717, 414, 7, 2497, 961, 3462, 1398, 1016, 3296, 2171, 2148, 1824, 1190, 1018, 2893, 1506, 858, 2676, 402, 2839, 1637, 390, 2232, 1883, 2523, 1959, 967, 929, 341, 2227, 1447, 2090, 32, 989, 1231, 3003, 3028, 1818, 1476, 267, 3239, 2629, 764, 1776, 1340, 2393, 2319, 2748, 2583, 2814, 3020, 2790, 1684, 2564, 2004, 1158, 826, 1722, 1606, 1965, 30, 2722, 135, 372, 3378, 440, 82, 2283, 91, 2231, 1786, 1780, 1968, 1984, 1857, 1826, 2646, 1213, 581, 2412, 2369, 687, 1715, 1785, 210, 1614, 3464, 249, 1770, 143, 1666, 996, 1748, 1612, 875, 1210, 2457, 1594, 3277, 3123, 2833, 3299, 2504, 1635, 3382, 2838, 319, 1169, 2536, 269, 2695, 457, 2177, 2330, 1202, 2724, 2774, 2614, 1995, 742, 3113, 2701, 2484, 2051, 1184, 1976, 2914, 2075, 495, 1105, 648, 619, 3176, 988, 1867, 2284, 1938, 3234, 3053, 2690, 291, 3151, 1734, 1136, 916, 2752, 3080, 1711, 3358, 1087, 1492, 1478, 2036, 2183, 2540, 97, 1929, 2636, 2826, 1042, 1471, 1982, 871, 3254, 772, 462, 2770, 977, 2681, 675, 2847, 1217, 1605, 815, 1117, 3217, 1523, 2328, 2430, 3004, 2186, 2243, 1947, 3306, 3271, 997, 2169, 1544, 2394, 2807, 1756, 2498, 1793, 1917, 1890, 188, 352, 507, 1853, 1316, 1797, 3384, 1836, 2117, 2406, 279, 373, 1847, 1159, 3102, 407, 2668, 2913, 1391, 2144, 256, 630, 3280, 2800, 2039, 2736, 1328, 2238, 1230, 348, 711, 708, 1211, 2312, 364, 664, 228, 1386, 2091, 512, 248, 525, 283, 2154, 2740, 109, 500, 1470, 2569, 2841, 869, 1218, 1162, 1163, 2910, 1199, 1228, 1103, 3103, 2561, 1443, 3226, 2085, 2551, 1381, 1869, 780, 2104, 1620, 1595, 3323, 1729, 3444, 3314, 12, 778, 331, 2082, 2713, 3054, 2928, 693, 3310, 3076, 518, 504, 3401, 2291, 586, 975, 1275, 2146, 292, 2816, 2647, 882, 748, 1588, 2846, 311, 445, 1494, 3252, 1297, 2610, 1754, 758, 1860, 691, 2801, 2, 2474, 72, 2715, 3374, 3405, 2165, 3068, 1563, 1837, 524, 1872, 208, 3354, 1135, 1078, 74, 2798, 1189, 3117, 2494, 179, 278, 1024, 1473, 990, 1581, 3043, 1522, 2290, 1432, 3186, 550, 1615, 1904, 2708, 2251, 515, 1850, 2937, 438, 1675, 679, 766, 2398, 2877, 1646, 2453, 295, 34, 3396, 567, 2115, 2889, 2127, 2077, 2092, 2605, 2362, 722, 2749, 75, 3286, 3363, 3357, 200, 336, 1739, 1728, 2208, 2018, 258, 2756, 44, 1120, 3190, 2824, 1880, 3399, 809, 1609, 2363, 1825, 2745, 2545, 2938, 3433, 2804, 2552, 1281, 1993, 197, 2456, 2888, 1244, 2397, 2948, 576, 1912, 1132, 2698, 813, 339, 1460, 172, 1948, 1434, 2236, 823, 2020, 1001, 1545, 3414, 1363, 1925, 1346, 888, 1742, 2391, 1065, 1500, 10, 2685, 229, 923, 2528, 3138, 1889, 1282, 1123, 2514, 2834, 2466, 1431, 132, 1364, 1058, 2418, 287, 3015, 96, 2692, 1555, 848, 1696, 1953, 901, 245, 1109, 2206, 862, 1979, 1526, 117, 3389, 571, 1833, 3083, 377, 604, 3390, 95, 510, 1632, 21, 1589, 1800, 2417, 1830, 2550, 47, 2358, 1080, 3181, 825, 1333, 2155, 666, 1216, 3340, 324, 2485, 350, 2859, 1372, 3050, 3162, 2649, 3266, 580, 522, 198, 3423, 840, 652, 1164, 17, 931, 354, 3410, 1466, 2970, 2059, 3270, 2689, 2028, 182, 233, 450, 1899, 737, 1104, 3202, 2547, 2141, 508, 2993, 1022, 2549, 2216, 3131, 1025, 2013, 1396, 1309, 105, 227, 807, 1387, 125, 3085, 1892, 2979, 2492, 3339, 692, 866, 3347, 1176, 2516, 246, 3235, 624, 2894, 3154, 681, 2106, 1991, 1039, 2081, 366, 2047, 1810, 3398, 2019, 355, 176, 2730, 1119, 553, 1047, 2029, 1549, 1389, 1342, 396, 108, 1750, 1766, 1974, 417, 251, 3441, 2785, 3263, 3379, 1276, 1171, 1033, 3185, 1661, 594, 2604, 222, 2624, 50, 1958, 1369, 1196, 152, 77, 2962, 1036, 1920, 2821, 973, 790, 3463, 1924, 1406, 3244, 1050, 3187, 2162, 543, 494, 3350, 1139, 2072, 638, 784, 1592, 2414, 1485, 2509, 2927, 395, 389, 1673, 380, 2203, 734, 570, 1566, 2098, 19, 1848, 1452, 2142, 2222, 274, 2461, 1774, 2586, 3436, 301, 3348, 2447, 1361, 1674, 579, 1304, 5, 2109, 2001, 1887, 703, 1311, 2652, 2096, 2337, 2265, 3397, 805, 2194, 1348, 3142, 2808, 892, 736, 1074, 1668, 3051, 2526, 1587, 2343, 2619, 193, 2725, 3197, 606, 724, 3196, 1676, 2210, 2441, 2423, 1791, 1807, 166, 502, 906, 1877, 116, 2261, 1618, 2635, 3137, 1805, 3098, 535, 1627, 600, 1010, 209, 2897, 2189, 521, 1735, 795, 2743, 1479, 2433, 1450, 2832, 1133, 3427, 2374, 2622, 2640, 3407, 3066, 841, 2707, 699, 2199, 588, 1007, 16, 607, 2639, 2462, 1911, 439, 3437, 1834, 186, 3058, 3010, 1535, 2976, 1821, 59, 1831, 2599, 739, 2963, 1642, 2787, 1313, 1298, 1873, 1376, 2791, 1562, 3044, 2156, 743, 80, 968, 1761, 3428, 1788, 644, 2524, 46, 201, 2844, 1730, 1426, 399, 3199, 2274, 749, 2882, 3039, 1973, 1653, 2025, 2598, 2038, 2981, 2898, 1138, 2810, 126, 904, 241, 3225, 2921, 2590, 1919, 1866, 358, 2632, 1945, 1718, 23, 3343, 1885, 3033, 2964, 542, 1852, 1638, 2157, 2989, 659, 297, 1127, 649, 1425, 1980, 1816, 1712, 730, 2784, 1999, 48, 3107, 2262, 1026, 1484, 1610, 136, 2926, 223, 1913, 697, 3007, 3421, 2160, 252, 1436, 1070, 3329, 651, 545, 1923, 2100, 3012, 382, 3316, 1299, 1174, 2623, 3120, 894, 2300, 1936, 883, 1937, 700, 2596, 1415, 235, 562, 1339, 1404, 707, 1412, 2302, 1, 1736, 2345, 1327, 102, 1046, 419, 2659, 2673, 3011, 3164, 3025, 2327, 864, 573, 1440, 1762, 1986, 3084, 148, 1378, 1235, 1567, 2002, 1772, 3458, 2862, 268, 1182, 1409, 3362, 2016, 1330, 307, 2805, 1442, 103, 1357, 995, 2960, 1335, 2120, 1375, 213, 357, 1978, 3376, 935, 991, 2653, 2138, 917, 1651, 3026, 3229, 2983, 3133, 2054, 865, 379, 1962, 1561, 1650, 2301, 2396, 3391, 787, 2684, 1514, 853, 2602, 3278, 458, 1118, 2214, 984, 3305, 2729, 1534, 401, 3061, 2726, 2728, 1125, 359, 1509, 1102, 1700, 2066, 3096, 2202, 3413, 3218, 706, 1322, 1355, 1201, 2773, 1249, 1054, 643, 2896, 1631, 501, 2409, 2416, 1147, 2920, 1576, 1988, 1045, 3037, 231, 1030, 1457, 3019, 913, 347, 422, 294, 1790, 1365, 3291, 1295, 1245, 2434, 2574, 3302, 2641, 1796, 799, 879, 329, 273, 474, 1771, 2750, 1963, 2984, 947, 2379, 1006, 1261, 2424, 497, 1801, 189, 3063, 1283, 1066, 127, 1079, 3242, 1194, 2469, 1300, 2861, 1725, 731, 1553, 1111, 2985, 761, 760, 713, 217, 1272, 890, 1435, 982, 829, 2625, 1038, 2630, 325, 3319, 3146, 3090, 3262, 2353, 2797, 1073, 435, 2454, 2932, 51, 2012, 1502, 1688, 658, 1205, 3213, 1256, 2922, 1644, 1420, 966, 2119, 343, 2338, 2803, 2263, 452, 404, 369, 2611, 1017, 2571, 2854, 2449, 2050, 120, 843, 2645, 39, 3251, 1180, 3290, 2518, 271, 2385, 1669, 142, 2618, 2440, 1575, 2382, 305, 1124, 777, 1354, 155, 1037, 240, 3224, 788, 1307, 1097, 214, 3, 928, 747, 3298, 2422, 3450, 994, 2031, 2195, 3002, 555, 2849, 1933, 2778, 1224, 2578, 1719, 2384, 1236, 2225, 1554, 1095, 3409, 167, 1175, 898, 2344, 745, 1477, 849, 2503, 3353, 765, 2650, 1140, 2949, 2871, 2463, 3222, 618, 2253, 1600, 3094, 2991, 611, 368, 3448, 1547, 2026, 2772, 3160, 2600, 2663, 1723, 66, 1625, 3303, 2174, 129, 289, 3209, 1490, 3325, 437, 2187, 1461, 239, 2233, 317, 2275, 2386, 1115, 3027, 449, 2714, 577, 2348, 24, 2566, 1989, 265, 393, 678, 1903, 3089, 345, 2063, 254, 976, 683, 2292, 1265, 490, 433, 3048, 1003, 1032, 2351, 676, 1813, 792, 349, 424, 2352, 242, 650, 2465, 2905, 2257, 2064, 860, 1370, 2427, 1951, 320, 1843, 568, 2084, 1871, 733, 2911, 2606, 2539, 2218, 1366, 1350, 2116, 3167, 1934, 2907, 2123, 2408, 2925, 696, 2758, 2721, 83, 1536, 2170, 381, 481, 2245, 1577, 616, 1454, 1088, 3125, 1110, 859, 1737, 2836, 2704, 2996, 310, 3034, 2057, 2217, 3071, 3075, 2368, 1294, 2776, 2990, 3451, 26, 334, 802, 636, 93, 1475, 1508, 942, 3257, 2995, 3230, 519, 1393, 2883, 887, 3177, 1008, 3232, 2281, 962, 3438, 3108, 1970, 337, 55, 40, 1089, 534, 3373, 762, 1446, 147, 726, 2669, 1177, 601, 416, 3304, 113, 1693, 3265, 1356, 2279, 2658, 842, 1344, 362, 1601, 2819, 2320, 1371, 2375, 793, 1964, 11, 583, 3179, 2357, 1206, 3377, 2145, 286, 2662, 3284, 1683, 3233, 3312, 2903, 922, 1538, 596, 3367, 1858, 1691, 2762, 2022, 1698, 191, 3127, 2527, 3031, 876, 1191, 1845, 2521, 2130, 3000, 1530, 20, 2890, 2476, 1613, 2830, 4, 460, 3466, 2076, 2046, 3184, 835, 2643, 591, 1094, 2874, 2517, 2448, 1394, 912, 2097, 2739, 1015, 170, 1290, 628, 1021, 964, 2108, 2918, 37, 2671, 690, 1975, 2421, 969, 1703, 1966, 2296, 3175, 2226, 3440, 2009, 1181, 3006, 1782, 2267, 1568, 2712, 1421, 3193, 1926, 513, 2381, 1049, 2136, 2058, 3141, 2999, 146, 3149, 2405, 221, 2024, 1266, 2887, 1433, 632, 3170, 595, 3119, 141, 1023, 539, 3082, 1861, 1583, 2135, 552, 1137, 2309, 6, 3361, 2980, 1491, 946, 3456, 937, 1517, 1556, 122, 2249, 2333, 3322, 3394, 2102, 3395, 1146, 1100, 1997, 1203, 505, 2014, 2359, 1258, 2827, 1710, 2853, 18, 2244, 408, 1895, 2329, 3014, 2822, 304, 2373, 2322, 1360, 771, 2572, 1682, 2317, 2307, 2567, 3403, 941, 1658, 282, 392, 411, 3148, 3130, 206, 2164, 1664, 1027, 1515, 3022, 2727, 2998, 801, 905, 326, 2067, 3370, 520, 180, 2734, 1941, 2052, 1599, 2103, 2073, 2703, 1876, 1540, 482, 2967, 1059, 3457, 2786, 2295, 2811, 665, 491, 2512, 1645, 2181, 466, 2593, 2069, 1604, 900, 526, 3074, 3221, 1193, 181, 3204, 2941, 1002, 328, 8, 537, 753, 754, 2176, 3364, 2608, 185, 1251, 3408, 1453, 2399, 1108, 2372, 718, 1092, 2168, 1156, 3335, 783, 2592, 2943, 2439, 3135, 2532, 3315, 2487, 1815, 821, 1503, 60, 2078, 3416, 885, 1458, 910, 2288, 2133, 3073, 820, 2470, 1222, 2679, 1881, 3430, 716, 2865, 1727, 2579, 94, 2686, 385, 2306, 1763, 1667, 1582, 3426, 90, 1875, 446, 653, 670, 1329, 3460, 2781, 1170, 36, 560, 1716, 557, 2950, 429, 1972, 1267, 3320, 2200, 2664, 629, 2971, 276, 1983, 2901, 388, 71, 2410, 1767, 625, 1498, 41, 3446, 121, 2855, 660, 158, 2445, 985, 3292, 1908, 1689, 2486, 2093, 756, 2562, 423, 1706, 2304, 2040, 467, 599, 133, 584, 29, 177, 14, 2654, 455, 1520, 1250, 2086, 1052, 598, 1069, 1784, 1285, 2229, 2175, 2694, 2255, 3417, 1896, 712, 3418, 52, 1617, 1405, 2969, 1865, 2867, 2111, 2779, 3205, 3143, 2473, 1820, 1448, 3383, 2137, 1274, 1512, 224, 1918, 3313, 2696, 3155, 1504, 1803, 1385, 207, 797, 2045, 1239, 405, 1271, 620, 1064, 779, 1680, 476, 1314, 3452, 3095, 2041, 13, 1399, 1757, 1900, 1240, 541, 1321, 2543, 949, 1521, 1264, 2182, 1550, 1954, 590, 89, 3273, 322, 2794, 469, 610, 2380, 1971, 137, 631, 2034, 3169, 1467, 1197, 1532, 2390, 2953, 1856, 1812, 939, 434, 1994, 2490, 1352, 81, 1013, 957, 1305, 2628, 1107, 2978, 2700, 1779, 2313, 529, 953, 721, 2733, 314, 1932, 2665, 3021, 2634, 956, 1345, 1451, 2580, 2235, 3264, 1334, 1541, 84, 3424, 1323, 1518, 53, 2875, 2505, 1262, 3311, 940, 3368, 2780, 3338, 1463, 1732, 2709, 936, 2403, 2573, 2068, 1777, 1955, 2204, 2467, 2956, 680, 1519, 907, 868, 705, 234, 3324, 1279, 3111, 2180, 1574, 2706, 194, 259, 43, 2560, 2954, 672, 2872, 237, 128, 3069, 1060, 1084, 2223, 2768, 1252, 2534, 2511, 547, 107, 965, 3104, 2493, 2538, 3211, 1822, 3065, 427, 473, 639, 1619, 1168, 3165, 3285, 2030, 856, 68, 161, 1531, 2616, 2947, 2128, 2557, 1990, 729, 819, 154, 2935, 1469, 2553, 2342, 1751, 978, 140, 854, 2209, 2151, 671, 149, 2860, 2556, 2915, 2355, 2323, 2966, 951, 2674, 2577, 2766, 1413, 441, 2112, 532, 2289, 1185, 1229, 847, 1390, 173, 3337, 1223, 1486, 480, 2193, 2972, 2986, 1909, 1225, 3245, 2188, 757, 2955, 2759, 827, 701, 1497, 1053, 3056, 2241, 1318, 974, 2845, 9, 2677, 602, 2280, 1481, 3332, 2006, 814, 1640, 1626, 1157, 3247, 1011, 2735, 164, 1422, 2268, 1150, 2886, 266, 3258, 3191, 2124, 2446, 2315, 2944, 546, 3139, 1827, 1905, 3349, 2866, 1910, 3208, 850, 162, 1085, 2829, 448, 2008, 2682, 367, 558, 1510, 1548, 2496, 2331, 2559, 171, 2242, 3132, 511, 489, 1418, 1783, 832, 1291, 1863, 27, 2471, 920, 3295, 1488, 838, 2360, 2880, 3283, 911, 1403, 1289, 3256, 1795, 1720, 344, 3212, 1400, 2273, 688, 2491, 338, 2746, 2250, 1839, 1701, 538, 952, 1559, 2387, 531, 2840, 1303, 285, 2760, 1702, 114, 1655, 3198, 657, 64, 1031, 2584, 2349, 3079, 1153, 1560, 3404, 1215, 2007, 587, 2591, 3238, 376, 983, 25, 202, 2132, 1943, 2339, 2240, 260, 959, 2892, 2294, 1665, 3328, 277, 1383, 478, 2856, 1950, 63, 1705, 1208, 3274, 484, 2429, 2942, 3259, 293, 831, 106, 2479, 1114, 1755, 361, 1930, 485, 1096, 2215, 785, 1308, 773, 45, 1898, 3110, 613, 2548, 1268, 2655, 2037, 428, 810, 54, 3062, 2428, 1145, 398, 488, 528, 2755, 3171, 934, 2277, 2367, 3434, 1874, 2793, 159, 1939, 2917, 837, 1643, 1232, 3388, 2617, 2153, 2868, 3178, 1090, 767, 2308, 1000, 1580, 2122, 2083, 2460, 2481, 1183, 751, 2975, 2053, 78, 834, 2436, 2316, 2806, 1694, 153, 3040, 1257, 496, 2269, 1654, 1744, 1284, 316, 203, 1278, 1317, 3088, 3355, 1165, 1593, 99, 1659, 3269, 2930, 806, 1057, 3116, 2293, 1076, 1956, 2402, 2902, 3203, 3369, 1851, 3248, 2482, 796, 1598, 2477, 899, 28, 2197, 3128, 1794, 774, 2767, 1629, 2161, 1496, 893, 218, 1690, 1130, 663, 1660, 2716, 1214, 1343, 333, 1379, 3279, 3161, 2612, 2751, 250, 58, 1358, 2742, 2936, 2271, 1462, 1428, 475, 924, 410, 925, 1621, 2452, 313, 2589, 2060]'&#xa;	at com.kms.katalon.core.keyword.internal.KeywordMain.stepFailed(KeywordMain.groovy:51)&#xa;	at com.kms.katalon.core.webservice.keyword.builtin.VerifyElementPropertyValueKeyword$_verifyElementPropertyValue_closure1.doCall(VerifyElementPropertyValueKeyword.groovy:56)&#xa;	at com.kms.katalon.core.webservice.keyword.builtin.VerifyElementPropertyValueKeyword$_verifyElementPropertyValue_closure1.call(VerifyElementPropertyValueKeyword.groovy)&#xa;	at com.kms.katalon.core.keyword.internal.KeywordMain.runKeyword(KeywordMain.groovy:75)&#xa;	at com.kms.katalon.core.webservice.keyword.builtin.VerifyElementPropertyValueKeyword.verifyElementPropertyValue(VerifyElementPropertyValueKeyword.groovy:48)&#xa;	at com.kms.katalon.core.webservice.keyword.builtin.VerifyElementPropertyValueKeyword.execute(VerifyElementPropertyValueKeyword.groovy:43)&#xa;	at com.kms.katalon.core.keyword.internal.KeywordExecutor.executeKeywordForPlatform(KeywordExecutor.groovy:74)&#xa;	at com.kms.katalon.core.webservice.keyword.WSBuiltInKeywords.verifyElementPropertyValue(WSBuiltInKeywords.groovy:190)&#xa;	at GET Search booking.run(GET Search booking:36)&#xa;	at com.kms.katalon.core.main.ScriptEngine.run(ScriptEngine.java:194)&#xa;	at com.kms.katalon.core.main.ScriptEngine.runScriptAsRawText(ScriptEngine.java:119)&#xa;	at com.kms.katalon.core.main.TestCaseExecutor.runScript(TestCaseExecutor.java:448)&#xa;	at com.kms.katalon.core.main.TestCaseExecutor.doExecute(TestCaseExecutor.java:439)&#xa;	at com.kms.katalon.core.main.TestCaseExecutor.processExecutionPhase(TestCaseExecutor.java:418)&#xa;	at com.kms.katalon.core.main.TestCaseExecutor.accessMainPhase(TestCaseExecutor.java:410)&#xa;	at com.kms.katalon.core.main.TestCaseExecutor.execute(TestCaseExecutor.java:285)&#xa;	at com.kms.katalon.core.main.TestCaseExecutor.execute(TestCaseExecutor.java:369)&#xa;	at com.kms.katalon.core.main.TestCaseExecutor.execute(TestCaseExecutor.java:369)&#xa;	at com.kms.katalon.core.main.TestCaseExecutor.execute(TestCaseExecutor.java:369)&#xa;	at com.kms.katalon.core.common.CommonExecutor.accessTestCaseMainPhase(CommonExecutor.java:65)&#xa;	at com.kms.katalon.core.main.TestSuiteExecutor.accessTestSuiteMainPhase(TestSuiteExecutor.java:148)&#xa;	at com.kms.katalon.core.main.TestSuiteExecutor.execute(TestSuiteExecutor.java:106)&#xa;	at com.kms.katalon.core.main.TestCaseMain.startTestSuite(TestCaseMain.java:180)&#xa;	at TempTestSuite1704824872762.run(TempTestSuite1704824872762.groovy:36)&#xa;	at java.base/jdk.internal.reflect.NativeMethodAccessorImpl.invoke0(Native Method)&#xa;	at java.base/jdk.internal.reflect.NativeMethodAccessorImpl.invoke(NativeMethodAccessorImpl.java:77)&#xa;	at java.base/jdk.internal.reflect.DelegatingMethodAccessorImpl.invoke(DelegatingMethodAccessorImpl.java:43)&#xa;"/>
         <system-out><![CDATA[10-01-2024T01:28:06 - [TEST_CASE][FAILED] - Test Cases/GET Search booking: Test Cases/GET Search booking FAILED.
Reason:
com.kms.katalon.core.exception.StepFailedException: Expected element property value '3398' is not equal with actual property value '[178, 1685, 3032, 1411, 944, 1634, 101, 3172, 302, 430, 918, 2256, 1539, 2221, 119, 262, 669, 2192, 374, 3100, 741, 3156, 2812, 3443, 442, 192, 3419, 637, 2510, 1382, 383, 3114, 2259, 3013, 3059, 3250, 884, 3330, 3047, 1144, 2848, 1957, 1902, 1743, 463, 3289, 454, 3333, 1709, 3145, 609, 1071, 2542, 3346, 1806, 1769, 615, 2336, 1891, 3092, 563, 2501, 684, 1809, 472, 689, 804, 622, 715, 2876, 61, 2929, 554, 1529, 1842, 308, 1043, 2366, 2637, 873, 3240, 880, 2959, 216, 69, 1445, 645, 1571, 1152, 775, 2113, 1607, 1760, 2881, 2442, 263, 1586, 1255, 1745, 3454, 1570, 1243, 1704, 930, 891, 3060, 627, 2149, 1246, 1749, 165, 413, 1884, 2818, 2670, 2435, 420, 3210, 3219, 817, 1151, 1641, 2376, 950, 2761, 2525, 1082, 459, 1324, 846, 2129, 468, 719, 2533, 300, 1679, 3045, 1336, 1430, 3038, 565, 3301, 1288, 57, 851, 2908, 2048, 38, 3158, 2585, 3122, 3099, 2407, 2507, 3431, 1237, 2660, 2213, 3344, 1841, 2285, 642, 3231, 31, 723, 3192, 874, 85, 3385, 3150, 1063, 1129, 2324, 2795, 572, 1198, 2717, 414, 7, 2497, 961, 3462, 1398, 1016, 3296, 2171, 2148, 1824, 1190, 1018, 2893, 1506, 858, 2676, 402, 2839, 1637, 390, 2232, 1883, 2523, 1959, 967, 929, 341, 2227, 1447, 2090, 32, 989, 1231, 3003, 3028, 1818, 1476, 267, 3239, 2629, 764, 1776, 1340, 2393, 2319, 2748, 2583, 2814, 3020, 2790, 1684, 2564, 2004, 1158, 826, 1722, 1606, 1965, 30, 2722, 135, 372, 3378, 440, 82, 2283, 91, 2231, 1786, 1780, 1968, 1984, 1857, 1826, 2646, 1213, 581, 2412, 2369, 687, 1715, 1785, 210, 1614, 3464, 249, 1770, 143, 1666, 996, 1748, 1612, 875, 1210, 2457, 1594, 3277, 3123, 2833, 3299, 2504, 1635, 3382, 2838, 319, 1169, 2536, 269, 2695, 457, 2177, 2330, 1202, 2724, 2774, 2614, 1995, 742, 3113, 2701, 2484, 2051, 1184, 1976, 2914, 2075, 495, 1105, 648, 619, 3176, 988, 1867, 2284, 1938, 3234, 3053, 2690, 291, 3151, 1734, 1136, 916, 2752, 3080, 1711, 3358, 1087, 1492, 1478, 2036, 2183, 2540, 97, 1929, 2636, 2826, 1042, 1471, 1982, 871, 3254, 772, 462, 2770, 977, 2681, 675, 2847, 1217, 1605, 815, 1117, 3217, 1523, 2328, 2430, 3004, 2186, 2243, 1947, 3306, 3271, 997, 2169, 1544, 2394, 2807, 1756, 2498, 1793, 1917, 1890, 188, 352, 507, 1853, 1316, 1797, 3384, 1836, 2117, 2406, 279, 373, 1847, 1159, 3102, 407, 2668, 2913, 1391, 2144, 256, 630, 3280, 2800, 2039, 2736, 1328, 2238, 1230, 348, 711, 708, 1211, 2312, 364, 664, 228, 1386, 2091, 512, 248, 525, 283, 2154, 2740, 109, 500, 1470, 2569, 2841, 869, 1218, 1162, 1163, 2910, 1199, 1228, 1103, 3103, 2561, 1443, 3226, 2085, 2551, 1381, 1869, 780, 2104, 1620, 1595, 3323, 1729, 3444, 3314, 12, 778, 331, 2082, 2713, 3054, 2928, 693, 3310, 3076, 518, 504, 3401, 2291, 586, 975, 1275, 2146, 292, 2816, 2647, 882, 748, 1588, 2846, 311, 445, 1494, 3252, 1297, 2610, 1754, 758, 1860, 691, 2801, 2, 2474, 72, 2715, 3374, 3405, 2165, 3068, 1563, 1837, 524, 1872, 208, 3354, 1135, 1078, 74, 2798, 1189, 3117, 2494, 179, 278, 1024, 1473, 990, 1581, 3043, 1522, 2290, 1432, 3186, 550, 1615, 1904, 2708, 2251, 515, 1850, 2937, 438, 1675, 679, 766, 2398, 2877, 1646, 2453, 295, 34, 3396, 567, 2115, 2889, 2127, 2077, 2092, 2605, 2362, 722, 2749, 75, 3286, 3363, 3357, 200, 336, 1739, 1728, 2208, 2018, 258, 2756, 44, 1120, 3190, 2824, 1880, 3399, 809, 1609, 2363, 1825, 2745, 2545, 2938, 3433, 2804, 2552, 1281, 1993, 197, 2456, 2888, 1244, 2397, 2948, 576, 1912, 1132, 2698, 813, 339, 1460, 172, 1948, 1434, 2236, 823, 2020, 1001, 1545, 3414, 1363, 1925, 1346, 888, 1742, 2391, 1065, 1500, 10, 2685, 229, 923, 2528, 3138, 1889, 1282, 1123, 2514, 2834, 2466, 1431, 132, 1364, 1058, 2418, 287, 3015, 96, 2692, 1555, 848, 1696, 1953, 901, 245, 1109, 2206, 862, 1979, 1526, 117, 3389, 571, 1833, 3083, 377, 604, 3390, 95, 510, 1632, 21, 1589, 1800, 2417, 1830, 2550, 47, 2358, 1080, 3181, 825, 1333, 2155, 666, 1216, 3340, 324, 2485, 350, 2859, 1372, 3050, 3162, 2649, 3266, 580, 522, 198, 3423, 840, 652, 1164, 17, 931, 354, 3410, 1466, 2970, 2059, 3270, 2689, 2028, 182, 233, 450, 1899, 737, 1104, 3202, 2547, 2141, 508, 2993, 1022, 2549, 2216, 3131, 1025, 2013, 1396, 1309, 105, 227, 807, 1387, 125, 3085, 1892, 2979, 2492, 3339, 692, 866, 3347, 1176, 2516, 246, 3235, 624, 2894, 3154, 681, 2106, 1991, 1039, 2081, 366, 2047, 1810, 3398, 2019, 355, 176, 2730, 1119, 553, 1047, 2029, 1549, 1389, 1342, 396, 108, 1750, 1766, 1974, 417, 251, 3441, 2785, 3263, 3379, 1276, 1171, 1033, 3185, 1661, 594, 2604, 222, 2624, 50, 1958, 1369, 1196, 152, 77, 2962, 1036, 1920, 2821, 973, 790, 3463, 1924, 1406, 3244, 1050, 3187, 2162, 543, 494, 3350, 1139, 2072, 638, 784, 1592, 2414, 1485, 2509, 2927, 395, 389, 1673, 380, 2203, 734, 570, 1566, 2098, 19, 1848, 1452, 2142, 2222, 274, 2461, 1774, 2586, 3436, 301, 3348, 2447, 1361, 1674, 579, 1304, 5, 2109, 2001, 1887, 703, 1311, 2652, 2096, 2337, 2265, 3397, 805, 2194, 1348, 3142, 2808, 892, 736, 1074, 1668, 3051, 2526, 1587, 2343, 2619, 193, 2725, 3197, 606, 724, 3196, 1676, 2210, 2441, 2423, 1791, 1807, 166, 502, 906, 1877, 116, 2261, 1618, 2635, 3137, 1805, 3098, 535, 1627, 600, 1010, 209, 2897, 2189, 521, 1735, 795, 2743, 1479, 2433, 1450, 2832, 1133, 3427, 2374, 2622, 2640, 3407, 3066, 841, 2707, 699, 2199, 588, 1007, 16, 607, 2639, 2462, 1911, 439, 3437, 1834, 186, 3058, 3010, 1535, 2976, 1821, 59, 1831, 2599, 739, 2963, 1642, 2787, 1313, 1298, 1873, 1376, 2791, 1562, 3044, 2156, 743, 80, 968, 1761, 3428, 1788, 644, 2524, 46, 201, 2844, 1730, 1426, 399, 3199, 2274, 749, 2882, 3039, 1973, 1653, 2025, 2598, 2038, 2981, 2898, 1138, 2810, 126, 904, 241, 3225, 2921, 2590, 1919, 1866, 358, 2632, 1945, 1718, 23, 3343, 1885, 3033, 2964, 542, 1852, 1638, 2157, 2989, 659, 297, 1127, 649, 1425, 1980, 1816, 1712, 730, 2784, 1999, 48, 3107, 2262, 1026, 1484, 1610, 136, 2926, 223, 1913, 697, 3007, 3421, 2160, 252, 1436, 1070, 3329, 651, 545, 1923, 2100, 3012, 382, 3316, 1299, 1174, 2623, 3120, 894, 2300, 1936, 883, 1937, 700, 2596, 1415, 235, 562, 1339, 1404, 707, 1412, 2302, 1, 1736, 2345, 1327, 102, 1046, 419, 2659, 2673, 3011, 3164, 3025, 2327, 864, 573, 1440, 1762, 1986, 3084, 148, 1378, 1235, 1567, 2002, 1772, 3458, 2862, 268, 1182, 1409, 3362, 2016, 1330, 307, 2805, 1442, 103, 1357, 995, 2960, 1335, 2120, 1375, 213, 357, 1978, 3376, 935, 991, 2653, 2138, 917, 1651, 3026, 3229, 2983, 3133, 2054, 865, 379, 1962, 1561, 1650, 2301, 2396, 3391, 787, 2684, 1514, 853, 2602, 3278, 458, 1118, 2214, 984, 3305, 2729, 1534, 401, 3061, 2726, 2728, 1125, 359, 1509, 1102, 1700, 2066, 3096, 2202, 3413, 3218, 706, 1322, 1355, 1201, 2773, 1249, 1054, 643, 2896, 1631, 501, 2409, 2416, 1147, 2920, 1576, 1988, 1045, 3037, 231, 1030, 1457, 3019, 913, 347, 422, 294, 1790, 1365, 3291, 1295, 1245, 2434, 2574, 3302, 2641, 1796, 799, 879, 329, 273, 474, 1771, 2750, 1963, 2984, 947, 2379, 1006, 1261, 2424, 497, 1801, 189, 3063, 1283, 1066, 127, 1079, 3242, 1194, 2469, 1300, 2861, 1725, 731, 1553, 1111, 2985, 761, 760, 713, 217, 1272, 890, 1435, 982, 829, 2625, 1038, 2630, 325, 3319, 3146, 3090, 3262, 2353, 2797, 1073, 435, 2454, 2932, 51, 2012, 1502, 1688, 658, 1205, 3213, 1256, 2922, 1644, 1420, 966, 2119, 343, 2338, 2803, 2263, 452, 404, 369, 2611, 1017, 2571, 2854, 2449, 2050, 120, 843, 2645, 39, 3251, 1180, 3290, 2518, 271, 2385, 1669, 142, 2618, 2440, 1575, 2382, 305, 1124, 777, 1354, 155, 1037, 240, 3224, 788, 1307, 1097, 214, 3, 928, 747, 3298, 2422, 3450, 994, 2031, 2195, 3002, 555, 2849, 1933, 2778, 1224, 2578, 1719, 2384, 1236, 2225, 1554, 1095, 3409, 167, 1175, 898, 2344, 745, 1477, 849, 2503, 3353, 765, 2650, 1140, 2949, 2871, 2463, 3222, 618, 2253, 1600, 3094, 2991, 611, 368, 3448, 1547, 2026, 2772, 3160, 2600, 2663, 1723, 66, 1625, 3303, 2174, 129, 289, 3209, 1490, 3325, 437, 2187, 1461, 239, 2233, 317, 2275, 2386, 1115, 3027, 449, 2714, 577, 2348, 24, 2566, 1989, 265, 393, 678, 1903, 3089, 345, 2063, 254, 976, 683, 2292, 1265, 490, 433, 3048, 1003, 1032, 2351, 676, 1813, 792, 349, 424, 2352, 242, 650, 2465, 2905, 2257, 2064, 860, 1370, 2427, 1951, 320, 1843, 568, 2084, 1871, 733, 2911, 2606, 2539, 2218, 1366, 1350, 2116, 3167, 1934, 2907, 2123, 2408, 2925, 696, 2758, 2721, 83, 1536, 2170, 381, 481, 2245, 1577, 616, 1454, 1088, 3125, 1110, 859, 1737, 2836, 2704, 2996, 310, 3034, 2057, 2217, 3071, 3075, 2368, 1294, 2776, 2990, 3451, 26, 334, 802, 636, 93, 1475, 1508, 942, 3257, 2995, 3230, 519, 1393, 2883, 887, 3177, 1008, 3232, 2281, 962, 3438, 3108, 1970, 337, 55, 40, 1089, 534, 3373, 762, 1446, 147, 726, 2669, 1177, 601, 416, 3304, 113, 1693, 3265, 1356, 2279, 2658, 842, 1344, 362, 1601, 2819, 2320, 1371, 2375, 793, 1964, 11, 583, 3179, 2357, 1206, 3377, 2145, 286, 2662, 3284, 1683, 3233, 3312, 2903, 922, 1538, 596, 3367, 1858, 1691, 2762, 2022, 1698, 191, 3127, 2527, 3031, 876, 1191, 1845, 2521, 2130, 3000, 1530, 20, 2890, 2476, 1613, 2830, 4, 460, 3466, 2076, 2046, 3184, 835, 2643, 591, 1094, 2874, 2517, 2448, 1394, 912, 2097, 2739, 1015, 170, 1290, 628, 1021, 964, 2108, 2918, 37, 2671, 690, 1975, 2421, 969, 1703, 1966, 2296, 3175, 2226, 3440, 2009, 1181, 3006, 1782, 2267, 1568, 2712, 1421, 3193, 1926, 513, 2381, 1049, 2136, 2058, 3141, 2999, 146, 3149, 2405, 221, 2024, 1266, 2887, 1433, 632, 3170, 595, 3119, 141, 1023, 539, 3082, 1861, 1583, 2135, 552, 1137, 2309, 6, 3361, 2980, 1491, 946, 3456, 937, 1517, 1556, 122, 2249, 2333, 3322, 3394, 2102, 3395, 1146, 1100, 1997, 1203, 505, 2014, 2359, 1258, 2827, 1710, 2853, 18, 2244, 408, 1895, 2329, 3014, 2822, 304, 2373, 2322, 1360, 771, 2572, 1682, 2317, 2307, 2567, 3403, 941, 1658, 282, 392, 411, 3148, 3130, 206, 2164, 1664, 1027, 1515, 3022, 2727, 2998, 801, 905, 326, 2067, 3370, 520, 180, 2734, 1941, 2052, 1599, 2103, 2073, 2703, 1876, 1540, 482, 2967, 1059, 3457, 2786, 2295, 2811, 665, 491, 2512, 1645, 2181, 466, 2593, 2069, 1604, 900, 526, 3074, 3221, 1193, 181, 3204, 2941, 1002, 328, 8, 537, 753, 754, 2176, 3364, 2608, 185, 1251, 3408, 1453, 2399, 1108, 2372, 718, 1092, 2168, 1156, 3335, 783, 2592, 2943, 2439, 3135, 2532, 3315, 2487, 1815, 821, 1503, 60, 2078, 3416, 885, 1458, 910, 2288, 2133, 3073, 820, 2470, 1222, 2679, 1881, 3430, 716, 2865, 1727, 2579, 94, 2686, 385, 2306, 1763, 1667, 1582, 3426, 90, 1875, 446, 653, 670, 1329, 3460, 2781, 1170, 36, 560, 1716, 557, 2950, 429, 1972, 1267, 3320, 2200, 2664, 629, 2971, 276, 1983, 2901, 388, 71, 2410, 1767, 625, 1498, 41, 3446, 121, 2855, 660, 158, 2445, 985, 3292, 1908, 1689, 2486, 2093, 756, 2562, 423, 1706, 2304, 2040, 467, 599, 133, 584, 29, 177, 14, 2654, 455, 1520, 1250, 2086, 1052, 598, 1069, 1784, 1285, 2229, 2175, 2694, 2255, 3417, 1896, 712, 3418, 52, 1617, 1405, 2969, 1865, 2867, 2111, 2779, 3205, 3143, 2473, 1820, 1448, 3383, 2137, 1274, 1512, 224, 1918, 3313, 2696, 3155, 1504, 1803, 1385, 207, 797, 2045, 1239, 405, 1271, 620, 1064, 779, 1680, 476, 1314, 3452, 3095, 2041, 13, 1399, 1757, 1900, 1240, 541, 1321, 2543, 949, 1521, 1264, 2182, 1550, 1954, 590, 89, 3273, 322, 2794, 469, 610, 2380, 1971, 137, 631, 2034, 3169, 1467, 1197, 1532, 2390, 2953, 1856, 1812, 939, 434, 1994, 2490, 1352, 81, 1013, 957, 1305, 2628, 1107, 2978, 2700, 1779, 2313, 529, 953, 721, 2733, 314, 1932, 2665, 3021, 2634, 956, 1345, 1451, 2580, 2235, 3264, 1334, 1541, 84, 3424, 1323, 1518, 53, 2875, 2505, 1262, 3311, 940, 3368, 2780, 3338, 1463, 1732, 2709, 936, 2403, 2573, 2068, 1777, 1955, 2204, 2467, 2956, 680, 1519, 907, 868, 705, 234, 3324, 1279, 3111, 2180, 1574, 2706, 194, 259, 43, 2560, 2954, 672, 2872, 237, 128, 3069, 1060, 1084, 2223, 2768, 1252, 2534, 2511, 547, 107, 965, 3104, 2493, 2538, 3211, 1822, 3065, 427, 473, 639, 1619, 1168, 3165, 3285, 2030, 856, 68, 161, 1531, 2616, 2947, 2128, 2557, 1990, 729, 819, 154, 2935, 1469, 2553, 2342, 1751, 978, 140, 854, 2209, 2151, 671, 149, 2860, 2556, 2915, 2355, 2323, 2966, 951, 2674, 2577, 2766, 1413, 441, 2112, 532, 2289, 1185, 1229, 847, 1390, 173, 3337, 1223, 1486, 480, 2193, 2972, 2986, 1909, 1225, 3245, 2188, 757, 2955, 2759, 827, 701, 1497, 1053, 3056, 2241, 1318, 974, 2845, 9, 2677, 602, 2280, 1481, 3332, 2006, 814, 1640, 1626, 1157, 3247, 1011, 2735, 164, 1422, 2268, 1150, 2886, 266, 3258, 3191, 2124, 2446, 2315, 2944, 546, 3139, 1827, 1905, 3349, 2866, 1910, 3208, 850, 162, 1085, 2829, 448, 2008, 2682, 367, 558, 1510, 1548, 2496, 2331, 2559, 171, 2242, 3132, 511, 489, 1418, 1783, 832, 1291, 1863, 27, 2471, 920, 3295, 1488, 838, 2360, 2880, 3283, 911, 1403, 1289, 3256, 1795, 1720, 344, 3212, 1400, 2273, 688, 2491, 338, 2746, 2250, 1839, 1701, 538, 952, 1559, 2387, 531, 2840, 1303, 285, 2760, 1702, 114, 1655, 3198, 657, 64, 1031, 2584, 2349, 3079, 1153, 1560, 3404, 1215, 2007, 587, 2591, 3238, 376, 983, 25, 202, 2132, 1943, 2339, 2240, 260, 959, 2892, 2294, 1665, 3328, 277, 1383, 478, 2856, 1950, 63, 1705, 1208, 3274, 484, 2429, 2942, 3259, 293, 831, 106, 2479, 1114, 1755, 361, 1930, 485, 1096, 2215, 785, 1308, 773, 45, 1898, 3110, 613, 2548, 1268, 2655, 2037, 428, 810, 54, 3062, 2428, 1145, 398, 488, 528, 2755, 3171, 934, 2277, 2367, 3434, 1874, 2793, 159, 1939, 2917, 837, 1643, 1232, 3388, 2617, 2153, 2868, 3178, 1090, 767, 2308, 1000, 1580, 2122, 2083, 2460, 2481, 1183, 751, 2975, 2053, 78, 834, 2436, 2316, 2806, 1694, 153, 3040, 1257, 496, 2269, 1654, 1744, 1284, 316, 203, 1278, 1317, 3088, 3355, 1165, 1593, 99, 1659, 3269, 2930, 806, 1057, 3116, 2293, 1076, 1956, 2402, 2902, 3203, 3369, 1851, 3248, 2482, 796, 1598, 2477, 899, 28, 2197, 3128, 1794, 774, 2767, 1629, 2161, 1496, 893, 218, 1690, 1130, 663, 1660, 2716, 1214, 1343, 333, 1379, 3279, 3161, 2612, 2751, 250, 58, 1358, 2742, 2936, 2271, 1462, 1428, 475, 924, 410, 925, 1621, 2452, 313, 2589, 2060]'
	at com.kms.katalon.core.keyword.internal.KeywordMain.stepFailed(KeywordMain.groovy:51)
	at com.kms.katalon.core.webservice.keyword.builtin.VerifyElementPropertyValueKeyword$_verifyElementPropertyValue_closure1.doCall(VerifyElementPropertyValueKeyword.groovy:56)
	at com.kms.katalon.core.webservice.keyword.builtin.VerifyElementPropertyValueKeyword$_verifyElementPropertyValue_closure1.call(VerifyElementPropertyValueKeyword.groovy)
	at com.kms.katalon.core.keyword.internal.KeywordMain.runKeyword(KeywordMain.groovy:75)
	at com.kms.katalon.core.webservice.keyword.builtin.VerifyElementPropertyValueKeyword.verifyElementPropertyValue(VerifyElementPropertyValueKeyword.groovy:48)
	at com.kms.katalon.core.webservice.keyword.builtin.VerifyElementPropertyValueKeyword.execute(VerifyElementPropertyValueKeyword.groovy:43)
	at com.kms.katalon.core.keyword.internal.KeywordExecutor.executeKeywordForPlatform(KeywordExecutor.groovy:74)
	at com.kms.katalon.core.webservice.keyword.WSBuiltInKeywords.verifyElementPropertyValue(WSBuiltInKeywords.groovy:190)
	at GET Search booking.run(GET Search booking:36)
	at com.kms.katalon.core.main.ScriptEngine.run(ScriptEngine.java:194)
	at com.kms.katalon.core.main.ScriptEngine.runScriptAsRawText(ScriptEngine.java:119)
	at com.kms.katalon.core.main.TestCaseExecutor.runScript(TestCaseExecutor.java:448)
	at com.kms.katalon.core.main.TestCaseExecutor.doExecute(TestCaseExecutor.java:439)
	at com.kms.katalon.core.main.TestCaseExecutor.processExecutionPhase(TestCaseExecutor.java:418)
	at com.kms.katalon.core.main.TestCaseExecutor.accessMainPhase(TestCaseExecutor.java:410)
	at com.kms.katalon.core.main.TestCaseExecutor.execute(TestCaseExecutor.java:285)
	at com.kms.katalon.core.main.TestCaseExecutor.execute(TestCaseExecutor.java:369)
	at com.kms.katalon.core.main.TestCaseExecutor.execute(TestCaseExecutor.java:369)
	at com.kms.katalon.core.main.TestCaseExecutor.execute(TestCaseExecutor.java:369)
	at com.kms.katalon.core.common.CommonExecutor.accessTestCaseMainPhase(CommonExecutor.java:65)
	at com.kms.katalon.core.main.TestSuiteExecutor.accessTestSuiteMainPhase(TestSuiteExecutor.java:148)
	at com.kms.katalon.core.main.TestSuiteExecutor.execute(TestSuiteExecutor.java:106)
	at com.kms.katalon.core.main.TestCaseMain.startTestSuite(TestCaseMain.java:180)
	at TempTestSuite1704824872762.run(TempTestSuite1704824872762.groovy:36)
	at java.base/jdk.internal.reflect.NativeMethodAccessorImpl.invoke0(Native Method)
	at java.base/jdk.internal.reflect.NativeMethodAccessorImpl.invoke(NativeMethodAccessorImpl.java:77)
	at java.base/jdk.internal.reflect.DelegatingMethodAccessorImpl.invoke(DelegatingMethodAccessorImpl.java:43)


10-01-2024T01:28:06 - [TEST_STEP][PASSED] - firstName = firstName: null

10-01-2024T01:28:06 - [TEST_STEP][PASSED] - lastName = lastName: null

10-01-2024T01:28:06 - [TEST_STEP][PASSED] - id = id: null

10-01-2024T01:28:06 - [TEST_STEP][PASSED] - response = sendRequestAndVerify(findTestObject("Object Repository/GET Search booking", ["firstName":firstName, "lastName":lastName])): Send request and verify the response successfully

10-01-2024T01:28:07 - [MESSAGE][INFO] - HAR: /Users/cucnguyen/Katalon Studio/Exam Katalon/Reports/20240110_012751/Exercise 1/20240110_012752/requests/main/4.har

10-01-2024T01:28:08 - [TEST_CASE][PASSED] - Start Test Case : Verification: Verification accomplished successfully

10-01-2024T01:28:08 - [TEST_STEP][PASSED] - request = getInstance().getCurrentRequest(): null

10-01-2024T01:28:08 - [TEST_STEP][PASSED] - response = getInstance().getCurrentResponse(): null

10-01-2024T01:28:08 - [TEST_STEP][PASSED] - id = id: null

10-01-2024T01:28:08 - [TEST_STEP][PASSED] - jsonSlurper = new groovy.json.JsonSlurper(): null

10-01-2024T01:28:08 - [TEST_STEP][PASSED] - jsonResponse = jsonSlurper.parseText(response.getResponseText()): null

10-01-2024T01:28:08 - [MESSAGE][PASSED] - Verify response successfully

10-01-2024T01:28:08 - [MESSAGE][PASSED] - All validation steps have been passed

10-01-2024T01:28:08 - [MESSAGE][PASSED] - Send request and verify the response successfully

10-01-2024T01:28:08 - [TEST_STEP][FAILED] - verifyElementPropertyValue(response, "bookingid", id): Unable to verify element property value (Root cause: com.kms.katalon.core.exception.StepFailedException: Expected element property value '3398' is not equal with actual property value '[178, 1685, 3032, 1411, 944, 1634, 101, 3172, 302, 430, 918, 2256, 1539, 2221, 119, 262, 669, 2192, 374, 3100, 741, 3156, 2812, 3443, 442, 192, 3419, 637, 2510, 1382, 383, 3114, 2259, 3013, 3059, 3250, 884, 3330, 3047, 1144, 2848, 1957, 1902, 1743, 463, 3289, 454, 3333, 1709, 3145, 609, 1071, 2542, 3346, 1806, 1769, 615, 2336, 1891, 3092, 563, 2501, 684, 1809, 472, 689, 804, 622, 715, 2876, 61, 2929, 554, 1529, 1842, 308, 1043, 2366, 2637, 873, 3240, 880, 2959, 216, 69, 1445, 645, 1571, 1152, 775, 2113, 1607, 1760, 2881, 2442, 263, 1586, 1255, 1745, 3454, 1570, 1243, 1704, 930, 891, 3060, 627, 2149, 1246, 1749, 165, 413, 1884, 2818, 2670, 2435, 420, 3210, 3219, 817, 1151, 1641, 2376, 950, 2761, 2525, 1082, 459, 1324, 846, 2129, 468, 719, 2533, 300, 1679, 3045, 1336, 1430, 3038, 565, 3301, 1288, 57, 851, 2908, 2048, 38, 3158, 2585, 3122, 3099, 2407, 2507, 3431, 1237, 2660, 2213, 3344, 1841, 2285, 642, 3231, 31, 723, 3192, 874, 85, 3385, 3150, 1063, 1129, 2324, 2795, 572, 1198, 2717, 414, 7, 2497, 961, 3462, 1398, 1016, 3296, 2171, 2148, 1824, 1190, 1018, 2893, 1506, 858, 2676, 402, 2839, 1637, 390, 2232, 1883, 2523, 1959, 967, 929, 341, 2227, 1447, 2090, 32, 989, 1231, 3003, 3028, 1818, 1476, 267, 3239, 2629, 764, 1776, 1340, 2393, 2319, 2748, 2583, 2814, 3020, 2790, 1684, 2564, 2004, 1158, 826, 1722, 1606, 1965, 30, 2722, 135, 372, 3378, 440, 82, 2283, 91, 2231, 1786, 1780, 1968, 1984, 1857, 1826, 2646, 1213, 581, 2412, 2369, 687, 1715, 1785, 210, 1614, 3464, 249, 1770, 143, 1666, 996, 1748, 1612, 875, 1210, 2457, 1594, 3277, 3123, 2833, 3299, 2504, 1635, 3382, 2838, 319, 1169, 2536, 269, 2695, 457, 2177, 2330, 1202, 2724, 2774, 2614, 1995, 742, 3113, 2701, 2484, 2051, 1184, 1976, 2914, 2075, 495, 1105, 648, 619, 3176, 988, 1867, 2284, 1938, 3234, 3053, 2690, 291, 3151, 1734, 1136, 916, 2752, 3080, 1711, 3358, 1087, 1492, 1478, 2036, 2183, 2540, 97, 1929, 2636, 2826, 1042, 1471, 1982, 871, 3254, 772, 462, 2770, 977, 2681, 675, 2847, 1217, 1605, 815, 1117, 3217, 1523, 2328, 2430, 3004, 2186, 2243, 1947, 3306, 3271, 997, 2169, 1544, 2394, 2807, 1756, 2498, 1793, 1917, 1890, 188, 352, 507, 1853, 1316, 1797, 3384, 1836, 2117, 2406, 279, 373, 1847, 1159, 3102, 407, 2668, 2913, 1391, 2144, 256, 630, 3280, 2800, 2039, 2736, 1328, 2238, 1230, 348, 711, 708, 1211, 2312, 364, 664, 228, 1386, 2091, 512, 248, 525, 283, 2154, 2740, 109, 500, 1470, 2569, 2841, 869, 1218, 1162, 1163, 2910, 1199, 1228, 1103, 3103, 2561, 1443, 3226, 2085, 2551, 1381, 1869, 780, 2104, 1620, 1595, 3323, 1729, 3444, 3314, 12, 778, 331, 2082, 2713, 3054, 2928, 693, 3310, 3076, 518, 504, 3401, 2291, 586, 975, 1275, 2146, 292, 2816, 2647, 882, 748, 1588, 2846, 311, 445, 1494, 3252, 1297, 2610, 1754, 758, 1860, 691, 2801, 2, 2474, 72, 2715, 3374, 3405, 2165, 3068, 1563, 1837, 524, 1872, 208, 3354, 1135, 1078, 74, 2798, 1189, 3117, 2494, 179, 278, 1024, 1473, 990, 1581, 3043, 1522, 2290, 1432, 3186, 550, 1615, 1904, 2708, 2251, 515, 1850, 2937, 438, 1675, 679, 766, 2398, 2877, 1646, 2453, 295, 34, 3396, 567, 2115, 2889, 2127, 2077, 2092, 2605, 2362, 722, 2749, 75, 3286, 3363, 3357, 200, 336, 1739, 1728, 2208, 2018, 258, 2756, 44, 1120, 3190, 2824, 1880, 3399, 809, 1609, 2363, 1825, 2745, 2545, 2938, 3433, 2804, 2552, 1281, 1993, 197, 2456, 2888, 1244, 2397, 2948, 576, 1912, 1132, 2698, 813, 339, 1460, 172, 1948, 1434, 2236, 823, 2020, 1001, 1545, 3414, 1363, 1925, 1346, 888, 1742, 2391, 1065, 1500, 10, 2685, 229, 923, 2528, 3138, 1889, 1282, 1123, 2514, 2834, 2466, 1431, 132, 1364, 1058, 2418, 287, 3015, 96, 2692, 1555, 848, 1696, 1953, 901, 245, 1109, 2206, 862, 1979, 1526, 117, 3389, 571, 1833, 3083, 377, 604, 3390, 95, 510, 1632, 21, 1589, 1800, 2417, 1830, 2550, 47, 2358, 1080, 3181, 825, 1333, 2155, 666, 1216, 3340, 324, 2485, 350, 2859, 1372, 3050, 3162, 2649, 3266, 580, 522, 198, 3423, 840, 652, 1164, 17, 931, 354, 3410, 1466, 2970, 2059, 3270, 2689, 2028, 182, 233, 450, 1899, 737, 1104, 3202, 2547, 2141, 508, 2993, 1022, 2549, 2216, 3131, 1025, 2013, 1396, 1309, 105, 227, 807, 1387, 125, 3085, 1892, 2979, 2492, 3339, 692, 866, 3347, 1176, 2516, 246, 3235, 624, 2894, 3154, 681, 2106, 1991, 1039, 2081, 366, 2047, 1810, 3398, 2019, 355, 176, 2730, 1119, 553, 1047, 2029, 1549, 1389, 1342, 396, 108, 1750, 1766, 1974, 417, 251, 3441, 2785, 3263, 3379, 1276, 1171, 1033, 3185, 1661, 594, 2604, 222, 2624, 50, 1958, 1369, 1196, 152, 77, 2962, 1036, 1920, 2821, 973, 790, 3463, 1924, 1406, 3244, 1050, 3187, 2162, 543, 494, 3350, 1139, 2072, 638, 784, 1592, 2414, 1485, 2509, 2927, 395, 389, 1673, 380, 2203, 734, 570, 1566, 2098, 19, 1848, 1452, 2142, 2222, 274, 2461, 1774, 2586, 3436, 301, 3348, 2447, 1361, 1674, 579, 1304, 5, 2109, 2001, 1887, 703, 1311, 2652, 2096, 2337, 2265, 3397, 805, 2194, 1348, 3142, 2808, 892, 736, 1074, 1668, 3051, 2526, 1587, 2343, 2619, 193, 2725, 3197, 606, 724, 3196, 1676, 2210, 2441, 2423, 1791, 1807, 166, 502, 906, 1877, 116, 2261, 1618, 2635, 3137, 1805, 3098, 535, 1627, 600, 1010, 209, 2897, 2189, 521, 1735, 795, 2743, 1479, 2433, 1450, 2832, 1133, 3427, 2374, 2622, 2640, 3407, 3066, 841, 2707, 699, 2199, 588, 1007, 16, 607, 2639, 2462, 1911, 439, 3437, 1834, 186, 3058, 3010, 1535, 2976, 1821, 59, 1831, 2599, 739, 2963, 1642, 2787, 1313, 1298, 1873, 1376, 2791, 1562, 3044, 2156, 743, 80, 968, 1761, 3428, 1788, 644, 2524, 46, 201, 2844, 1730, 1426, 399, 3199, 2274, 749, 2882, 3039, 1973, 1653, 2025, 2598, 2038, 2981, 2898, 1138, 2810, 126, 904, 241, 3225, 2921, 2590, 1919, 1866, 358, 2632, 1945, 1718, 23, 3343, 1885, 3033, 2964, 542, 1852, 1638, 2157, 2989, 659, 297, 1127, 649, 1425, 1980, 1816, 1712, 730, 2784, 1999, 48, 3107, 2262, 1026, 1484, 1610, 136, 2926, 223, 1913, 697, 3007, 3421, 2160, 252, 1436, 1070, 3329, 651, 545, 1923, 2100, 3012, 382, 3316, 1299, 1174, 2623, 3120, 894, 2300, 1936, 883, 1937, 700, 2596, 1415, 235, 562, 1339, 1404, 707, 1412, 2302, 1, 1736, 2345, 1327, 102, 1046, 419, 2659, 2673, 3011, 3164, 3025, 2327, 864, 573, 1440, 1762, 1986, 3084, 148, 1378, 1235, 1567, 2002, 1772, 3458, 2862, 268, 1182, 1409, 3362, 2016, 1330, 307, 2805, 1442, 103, 1357, 995, 2960, 1335, 2120, 1375, 213, 357, 1978, 3376, 935, 991, 2653, 2138, 917, 1651, 3026, 3229, 2983, 3133, 2054, 865, 379, 1962, 1561, 1650, 2301, 2396, 3391, 787, 2684, 1514, 853, 2602, 3278, 458, 1118, 2214, 984, 3305, 2729, 1534, 401, 3061, 2726, 2728, 1125, 359, 1509, 1102, 1700, 2066, 3096, 2202, 3413, 3218, 706, 1322, 1355, 1201, 2773, 1249, 1054, 643, 2896, 1631, 501, 2409, 2416, 1147, 2920, 1576, 1988, 1045, 3037, 231, 1030, 1457, 3019, 913, 347, 422, 294, 1790, 1365, 3291, 1295, 1245, 2434, 2574, 3302, 2641, 1796, 799, 879, 329, 273, 474, 1771, 2750, 1963, 2984, 947, 2379, 1006, 1261, 2424, 497, 1801, 189, 3063, 1283, 1066, 127, 1079, 3242, 1194, 2469, 1300, 2861, 1725, 731, 1553, 1111, 2985, 761, 760, 713, 217, 1272, 890, 1435, 982, 829, 2625, 1038, 2630, 325, 3319, 3146, 3090, 3262, 2353, 2797, 1073, 435, 2454, 2932, 51, 2012, 1502, 1688, 658, 1205, 3213, 1256, 2922, 1644, 1420, 966, 2119, 343, 2338, 2803, 2263, 452, 404, 369, 2611, 1017, 2571, 2854, 2449, 2050, 120, 843, 2645, 39, 3251, 1180, 3290, 2518, 271, 2385, 1669, 142, 2618, 2440, 1575, 2382, 305, 1124, 777, 1354, 155, 1037, 240, 3224, 788, 1307, 1097, 214, 3, 928, 747, 3298, 2422, 3450, 994, 2031, 2195, 3002, 555, 2849, 1933, 2778, 1224, 2578, 1719, 2384, 1236, 2225, 1554, 1095, 3409, 167, 1175, 898, 2344, 745, 1477, 849, 2503, 3353, 765, 2650, 1140, 2949, 2871, 2463, 3222, 618, 2253, 1600, 3094, 2991, 611, 368, 3448, 1547, 2026, 2772, 3160, 2600, 2663, 1723, 66, 1625, 3303, 2174, 129, 289, 3209, 1490, 3325, 437, 2187, 1461, 239, 2233, 317, 2275, 2386, 1115, 3027, 449, 2714, 577, 2348, 24, 2566, 1989, 265, 393, 678, 1903, 3089, 345, 2063, 254, 976, 683, 2292, 1265, 490, 433, 3048, 1003, 1032, 2351, 676, 1813, 792, 349, 424, 2352, 242, 650, 2465, 2905, 2257, 2064, 860, 1370, 2427, 1951, 320, 1843, 568, 2084, 1871, 733, 2911, 2606, 2539, 2218, 1366, 1350, 2116, 3167, 1934, 2907, 2123, 2408, 2925, 696, 2758, 2721, 83, 1536, 2170, 381, 481, 2245, 1577, 616, 1454, 1088, 3125, 1110, 859, 1737, 2836, 2704, 2996, 310, 3034, 2057, 2217, 3071, 3075, 2368, 1294, 2776, 2990, 3451, 26, 334, 802, 636, 93, 1475, 1508, 942, 3257, 2995, 3230, 519, 1393, 2883, 887, 3177, 1008, 3232, 2281, 962, 3438, 3108, 1970, 337, 55, 40, 1089, 534, 3373, 762, 1446, 147, 726, 2669, 1177, 601, 416, 3304, 113, 1693, 3265, 1356, 2279, 2658, 842, 1344, 362, 1601, 2819, 2320, 1371, 2375, 793, 1964, 11, 583, 3179, 2357, 1206, 3377, 2145, 286, 2662, 3284, 1683, 3233, 3312, 2903, 922, 1538, 596, 3367, 1858, 1691, 2762, 2022, 1698, 191, 3127, 2527, 3031, 876, 1191, 1845, 2521, 2130, 3000, 1530, 20, 2890, 2476, 1613, 2830, 4, 460, 3466, 2076, 2046, 3184, 835, 2643, 591, 1094, 2874, 2517, 2448, 1394, 912, 2097, 2739, 1015, 170, 1290, 628, 1021, 964, 2108, 2918, 37, 2671, 690, 1975, 2421, 969, 1703, 1966, 2296, 3175, 2226, 3440, 2009, 1181, 3006, 1782, 2267, 1568, 2712, 1421, 3193, 1926, 513, 2381, 1049, 2136, 2058, 3141, 2999, 146, 3149, 2405, 221, 2024, 1266, 2887, 1433, 632, 3170, 595, 3119, 141, 1023, 539, 3082, 1861, 1583, 2135, 552, 1137, 2309, 6, 3361, 2980, 1491, 946, 3456, 937, 1517, 1556, 122, 2249, 2333, 3322, 3394, 2102, 3395, 1146, 1100, 1997, 1203, 505, 2014, 2359, 1258, 2827, 1710, 2853, 18, 2244, 408, 1895, 2329, 3014, 2822, 304, 2373, 2322, 1360, 771, 2572, 1682, 2317, 2307, 2567, 3403, 941, 1658, 282, 392, 411, 3148, 3130, 206, 2164, 1664, 1027, 1515, 3022, 2727, 2998, 801, 905, 326, 2067, 3370, 520, 180, 2734, 1941, 2052, 1599, 2103, 2073, 2703, 1876, 1540, 482, 2967, 1059, 3457, 2786, 2295, 2811, 665, 491, 2512, 1645, 2181, 466, 2593, 2069, 1604, 900, 526, 3074, 3221, 1193, 181, 3204, 2941, 1002, 328, 8, 537, 753, 754, 2176, 3364, 2608, 185, 1251, 3408, 1453, 2399, 1108, 2372, 718, 1092, 2168, 1156, 3335, 783, 2592, 2943, 2439, 3135, 2532, 3315, 2487, 1815, 821, 1503, 60, 2078, 3416, 885, 1458, 910, 2288, 2133, 3073, 820, 2470, 1222, 2679, 1881, 3430, 716, 2865, 1727, 2579, 94, 2686, 385, 2306, 1763, 1667, 1582, 3426, 90, 1875, 446, 653, 670, 1329, 3460, 2781, 1170, 36, 560, 1716, 557, 2950, 429, 1972, 1267, 3320, 2200, 2664, 629, 2971, 276, 1983, 2901, 388, 71, 2410, 1767, 625, 1498, 41, 3446, 121, 2855, 660, 158, 2445, 985, 3292, 1908, 1689, 2486, 2093, 756, 2562, 423, 1706, 2304, 2040, 467, 599, 133, 584, 29, 177, 14, 2654, 455, 1520, 1250, 2086, 1052, 598, 1069, 1784, 1285, 2229, 2175, 2694, 2255, 3417, 1896, 712, 3418, 52, 1617, 1405, 2969, 1865, 2867, 2111, 2779, 3205, 3143, 2473, 1820, 1448, 3383, 2137, 1274, 1512, 224, 1918, 3313, 2696, 3155, 1504, 1803, 1385, 207, 797, 2045, 1239, 405, 1271, 620, 1064, 779, 1680, 476, 1314, 3452, 3095, 2041, 13, 1399, 1757, 1900, 1240, 541, 1321, 2543, 949, 1521, 1264, 2182, 1550, 1954, 590, 89, 3273, 322, 2794, 469, 610, 2380, 1971, 137, 631, 2034, 3169, 1467, 1197, 1532, 2390, 2953, 1856, 1812, 939, 434, 1994, 2490, 1352, 81, 1013, 957, 1305, 2628, 1107, 2978, 2700, 1779, 2313, 529, 953, 721, 2733, 314, 1932, 2665, 3021, 2634, 956, 1345, 1451, 2580, 2235, 3264, 1334, 1541, 84, 3424, 1323, 1518, 53, 2875, 2505, 1262, 3311, 940, 3368, 2780, 3338, 1463, 1732, 2709, 936, 2403, 2573, 2068, 1777, 1955, 2204, 2467, 2956, 680, 1519, 907, 868, 705, 234, 3324, 1279, 3111, 2180, 1574, 2706, 194, 259, 43, 2560, 2954, 672, 2872, 237, 128, 3069, 1060, 1084, 2223, 2768, 1252, 2534, 2511, 547, 107, 965, 3104, 2493, 2538, 3211, 1822, 3065, 427, 473, 639, 1619, 1168, 3165, 3285, 2030, 856, 68, 161, 1531, 2616, 2947, 2128, 2557, 1990, 729, 819, 154, 2935, 1469, 2553, 2342, 1751, 978, 140, 854, 2209, 2151, 671, 149, 2860, 2556, 2915, 2355, 2323, 2966, 951, 2674, 2577, 2766, 1413, 441, 2112, 532, 2289, 1185, 1229, 847, 1390, 173, 3337, 1223, 1486, 480, 2193, 2972, 2986, 1909, 1225, 3245, 2188, 757, 2955, 2759, 827, 701, 1497, 1053, 3056, 2241, 1318, 974, 2845, 9, 2677, 602, 2280, 1481, 3332, 2006, 814, 1640, 1626, 1157, 3247, 1011, 2735, 164, 1422, 2268, 1150, 2886, 266, 3258, 3191, 2124, 2446, 2315, 2944, 546, 3139, 1827, 1905, 3349, 2866, 1910, 3208, 850, 162, 1085, 2829, 448, 2008, 2682, 367, 558, 1510, 1548, 2496, 2331, 2559, 171, 2242, 3132, 511, 489, 1418, 1783, 832, 1291, 1863, 27, 2471, 920, 3295, 1488, 838, 2360, 2880, 3283, 911, 1403, 1289, 3256, 1795, 1720, 344, 3212, 1400, 2273, 688, 2491, 338, 2746, 2250, 1839, 1701, 538, 952, 1559, 2387, 531, 2840, 1303, 285, 2760, 1702, 114, 1655, 3198, 657, 64, 1031, 2584, 2349, 3079, 1153, 1560, 3404, 1215, 2007, 587, 2591, 3238, 376, 983, 25, 202, 2132, 1943, 2339, 2240, 260, 959, 2892, 2294, 1665, 3328, 277, 1383, 478, 2856, 1950, 63, 1705, 1208, 3274, 484, 2429, 2942, 3259, 293, 831, 106, 2479, 1114, 1755, 361, 1930, 485, 1096, 2215, 785, 1308, 773, 45, 1898, 3110, 613, 2548, 1268, 2655, 2037, 428, 810, 54, 3062, 2428, 1145, 398, 488, 528, 2755, 3171, 934, 2277, 2367, 3434, 1874, 2793, 159, 1939, 2917, 837, 1643, 1232, 3388, 2617, 2153, 2868, 3178, 1090, 767, 2308, 1000, 1580, 2122, 2083, 2460, 2481, 1183, 751, 2975, 2053, 78, 834, 2436, 2316, 2806, 1694, 153, 3040, 1257, 496, 2269, 1654, 1744, 1284, 316, 203, 1278, 1317, 3088, 3355, 1165, 1593, 99, 1659, 3269, 2930, 806, 1057, 3116, 2293, 1076, 1956, 2402, 2902, 3203, 3369, 1851, 3248, 2482, 796, 1598, 2477, 899, 28, 2197, 3128, 1794, 774, 2767, 1629, 2161, 1496, 893, 218, 1690, 1130, 663, 1660, 2716, 1214, 1343, 333, 1379, 3279, 3161, 2612, 2751, 250, 58, 1358, 2742, 2936, 2271, 1462, 1428, 475, 924, 410, 925, 1621, 2452, 313, 2589, 2060]'
	at com.kms.katalon.core.keyword.internal.KeywordMain.stepFailed(KeywordMain.groovy:51)
	at com.kms.katalon.core.webservice.keyword.builtin.VerifyElementPropertyValueKeyword$_verifyElementPropertyValue_closure1.doCall(VerifyElementPropertyValueKeyword.groovy:56)
	at com.kms.katalon.core.webservice.keyword.builtin.VerifyElementPropertyValueKeyword$_verifyElementPropertyValue_closure1.call(VerifyElementPropertyValueKeyword.groovy)
	at com.kms.katalon.core.keyword.internal.KeywordMain.runKeyword(KeywordMain.groovy:75)
	at com.kms.katalon.core.webservice.keyword.builtin.VerifyElementPropertyValueKeyword.verifyElementPropertyValue(VerifyElementPropertyValueKeyword.groovy:48)
	at com.kms.katalon.core.webservice.keyword.builtin.VerifyElementPropertyValueKeyword.execute(VerifyElementPropertyValueKeyword.groovy:43)
	at com.kms.katalon.core.keyword.internal.KeywordExecutor.executeKeywordForPlatform(KeywordExecutor.groovy:74)
	at com.kms.katalon.core.webservice.keyword.WSBuiltInKeywords.verifyElementPropertyValue(WSBuiltInKeywords.groovy:190)
	at GET Search booking.run(GET Search booking:36)
	at com.kms.katalon.core.main.ScriptEngine.run(ScriptEngine.java:194)
	at com.kms.katalon.core.main.ScriptEngine.runScriptAsRawText(ScriptEngine.java:119)
	at com.kms.katalon.core.main.TestCaseExecutor.runScript(TestCaseExecutor.java:448)
	at com.kms.katalon.core.main.TestCaseExecutor.doExecute(TestCaseExecutor.java:439)
	at com.kms.katalon.core.main.TestCaseExecutor.processExecutionPhase(TestCaseExecutor.java:418)
	at com.kms.katalon.core.main.TestCaseExecutor.accessMainPhase(TestCaseExecutor.java:410)
	at com.kms.katalon.core.main.TestCaseExecutor.execute(TestCaseExecutor.java:285)
	at com.kms.katalon.core.main.TestCaseExecutor.execute(TestCaseExecutor.java:369)
	at com.kms.katalon.core.main.TestCaseExecutor.execute(TestCaseExecutor.java:369)
	at com.kms.katalon.core.main.TestCaseExecutor.execute(TestCaseExecutor.java:369)
	at com.kms.katalon.core.common.CommonExecutor.accessTestCaseMainPhase(CommonExecutor.java:65)
	at com.kms.katalon.core.main.TestSuiteExecutor.accessTestSuiteMainPhase(TestSuiteExecutor.java:148)
	at com.kms.katalon.core.main.TestSuiteExecutor.execute(TestSuiteExecutor.java:106)
	at com.kms.katalon.core.main.TestCaseMain.startTestSuite(TestCaseMain.java:180)
	at TempTestSuite1704824872762.run(TempTestSuite1704824872762.groovy:36)
	at java.base/jdk.internal.reflect.NativeMethodAccessorImpl.invoke0(Native Method)
	at java.base/jdk.internal.reflect.NativeMethodAccessorImpl.invoke(NativeMethodAccessorImpl.java:77)
	at java.base/jdk.internal.reflect.DelegatingMethodAccessorImpl.invoke(DelegatingMethodAccessorImpl.java:43)
)

10-01-2024T01:28:08 - [MESSAGE][FAILED] - Expected element property value '3398' is not equal with actual property value '[178, 1685, 3032, 1411, 944, 1634, 101, 3172, 302, 430, 918, 2256, 1539, 2221, 119, 262, 669, 2192, 374, 3100, 741, 3156, 2812, 3443, 442, 192, 3419, 637, 2510, 1382, 383, 3114, 2259, 3013, 3059, 3250, 884, 3330, 3047, 1144, 2848, 1957, 1902, 1743, 463, 3289, 454, 3333, 1709, 3145, 609, 1071, 2542, 3346, 1806, 1769, 615, 2336, 1891, 3092, 563, 2501, 684, 1809, 472, 689, 804, 622, 715, 2876, 61, 2929, 554, 1529, 1842, 308, 1043, 2366, 2637, 873, 3240, 880, 2959, 216, 69, 1445, 645, 1571, 1152, 775, 2113, 1607, 1760, 2881, 2442, 263, 1586, 1255, 1745, 3454, 1570, 1243, 1704, 930, 891, 3060, 627, 2149, 1246, 1749, 165, 413, 1884, 2818, 2670, 2435, 420, 3210, 3219, 817, 1151, 1641, 2376, 950, 2761, 2525, 1082, 459, 1324, 846, 2129, 468, 719, 2533, 300, 1679, 3045, 1336, 1430, 3038, 565, 3301, 1288, 57, 851, 2908, 2048, 38, 3158, 2585, 3122, 3099, 2407, 2507, 3431, 1237, 2660, 2213, 3344, 1841, 2285, 642, 3231, 31, 723, 3192, 874, 85, 3385, 3150, 1063, 1129, 2324, 2795, 572, 1198, 2717, 414, 7, 2497, 961, 3462, 1398, 1016, 3296, 2171, 2148, 1824, 1190, 1018, 2893, 1506, 858, 2676, 402, 2839, 1637, 390, 2232, 1883, 2523, 1959, 967, 929, 341, 2227, 1447, 2090, 32, 989, 1231, 3003, 3028, 1818, 1476, 267, 3239, 2629, 764, 1776, 1340, 2393, 2319, 2748, 2583, 2814, 3020, 2790, 1684, 2564, 2004, 1158, 826, 1722, 1606, 1965, 30, 2722, 135, 372, 3378, 440, 82, 2283, 91, 2231, 1786, 1780, 1968, 1984, 1857, 1826, 2646, 1213, 581, 2412, 2369, 687, 1715, 1785, 210, 1614, 3464, 249, 1770, 143, 1666, 996, 1748, 1612, 875, 1210, 2457, 1594, 3277, 3123, 2833, 3299, 2504, 1635, 3382, 2838, 319, 1169, 2536, 269, 2695, 457, 2177, 2330, 1202, 2724, 2774, 2614, 1995, 742, 3113, 2701, 2484, 2051, 1184, 1976, 2914, 2075, 495, 1105, 648, 619, 3176, 988, 1867, 2284, 1938, 3234, 3053, 2690, 291, 3151, 1734, 1136, 916, 2752, 3080, 1711, 3358, 1087, 1492, 1478, 2036, 2183, 2540, 97, 1929, 2636, 2826, 1042, 1471, 1982, 871, 3254, 772, 462, 2770, 977, 2681, 675, 2847, 1217, 1605, 815, 1117, 3217, 1523, 2328, 2430, 3004, 2186, 2243, 1947, 3306, 3271, 997, 2169, 1544, 2394, 2807, 1756, 2498, 1793, 1917, 1890, 188, 352, 507, 1853, 1316, 1797, 3384, 1836, 2117, 2406, 279, 373, 1847, 1159, 3102, 407, 2668, 2913, 1391, 2144, 256, 630, 3280, 2800, 2039, 2736, 1328, 2238, 1230, 348, 711, 708, 1211, 2312, 364, 664, 228, 1386, 2091, 512, 248, 525, 283, 2154, 2740, 109, 500, 1470, 2569, 2841, 869, 1218, 1162, 1163, 2910, 1199, 1228, 1103, 3103, 2561, 1443, 3226, 2085, 2551, 1381, 1869, 780, 2104, 1620, 1595, 3323, 1729, 3444, 3314, 12, 778, 331, 2082, 2713, 3054, 2928, 693, 3310, 3076, 518, 504, 3401, 2291, 586, 975, 1275, 2146, 292, 2816, 2647, 882, 748, 1588, 2846, 311, 445, 1494, 3252, 1297, 2610, 1754, 758, 1860, 691, 2801, 2, 2474, 72, 2715, 3374, 3405, 2165, 3068, 1563, 1837, 524, 1872, 208, 3354, 1135, 1078, 74, 2798, 1189, 3117, 2494, 179, 278, 1024, 1473, 990, 1581, 3043, 1522, 2290, 1432, 3186, 550, 1615, 1904, 2708, 2251, 515, 1850, 2937, 438, 1675, 679, 766, 2398, 2877, 1646, 2453, 295, 34, 3396, 567, 2115, 2889, 2127, 2077, 2092, 2605, 2362, 722, 2749, 75, 3286, 3363, 3357, 200, 336, 1739, 1728, 2208, 2018, 258, 2756, 44, 1120, 3190, 2824, 1880, 3399, 809, 1609, 2363, 1825, 2745, 2545, 2938, 3433, 2804, 2552, 1281, 1993, 197, 2456, 2888, 1244, 2397, 2948, 576, 1912, 1132, 2698, 813, 339, 1460, 172, 1948, 1434, 2236, 823, 2020, 1001, 1545, 3414, 1363, 1925, 1346, 888, 1742, 2391, 1065, 1500, 10, 2685, 229, 923, 2528, 3138, 1889, 1282, 1123, 2514, 2834, 2466, 1431, 132, 1364, 1058, 2418, 287, 3015, 96, 2692, 1555, 848, 1696, 1953, 901, 245, 1109, 2206, 862, 1979, 1526, 117, 3389, 571, 1833, 3083, 377, 604, 3390, 95, 510, 1632, 21, 1589, 1800, 2417, 1830, 2550, 47, 2358, 1080, 3181, 825, 1333, 2155, 666, 1216, 3340, 324, 2485, 350, 2859, 1372, 3050, 3162, 2649, 3266, 580, 522, 198, 3423, 840, 652, 1164, 17, 931, 354, 3410, 1466, 2970, 2059, 3270, 2689, 2028, 182, 233, 450, 1899, 737, 1104, 3202, 2547, 2141, 508, 2993, 1022, 2549, 2216, 3131, 1025, 2013, 1396, 1309, 105, 227, 807, 1387, 125, 3085, 1892, 2979, 2492, 3339, 692, 866, 3347, 1176, 2516, 246, 3235, 624, 2894, 3154, 681, 2106, 1991, 1039, 2081, 366, 2047, 1810, 3398, 2019, 355, 176, 2730, 1119, 553, 1047, 2029, 1549, 1389, 1342, 396, 108, 1750, 1766, 1974, 417, 251, 3441, 2785, 3263, 3379, 1276, 1171, 1033, 3185, 1661, 594, 2604, 222, 2624, 50, 1958, 1369, 1196, 152, 77, 2962, 1036, 1920, 2821, 973, 790, 3463, 1924, 1406, 3244, 1050, 3187, 2162, 543, 494, 3350, 1139, 2072, 638, 784, 1592, 2414, 1485, 2509, 2927, 395, 389, 1673, 380, 2203, 734, 570, 1566, 2098, 19, 1848, 1452, 2142, 2222, 274, 2461, 1774, 2586, 3436, 301, 3348, 2447, 1361, 1674, 579, 1304, 5, 2109, 2001, 1887, 703, 1311, 2652, 2096, 2337, 2265, 3397, 805, 2194, 1348, 3142, 2808, 892, 736, 1074, 1668, 3051, 2526, 1587, 2343, 2619, 193, 2725, 3197, 606, 724, 3196, 1676, 2210, 2441, 2423, 1791, 1807, 166, 502, 906, 1877, 116, 2261, 1618, 2635, 3137, 1805, 3098, 535, 1627, 600, 1010, 209, 2897, 2189, 521, 1735, 795, 2743, 1479, 2433, 1450, 2832, 1133, 3427, 2374, 2622, 2640, 3407, 3066, 841, 2707, 699, 2199, 588, 1007, 16, 607, 2639, 2462, 1911, 439, 3437, 1834, 186, 3058, 3010, 1535, 2976, 1821, 59, 1831, 2599, 739, 2963, 1642, 2787, 1313, 1298, 1873, 1376, 2791, 1562, 3044, 2156, 743, 80, 968, 1761, 3428, 1788, 644, 2524, 46, 201, 2844, 1730, 1426, 399, 3199, 2274, 749, 2882, 3039, 1973, 1653, 2025, 2598, 2038, 2981, 2898, 1138, 2810, 126, 904, 241, 3225, 2921, 2590, 1919, 1866, 358, 2632, 1945, 1718, 23, 3343, 1885, 3033, 2964, 542, 1852, 1638, 2157, 2989, 659, 297, 1127, 649, 1425, 1980, 1816, 1712, 730, 2784, 1999, 48, 3107, 2262, 1026, 1484, 1610, 136, 2926, 223, 1913, 697, 3007, 3421, 2160, 252, 1436, 1070, 3329, 651, 545, 1923, 2100, 3012, 382, 3316, 1299, 1174, 2623, 3120, 894, 2300, 1936, 883, 1937, 700, 2596, 1415, 235, 562, 1339, 1404, 707, 1412, 2302, 1, 1736, 2345, 1327, 102, 1046, 419, 2659, 2673, 3011, 3164, 3025, 2327, 864, 573, 1440, 1762, 1986, 3084, 148, 1378, 1235, 1567, 2002, 1772, 3458, 2862, 268, 1182, 1409, 3362, 2016, 1330, 307, 2805, 1442, 103, 1357, 995, 2960, 1335, 2120, 1375, 213, 357, 1978, 3376, 935, 991, 2653, 2138, 917, 1651, 3026, 3229, 2983, 3133, 2054, 865, 379, 1962, 1561, 1650, 2301, 2396, 3391, 787, 2684, 1514, 853, 2602, 3278, 458, 1118, 2214, 984, 3305, 2729, 1534, 401, 3061, 2726, 2728, 1125, 359, 1509, 1102, 1700, 2066, 3096, 2202, 3413, 3218, 706, 1322, 1355, 1201, 2773, 1249, 1054, 643, 2896, 1631, 501, 2409, 2416, 1147, 2920, 1576, 1988, 1045, 3037, 231, 1030, 1457, 3019, 913, 347, 422, 294, 1790, 1365, 3291, 1295, 1245, 2434, 2574, 3302, 2641, 1796, 799, 879, 329, 273, 474, 1771, 2750, 1963, 2984, 947, 2379, 1006, 1261, 2424, 497, 1801, 189, 3063, 1283, 1066, 127, 1079, 3242, 1194, 2469, 1300, 2861, 1725, 731, 1553, 1111, 2985, 761, 760, 713, 217, 1272, 890, 1435, 982, 829, 2625, 1038, 2630, 325, 3319, 3146, 3090, 3262, 2353, 2797, 1073, 435, 2454, 2932, 51, 2012, 1502, 1688, 658, 1205, 3213, 1256, 2922, 1644, 1420, 966, 2119, 343, 2338, 2803, 2263, 452, 404, 369, 2611, 1017, 2571, 2854, 2449, 2050, 120, 843, 2645, 39, 3251, 1180, 3290, 2518, 271, 2385, 1669, 142, 2618, 2440, 1575, 2382, 305, 1124, 777, 1354, 155, 1037, 240, 3224, 788, 1307, 1097, 214, 3, 928, 747, 3298, 2422, 3450, 994, 2031, 2195, 3002, 555, 2849, 1933, 2778, 1224, 2578, 1719, 2384, 1236, 2225, 1554, 1095, 3409, 167, 1175, 898, 2344, 745, 1477, 849, 2503, 3353, 765, 2650, 1140, 2949, 2871, 2463, 3222, 618, 2253, 1600, 3094, 2991, 611, 368, 3448, 1547, 2026, 2772, 3160, 2600, 2663, 1723, 66, 1625, 3303, 2174, 129, 289, 3209, 1490, 3325, 437, 2187, 1461, 239, 2233, 317, 2275, 2386, 1115, 3027, 449, 2714, 577, 2348, 24, 2566, 1989, 265, 393, 678, 1903, 3089, 345, 2063, 254, 976, 683, 2292, 1265, 490, 433, 3048, 1003, 1032, 2351, 676, 1813, 792, 349, 424, 2352, 242, 650, 2465, 2905, 2257, 2064, 860, 1370, 2427, 1951, 320, 1843, 568, 2084, 1871, 733, 2911, 2606, 2539, 2218, 1366, 1350, 2116, 3167, 1934, 2907, 2123, 2408, 2925, 696, 2758, 2721, 83, 1536, 2170, 381, 481, 2245, 1577, 616, 1454, 1088, 3125, 1110, 859, 1737, 2836, 2704, 2996, 310, 3034, 2057, 2217, 3071, 3075, 2368, 1294, 2776, 2990, 3451, 26, 334, 802, 636, 93, 1475, 1508, 942, 3257, 2995, 3230, 519, 1393, 2883, 887, 3177, 1008, 3232, 2281, 962, 3438, 3108, 1970, 337, 55, 40, 1089, 534, 3373, 762, 1446, 147, 726, 2669, 1177, 601, 416, 3304, 113, 1693, 3265, 1356, 2279, 2658, 842, 1344, 362, 1601, 2819, 2320, 1371, 2375, 793, 1964, 11, 583, 3179, 2357, 1206, 3377, 2145, 286, 2662, 3284, 1683, 3233, 3312, 2903, 922, 1538, 596, 3367, 1858, 1691, 2762, 2022, 1698, 191, 3127, 2527, 3031, 876, 1191, 1845, 2521, 2130, 3000, 1530, 20, 2890, 2476, 1613, 2830, 4, 460, 3466, 2076, 2046, 3184, 835, 2643, 591, 1094, 2874, 2517, 2448, 1394, 912, 2097, 2739, 1015, 170, 1290, 628, 1021, 964, 2108, 2918, 37, 2671, 690, 1975, 2421, 969, 1703, 1966, 2296, 3175, 2226, 3440, 2009, 1181, 3006, 1782, 2267, 1568, 2712, 1421, 3193, 1926, 513, 2381, 1049, 2136, 2058, 3141, 2999, 146, 3149, 2405, 221, 2024, 1266, 2887, 1433, 632, 3170, 595, 3119, 141, 1023, 539, 3082, 1861, 1583, 2135, 552, 1137, 2309, 6, 3361, 2980, 1491, 946, 3456, 937, 1517, 1556, 122, 2249, 2333, 3322, 3394, 2102, 3395, 1146, 1100, 1997, 1203, 505, 2014, 2359, 1258, 2827, 1710, 2853, 18, 2244, 408, 1895, 2329, 3014, 2822, 304, 2373, 2322, 1360, 771, 2572, 1682, 2317, 2307, 2567, 3403, 941, 1658, 282, 392, 411, 3148, 3130, 206, 2164, 1664, 1027, 1515, 3022, 2727, 2998, 801, 905, 326, 2067, 3370, 520, 180, 2734, 1941, 2052, 1599, 2103, 2073, 2703, 1876, 1540, 482, 2967, 1059, 3457, 2786, 2295, 2811, 665, 491, 2512, 1645, 2181, 466, 2593, 2069, 1604, 900, 526, 3074, 3221, 1193, 181, 3204, 2941, 1002, 328, 8, 537, 753, 754, 2176, 3364, 2608, 185, 1251, 3408, 1453, 2399, 1108, 2372, 718, 1092, 2168, 1156, 3335, 783, 2592, 2943, 2439, 3135, 2532, 3315, 2487, 1815, 821, 1503, 60, 2078, 3416, 885, 1458, 910, 2288, 2133, 3073, 820, 2470, 1222, 2679, 1881, 3430, 716, 2865, 1727, 2579, 94, 2686, 385, 2306, 1763, 1667, 1582, 3426, 90, 1875, 446, 653, 670, 1329, 3460, 2781, 1170, 36, 560, 1716, 557, 2950, 429, 1972, 1267, 3320, 2200, 2664, 629, 2971, 276, 1983, 2901, 388, 71, 2410, 1767, 625, 1498, 41, 3446, 121, 2855, 660, 158, 2445, 985, 3292, 1908, 1689, 2486, 2093, 756, 2562, 423, 1706, 2304, 2040, 467, 599, 133, 584, 29, 177, 14, 2654, 455, 1520, 1250, 2086, 1052, 598, 1069, 1784, 1285, 2229, 2175, 2694, 2255, 3417, 1896, 712, 3418, 52, 1617, 1405, 2969, 1865, 2867, 2111, 2779, 3205, 3143, 2473, 1820, 1448, 3383, 2137, 1274, 1512, 224, 1918, 3313, 2696, 3155, 1504, 1803, 1385, 207, 797, 2045, 1239, 405, 1271, 620, 1064, 779, 1680, 476, 1314, 3452, 3095, 2041, 13, 1399, 1757, 1900, 1240, 541, 1321, 2543, 949, 1521, 1264, 2182, 1550, 1954, 590, 89, 3273, 322, 2794, 469, 610, 2380, 1971, 137, 631, 2034, 3169, 1467, 1197, 1532, 2390, 2953, 1856, 1812, 939, 434, 1994, 2490, 1352, 81, 1013, 957, 1305, 2628, 1107, 2978, 2700, 1779, 2313, 529, 953, 721, 2733, 314, 1932, 2665, 3021, 2634, 956, 1345, 1451, 2580, 2235, 3264, 1334, 1541, 84, 3424, 1323, 1518, 53, 2875, 2505, 1262, 3311, 940, 3368, 2780, 3338, 1463, 1732, 2709, 936, 2403, 2573, 2068, 1777, 1955, 2204, 2467, 2956, 680, 1519, 907, 868, 705, 234, 3324, 1279, 3111, 2180, 1574, 2706, 194, 259, 43, 2560, 2954, 672, 2872, 237, 128, 3069, 1060, 1084, 2223, 2768, 1252, 2534, 2511, 547, 107, 965, 3104, 2493, 2538, 3211, 1822, 3065, 427, 473, 639, 1619, 1168, 3165, 3285, 2030, 856, 68, 161, 1531, 2616, 2947, 2128, 2557, 1990, 729, 819, 154, 2935, 1469, 2553, 2342, 1751, 978, 140, 854, 2209, 2151, 671, 149, 2860, 2556, 2915, 2355, 2323, 2966, 951, 2674, 2577, 2766, 1413, 441, 2112, 532, 2289, 1185, 1229, 847, 1390, 173, 3337, 1223, 1486, 480, 2193, 2972, 2986, 1909, 1225, 3245, 2188, 757, 2955, 2759, 827, 701, 1497, 1053, 3056, 2241, 1318, 974, 2845, 9, 2677, 602, 2280, 1481, 3332, 2006, 814, 1640, 1626, 1157, 3247, 1011, 2735, 164, 1422, 2268, 1150, 2886, 266, 3258, 3191, 2124, 2446, 2315, 2944, 546, 3139, 1827, 1905, 3349, 2866, 1910, 3208, 850, 162, 1085, 2829, 448, 2008, 2682, 367, 558, 1510, 1548, 2496, 2331, 2559, 171, 2242, 3132, 511, 489, 1418, 1783, 832, 1291, 1863, 27, 2471, 920, 3295, 1488, 838, 2360, 2880, 3283, 911, 1403, 1289, 3256, 1795, 1720, 344, 3212, 1400, 2273, 688, 2491, 338, 2746, 2250, 1839, 1701, 538, 952, 1559, 2387, 531, 2840, 1303, 285, 2760, 1702, 114, 1655, 3198, 657, 64, 1031, 2584, 2349, 3079, 1153, 1560, 3404, 1215, 2007, 587, 2591, 3238, 376, 983, 25, 202, 2132, 1943, 2339, 2240, 260, 959, 2892, 2294, 1665, 3328, 277, 1383, 478, 2856, 1950, 63, 1705, 1208, 3274, 484, 2429, 2942, 3259, 293, 831, 106, 2479, 1114, 1755, 361, 1930, 485, 1096, 2215, 785, 1308, 773, 45, 1898, 3110, 613, 2548, 1268, 2655, 2037, 428, 810, 54, 3062, 2428, 1145, 398, 488, 528, 2755, 3171, 934, 2277, 2367, 3434, 1874, 2793, 159, 1939, 2917, 837, 1643, 1232, 3388, 2617, 2153, 2868, 3178, 1090, 767, 2308, 1000, 1580, 2122, 2083, 2460, 2481, 1183, 751, 2975, 2053, 78, 834, 2436, 2316, 2806, 1694, 153, 3040, 1257, 496, 2269, 1654, 1744, 1284, 316, 203, 1278, 1317, 3088, 3355, 1165, 1593, 99, 1659, 3269, 2930, 806, 1057, 3116, 2293, 1076, 1956, 2402, 2902, 3203, 3369, 1851, 3248, 2482, 796, 1598, 2477, 899, 28, 2197, 3128, 1794, 774, 2767, 1629, 2161, 1496, 893, 218, 1690, 1130, 663, 1660, 2716, 1214, 1343, 333, 1379, 3279, 3161, 2612, 2751, 250, 58, 1358, 2742, 2936, 2271, 1462, 1428, 475, 924, 410, 925, 1621, 2452, 313, 2589, 2060]'

10-01-2024T01:28:08 - [MESSAGE][FAILED] - Unable to verify element property value (Root cause: com.kms.katalon.core.exception.StepFailedException: Expected element property value '3398' is not equal with actual property value '[178, 1685, 3032, 1411, 944, 1634, 101, 3172, 302, 430, 918, 2256, 1539, 2221, 119, 262, 669, 2192, 374, 3100, 741, 3156, 2812, 3443, 442, 192, 3419, 637, 2510, 1382, 383, 3114, 2259, 3013, 3059, 3250, 884, 3330, 3047, 1144, 2848, 1957, 1902, 1743, 463, 3289, 454, 3333, 1709, 3145, 609, 1071, 2542, 3346, 1806, 1769, 615, 2336, 1891, 3092, 563, 2501, 684, 1809, 472, 689, 804, 622, 715, 2876, 61, 2929, 554, 1529, 1842, 308, 1043, 2366, 2637, 873, 3240, 880, 2959, 216, 69, 1445, 645, 1571, 1152, 775, 2113, 1607, 1760, 2881, 2442, 263, 1586, 1255, 1745, 3454, 1570, 1243, 1704, 930, 891, 3060, 627, 2149, 1246, 1749, 165, 413, 1884, 2818, 2670, 2435, 420, 3210, 3219, 817, 1151, 1641, 2376, 950, 2761, 2525, 1082, 459, 1324, 846, 2129, 468, 719, 2533, 300, 1679, 3045, 1336, 1430, 3038, 565, 3301, 1288, 57, 851, 2908, 2048, 38, 3158, 2585, 3122, 3099, 2407, 2507, 3431, 1237, 2660, 2213, 3344, 1841, 2285, 642, 3231, 31, 723, 3192, 874, 85, 3385, 3150, 1063, 1129, 2324, 2795, 572, 1198, 2717, 414, 7, 2497, 961, 3462, 1398, 1016, 3296, 2171, 2148, 1824, 1190, 1018, 2893, 1506, 858, 2676, 402, 2839, 1637, 390, 2232, 1883, 2523, 1959, 967, 929, 341, 2227, 1447, 2090, 32, 989, 1231, 3003, 3028, 1818, 1476, 267, 3239, 2629, 764, 1776, 1340, 2393, 2319, 2748, 2583, 2814, 3020, 2790, 1684, 2564, 2004, 1158, 826, 1722, 1606, 1965, 30, 2722, 135, 372, 3378, 440, 82, 2283, 91, 2231, 1786, 1780, 1968, 1984, 1857, 1826, 2646, 1213, 581, 2412, 2369, 687, 1715, 1785, 210, 1614, 3464, 249, 1770, 143, 1666, 996, 1748, 1612, 875, 1210, 2457, 1594, 3277, 3123, 2833, 3299, 2504, 1635, 3382, 2838, 319, 1169, 2536, 269, 2695, 457, 2177, 2330, 1202, 2724, 2774, 2614, 1995, 742, 3113, 2701, 2484, 2051, 1184, 1976, 2914, 2075, 495, 1105, 648, 619, 3176, 988, 1867, 2284, 1938, 3234, 3053, 2690, 291, 3151, 1734, 1136, 916, 2752, 3080, 1711, 3358, 1087, 1492, 1478, 2036, 2183, 2540, 97, 1929, 2636, 2826, 1042, 1471, 1982, 871, 3254, 772, 462, 2770, 977, 2681, 675, 2847, 1217, 1605, 815, 1117, 3217, 1523, 2328, 2430, 3004, 2186, 2243, 1947, 3306, 3271, 997, 2169, 1544, 2394, 2807, 1756, 2498, 1793, 1917, 1890, 188, 352, 507, 1853, 1316, 1797, 3384, 1836, 2117, 2406, 279, 373, 1847, 1159, 3102, 407, 2668, 2913, 1391, 2144, 256, 630, 3280, 2800, 2039, 2736, 1328, 2238, 1230, 348, 711, 708, 1211, 2312, 364, 664, 228, 1386, 2091, 512, 248, 525, 283, 2154, 2740, 109, 500, 1470, 2569, 2841, 869, 1218, 1162, 1163, 2910, 1199, 1228, 1103, 3103, 2561, 1443, 3226, 2085, 2551, 1381, 1869, 780, 2104, 1620, 1595, 3323, 1729, 3444, 3314, 12, 778, 331, 2082, 2713, 3054, 2928, 693, 3310, 3076, 518, 504, 3401, 2291, 586, 975, 1275, 2146, 292, 2816, 2647, 882, 748, 1588, 2846, 311, 445, 1494, 3252, 1297, 2610, 1754, 758, 1860, 691, 2801, 2, 2474, 72, 2715, 3374, 3405, 2165, 3068, 1563, 1837, 524, 1872, 208, 3354, 1135, 1078, 74, 2798, 1189, 3117, 2494, 179, 278, 1024, 1473, 990, 1581, 3043, 1522, 2290, 1432, 3186, 550, 1615, 1904, 2708, 2251, 515, 1850, 2937, 438, 1675, 679, 766, 2398, 2877, 1646, 2453, 295, 34, 3396, 567, 2115, 2889, 2127, 2077, 2092, 2605, 2362, 722, 2749, 75, 3286, 3363, 3357, 200, 336, 1739, 1728, 2208, 2018, 258, 2756, 44, 1120, 3190, 2824, 1880, 3399, 809, 1609, 2363, 1825, 2745, 2545, 2938, 3433, 2804, 2552, 1281, 1993, 197, 2456, 2888, 1244, 2397, 2948, 576, 1912, 1132, 2698, 813, 339, 1460, 172, 1948, 1434, 2236, 823, 2020, 1001, 1545, 3414, 1363, 1925, 1346, 888, 1742, 2391, 1065, 1500, 10, 2685, 229, 923, 2528, 3138, 1889, 1282, 1123, 2514, 2834, 2466, 1431, 132, 1364, 1058, 2418, 287, 3015, 96, 2692, 1555, 848, 1696, 1953, 901, 245, 1109, 2206, 862, 1979, 1526, 117, 3389, 571, 1833, 3083, 377, 604, 3390, 95, 510, 1632, 21, 1589, 1800, 2417, 1830, 2550, 47, 2358, 1080, 3181, 825, 1333, 2155, 666, 1216, 3340, 324, 2485, 350, 2859, 1372, 3050, 3162, 2649, 3266, 580, 522, 198, 3423, 840, 652, 1164, 17, 931, 354, 3410, 1466, 2970, 2059, 3270, 2689, 2028, 182, 233, 450, 1899, 737, 1104, 3202, 2547, 2141, 508, 2993, 1022, 2549, 2216, 3131, 1025, 2013, 1396, 1309, 105, 227, 807, 1387, 125, 3085, 1892, 2979, 2492, 3339, 692, 866, 3347, 1176, 2516, 246, 3235, 624, 2894, 3154, 681, 2106, 1991, 1039, 2081, 366, 2047, 1810, 3398, 2019, 355, 176, 2730, 1119, 553, 1047, 2029, 1549, 1389, 1342, 396, 108, 1750, 1766, 1974, 417, 251, 3441, 2785, 3263, 3379, 1276, 1171, 1033, 3185, 1661, 594, 2604, 222, 2624, 50, 1958, 1369, 1196, 152, 77, 2962, 1036, 1920, 2821, 973, 790, 3463, 1924, 1406, 3244, 1050, 3187, 2162, 543, 494, 3350, 1139, 2072, 638, 784, 1592, 2414, 1485, 2509, 2927, 395, 389, 1673, 380, 2203, 734, 570, 1566, 2098, 19, 1848, 1452, 2142, 2222, 274, 2461, 1774, 2586, 3436, 301, 3348, 2447, 1361, 1674, 579, 1304, 5, 2109, 2001, 1887, 703, 1311, 2652, 2096, 2337, 2265, 3397, 805, 2194, 1348, 3142, 2808, 892, 736, 1074, 1668, 3051, 2526, 1587, 2343, 2619, 193, 2725, 3197, 606, 724, 3196, 1676, 2210, 2441, 2423, 1791, 1807, 166, 502, 906, 1877, 116, 2261, 1618, 2635, 3137, 1805, 3098, 535, 1627, 600, 1010, 209, 2897, 2189, 521, 1735, 795, 2743, 1479, 2433, 1450, 2832, 1133, 3427, 2374, 2622, 2640, 3407, 3066, 841, 2707, 699, 2199, 588, 1007, 16, 607, 2639, 2462, 1911, 439, 3437, 1834, 186, 3058, 3010, 1535, 2976, 1821, 59, 1831, 2599, 739, 2963, 1642, 2787, 1313, 1298, 1873, 1376, 2791, 1562, 3044, 2156, 743, 80, 968, 1761, 3428, 1788, 644, 2524, 46, 201, 2844, 1730, 1426, 399, 3199, 2274, 749, 2882, 3039, 1973, 1653, 2025, 2598, 2038, 2981, 2898, 1138, 2810, 126, 904, 241, 3225, 2921, 2590, 1919, 1866, 358, 2632, 1945, 1718, 23, 3343, 1885, 3033, 2964, 542, 1852, 1638, 2157, 2989, 659, 297, 1127, 649, 1425, 1980, 1816, 1712, 730, 2784, 1999, 48, 3107, 2262, 1026, 1484, 1610, 136, 2926, 223, 1913, 697, 3007, 3421, 2160, 252, 1436, 1070, 3329, 651, 545, 1923, 2100, 3012, 382, 3316, 1299, 1174, 2623, 3120, 894, 2300, 1936, 883, 1937, 700, 2596, 1415, 235, 562, 1339, 1404, 707, 1412, 2302, 1, 1736, 2345, 1327, 102, 1046, 419, 2659, 2673, 3011, 3164, 3025, 2327, 864, 573, 1440, 1762, 1986, 3084, 148, 1378, 1235, 1567, 2002, 1772, 3458, 2862, 268, 1182, 1409, 3362, 2016, 1330, 307, 2805, 1442, 103, 1357, 995, 2960, 1335, 2120, 1375, 213, 357, 1978, 3376, 935, 991, 2653, 2138, 917, 1651, 3026, 3229, 2983, 3133, 2054, 865, 379, 1962, 1561, 1650, 2301, 2396, 3391, 787, 2684, 1514, 853, 2602, 3278, 458, 1118, 2214, 984, 3305, 2729, 1534, 401, 3061, 2726, 2728, 1125, 359, 1509, 1102, 1700, 2066, 3096, 2202, 3413, 3218, 706, 1322, 1355, 1201, 2773, 1249, 1054, 643, 2896, 1631, 501, 2409, 2416, 1147, 2920, 1576, 1988, 1045, 3037, 231, 1030, 1457, 3019, 913, 347, 422, 294, 1790, 1365, 3291, 1295, 1245, 2434, 2574, 3302, 2641, 1796, 799, 879, 329, 273, 474, 1771, 2750, 1963, 2984, 947, 2379, 1006, 1261, 2424, 497, 1801, 189, 3063, 1283, 1066, 127, 1079, 3242, 1194, 2469, 1300, 2861, 1725, 731, 1553, 1111, 2985, 761, 760, 713, 217, 1272, 890, 1435, 982, 829, 2625, 1038, 2630, 325, 3319, 3146, 3090, 3262, 2353, 2797, 1073, 435, 2454, 2932, 51, 2012, 1502, 1688, 658, 1205, 3213, 1256, 2922, 1644, 1420, 966, 2119, 343, 2338, 2803, 2263, 452, 404, 369, 2611, 1017, 2571, 2854, 2449, 2050, 120, 843, 2645, 39, 3251, 1180, 3290, 2518, 271, 2385, 1669, 142, 2618, 2440, 1575, 2382, 305, 1124, 777, 1354, 155, 1037, 240, 3224, 788, 1307, 1097, 214, 3, 928, 747, 3298, 2422, 3450, 994, 2031, 2195, 3002, 555, 2849, 1933, 2778, 1224, 2578, 1719, 2384, 1236, 2225, 1554, 1095, 3409, 167, 1175, 898, 2344, 745, 1477, 849, 2503, 3353, 765, 2650, 1140, 2949, 2871, 2463, 3222, 618, 2253, 1600, 3094, 2991, 611, 368, 3448, 1547, 2026, 2772, 3160, 2600, 2663, 1723, 66, 1625, 3303, 2174, 129, 289, 3209, 1490, 3325, 437, 2187, 1461, 239, 2233, 317, 2275, 2386, 1115, 3027, 449, 2714, 577, 2348, 24, 2566, 1989, 265, 393, 678, 1903, 3089, 345, 2063, 254, 976, 683, 2292, 1265, 490, 433, 3048, 1003, 1032, 2351, 676, 1813, 792, 349, 424, 2352, 242, 650, 2465, 2905, 2257, 2064, 860, 1370, 2427, 1951, 320, 1843, 568, 2084, 1871, 733, 2911, 2606, 2539, 2218, 1366, 1350, 2116, 3167, 1934, 2907, 2123, 2408, 2925, 696, 2758, 2721, 83, 1536, 2170, 381, 481, 2245, 1577, 616, 1454, 1088, 3125, 1110, 859, 1737, 2836, 2704, 2996, 310, 3034, 2057, 2217, 3071, 3075, 2368, 1294, 2776, 2990, 3451, 26, 334, 802, 636, 93, 1475, 1508, 942, 3257, 2995, 3230, 519, 1393, 2883, 887, 3177, 1008, 3232, 2281, 962, 3438, 3108, 1970, 337, 55, 40, 1089, 534, 3373, 762, 1446, 147, 726, 2669, 1177, 601, 416, 3304, 113, 1693, 3265, 1356, 2279, 2658, 842, 1344, 362, 1601, 2819, 2320, 1371, 2375, 793, 1964, 11, 583, 3179, 2357, 1206, 3377, 2145, 286, 2662, 3284, 1683, 3233, 3312, 2903, 922, 1538, 596, 3367, 1858, 1691, 2762, 2022, 1698, 191, 3127, 2527, 3031, 876, 1191, 1845, 2521, 2130, 3000, 1530, 20, 2890, 2476, 1613, 2830, 4, 460, 3466, 2076, 2046, 3184, 835, 2643, 591, 1094, 2874, 2517, 2448, 1394, 912, 2097, 2739, 1015, 170, 1290, 628, 1021, 964, 2108, 2918, 37, 2671, 690, 1975, 2421, 969, 1703, 1966, 2296, 3175, 2226, 3440, 2009, 1181, 3006, 1782, 2267, 1568, 2712, 1421, 3193, 1926, 513, 2381, 1049, 2136, 2058, 3141, 2999, 146, 3149, 2405, 221, 2024, 1266, 2887, 1433, 632, 3170, 595, 3119, 141, 1023, 539, 3082, 1861, 1583, 2135, 552, 1137, 2309, 6, 3361, 2980, 1491, 946, 3456, 937, 1517, 1556, 122, 2249, 2333, 3322, 3394, 2102, 3395, 1146, 1100, 1997, 1203, 505, 2014, 2359, 1258, 2827, 1710, 2853, 18, 2244, 408, 1895, 2329, 3014, 2822, 304, 2373, 2322, 1360, 771, 2572, 1682, 2317, 2307, 2567, 3403, 941, 1658, 282, 392, 411, 3148, 3130, 206, 2164, 1664, 1027, 1515, 3022, 2727, 2998, 801, 905, 326, 2067, 3370, 520, 180, 2734, 1941, 2052, 1599, 2103, 2073, 2703, 1876, 1540, 482, 2967, 1059, 3457, 2786, 2295, 2811, 665, 491, 2512, 1645, 2181, 466, 2593, 2069, 1604, 900, 526, 3074, 3221, 1193, 181, 3204, 2941, 1002, 328, 8, 537, 753, 754, 2176, 3364, 2608, 185, 1251, 3408, 1453, 2399, 1108, 2372, 718, 1092, 2168, 1156, 3335, 783, 2592, 2943, 2439, 3135, 2532, 3315, 2487, 1815, 821, 1503, 60, 2078, 3416, 885, 1458, 910, 2288, 2133, 3073, 820, 2470, 1222, 2679, 1881, 3430, 716, 2865, 1727, 2579, 94, 2686, 385, 2306, 1763, 1667, 1582, 3426, 90, 1875, 446, 653, 670, 1329, 3460, 2781, 1170, 36, 560, 1716, 557, 2950, 429, 1972, 1267, 3320, 2200, 2664, 629, 2971, 276, 1983, 2901, 388, 71, 2410, 1767, 625, 1498, 41, 3446, 121, 2855, 660, 158, 2445, 985, 3292, 1908, 1689, 2486, 2093, 756, 2562, 423, 1706, 2304, 2040, 467, 599, 133, 584, 29, 177, 14, 2654, 455, 1520, 1250, 2086, 1052, 598, 1069, 1784, 1285, 2229, 2175, 2694, 2255, 3417, 1896, 712, 3418, 52, 1617, 1405, 2969, 1865, 2867, 2111, 2779, 3205, 3143, 2473, 1820, 1448, 3383, 2137, 1274, 1512, 224, 1918, 3313, 2696, 3155, 1504, 1803, 1385, 207, 797, 2045, 1239, 405, 1271, 620, 1064, 779, 1680, 476, 1314, 3452, 3095, 2041, 13, 1399, 1757, 1900, 1240, 541, 1321, 2543, 949, 1521, 1264, 2182, 1550, 1954, 590, 89, 3273, 322, 2794, 469, 610, 2380, 1971, 137, 631, 2034, 3169, 1467, 1197, 1532, 2390, 2953, 1856, 1812, 939, 434, 1994, 2490, 1352, 81, 1013, 957, 1305, 2628, 1107, 2978, 2700, 1779, 2313, 529, 953, 721, 2733, 314, 1932, 2665, 3021, 2634, 956, 1345, 1451, 2580, 2235, 3264, 1334, 1541, 84, 3424, 1323, 1518, 53, 2875, 2505, 1262, 3311, 940, 3368, 2780, 3338, 1463, 1732, 2709, 936, 2403, 2573, 2068, 1777, 1955, 2204, 2467, 2956, 680, 1519, 907, 868, 705, 234, 3324, 1279, 3111, 2180, 1574, 2706, 194, 259, 43, 2560, 2954, 672, 2872, 237, 128, 3069, 1060, 1084, 2223, 2768, 1252, 2534, 2511, 547, 107, 965, 3104, 2493, 2538, 3211, 1822, 3065, 427, 473, 639, 1619, 1168, 3165, 3285, 2030, 856, 68, 161, 1531, 2616, 2947, 2128, 2557, 1990, 729, 819, 154, 2935, 1469, 2553, 2342, 1751, 978, 140, 854, 2209, 2151, 671, 149, 2860, 2556, 2915, 2355, 2323, 2966, 951, 2674, 2577, 2766, 1413, 441, 2112, 532, 2289, 1185, 1229, 847, 1390, 173, 3337, 1223, 1486, 480, 2193, 2972, 2986, 1909, 1225, 3245, 2188, 757, 2955, 2759, 827, 701, 1497, 1053, 3056, 2241, 1318, 974, 2845, 9, 2677, 602, 2280, 1481, 3332, 2006, 814, 1640, 1626, 1157, 3247, 1011, 2735, 164, 1422, 2268, 1150, 2886, 266, 3258, 3191, 2124, 2446, 2315, 2944, 546, 3139, 1827, 1905, 3349, 2866, 1910, 3208, 850, 162, 1085, 2829, 448, 2008, 2682, 367, 558, 1510, 1548, 2496, 2331, 2559, 171, 2242, 3132, 511, 489, 1418, 1783, 832, 1291, 1863, 27, 2471, 920, 3295, 1488, 838, 2360, 2880, 3283, 911, 1403, 1289, 3256, 1795, 1720, 344, 3212, 1400, 2273, 688, 2491, 338, 2746, 2250, 1839, 1701, 538, 952, 1559, 2387, 531, 2840, 1303, 285, 2760, 1702, 114, 1655, 3198, 657, 64, 1031, 2584, 2349, 3079, 1153, 1560, 3404, 1215, 2007, 587, 2591, 3238, 376, 983, 25, 202, 2132, 1943, 2339, 2240, 260, 959, 2892, 2294, 1665, 3328, 277, 1383, 478, 2856, 1950, 63, 1705, 1208, 3274, 484, 2429, 2942, 3259, 293, 831, 106, 2479, 1114, 1755, 361, 1930, 485, 1096, 2215, 785, 1308, 773, 45, 1898, 3110, 613, 2548, 1268, 2655, 2037, 428, 810, 54, 3062, 2428, 1145, 398, 488, 528, 2755, 3171, 934, 2277, 2367, 3434, 1874, 2793, 159, 1939, 2917, 837, 1643, 1232, 3388, 2617, 2153, 2868, 3178, 1090, 767, 2308, 1000, 1580, 2122, 2083, 2460, 2481, 1183, 751, 2975, 2053, 78, 834, 2436, 2316, 2806, 1694, 153, 3040, 1257, 496, 2269, 1654, 1744, 1284, 316, 203, 1278, 1317, 3088, 3355, 1165, 1593, 99, 1659, 3269, 2930, 806, 1057, 3116, 2293, 1076, 1956, 2402, 2902, 3203, 3369, 1851, 3248, 2482, 796, 1598, 2477, 899, 28, 2197, 3128, 1794, 774, 2767, 1629, 2161, 1496, 893, 218, 1690, 1130, 663, 1660, 2716, 1214, 1343, 333, 1379, 3279, 3161, 2612, 2751, 250, 58, 1358, 2742, 2936, 2271, 1462, 1428, 475, 924, 410, 925, 1621, 2452, 313, 2589, 2060]'
	at com.kms.katalon.core.keyword.internal.KeywordMain.stepFailed(KeywordMain.groovy:51)
	at com.kms.katalon.core.webservice.keyword.builtin.VerifyElementPropertyValueKeyword$_verifyElementPropertyValue_closure1.doCall(VerifyElementPropertyValueKeyword.groovy:56)
	at com.kms.katalon.core.webservice.keyword.builtin.VerifyElementPropertyValueKeyword$_verifyElementPropertyValue_closure1.call(VerifyElementPropertyValueKeyword.groovy)
	at com.kms.katalon.core.keyword.internal.KeywordMain.runKeyword(KeywordMain.groovy:75)
	at com.kms.katalon.core.webservice.keyword.builtin.VerifyElementPropertyValueKeyword.verifyElementPropertyValue(VerifyElementPropertyValueKeyword.groovy:48)
	at com.kms.katalon.core.webservice.keyword.builtin.VerifyElementPropertyValueKeyword.execute(VerifyElementPropertyValueKeyword.groovy:43)
	at com.kms.katalon.core.keyword.internal.KeywordExecutor.executeKeywordForPlatform(KeywordExecutor.groovy:74)
	at com.kms.katalon.core.webservice.keyword.WSBuiltInKeywords.verifyElementPropertyValue(WSBuiltInKeywords.groovy:190)
	at GET Search booking.run(GET Search booking:36)
	at com.kms.katalon.core.main.ScriptEngine.run(ScriptEngine.java:194)
	at com.kms.katalon.core.main.ScriptEngine.runScriptAsRawText(ScriptEngine.java:119)
	at com.kms.katalon.core.main.TestCaseExecutor.runScript(TestCaseExecutor.java:448)
	at com.kms.katalon.core.main.TestCaseExecutor.doExecute(TestCaseExecutor.java:439)
	at com.kms.katalon.core.main.TestCaseExecutor.processExecutionPhase(TestCaseExecutor.java:418)
	at com.kms.katalon.core.main.TestCaseExecutor.accessMainPhase(TestCaseExecutor.java:410)
	at com.kms.katalon.core.main.TestCaseExecutor.execute(TestCaseExecutor.java:285)
	at com.kms.katalon.core.main.TestCaseExecutor.execute(TestCaseExecutor.java:369)
	at com.kms.katalon.core.main.TestCaseExecutor.execute(TestCaseExecutor.java:369)
	at com.kms.katalon.core.main.TestCaseExecutor.execute(TestCaseExecutor.java:369)
	at com.kms.katalon.core.common.CommonExecutor.accessTestCaseMainPhase(CommonExecutor.java:65)
	at com.kms.katalon.core.main.TestSuiteExecutor.accessTestSuiteMainPhase(TestSuiteExecutor.java:148)
	at com.kms.katalon.core.main.TestSuiteExecutor.execute(TestSuiteExecutor.java:106)
	at com.kms.katalon.core.main.TestCaseMain.startTestSuite(TestCaseMain.java:180)
	at TempTestSuite1704824872762.run(TempTestSuite1704824872762.groovy:36)
	at java.base/jdk.internal.reflect.NativeMethodAccessorImpl.invoke0(Native Method)
	at java.base/jdk.internal.reflect.NativeMethodAccessorImpl.invoke(NativeMethodAccessorImpl.java:77)
	at java.base/jdk.internal.reflect.DelegatingMethodAccessorImpl.invoke(DelegatingMethodAccessorImpl.java:43)
)]]></system-out>
         <system-err><![CDATA[10-01-2024T01:28:06 - [TEST_CASE][FAILED] - Test Cases/GET Search booking: Test Cases/GET Search booking FAILED.
Reason:
com.kms.katalon.core.exception.StepFailedException: Expected element property value '3398' is not equal with actual property value '[178, 1685, 3032, 1411, 944, 1634, 101, 3172, 302, 430, 918, 2256, 1539, 2221, 119, 262, 669, 2192, 374, 3100, 741, 3156, 2812, 3443, 442, 192, 3419, 637, 2510, 1382, 383, 3114, 2259, 3013, 3059, 3250, 884, 3330, 3047, 1144, 2848, 1957, 1902, 1743, 463, 3289, 454, 3333, 1709, 3145, 609, 1071, 2542, 3346, 1806, 1769, 615, 2336, 1891, 3092, 563, 2501, 684, 1809, 472, 689, 804, 622, 715, 2876, 61, 2929, 554, 1529, 1842, 308, 1043, 2366, 2637, 873, 3240, 880, 2959, 216, 69, 1445, 645, 1571, 1152, 775, 2113, 1607, 1760, 2881, 2442, 263, 1586, 1255, 1745, 3454, 1570, 1243, 1704, 930, 891, 3060, 627, 2149, 1246, 1749, 165, 413, 1884, 2818, 2670, 2435, 420, 3210, 3219, 817, 1151, 1641, 2376, 950, 2761, 2525, 1082, 459, 1324, 846, 2129, 468, 719, 2533, 300, 1679, 3045, 1336, 1430, 3038, 565, 3301, 1288, 57, 851, 2908, 2048, 38, 3158, 2585, 3122, 3099, 2407, 2507, 3431, 1237, 2660, 2213, 3344, 1841, 2285, 642, 3231, 31, 723, 3192, 874, 85, 3385, 3150, 1063, 1129, 2324, 2795, 572, 1198, 2717, 414, 7, 2497, 961, 3462, 1398, 1016, 3296, 2171, 2148, 1824, 1190, 1018, 2893, 1506, 858, 2676, 402, 2839, 1637, 390, 2232, 1883, 2523, 1959, 967, 929, 341, 2227, 1447, 2090, 32, 989, 1231, 3003, 3028, 1818, 1476, 267, 3239, 2629, 764, 1776, 1340, 2393, 2319, 2748, 2583, 2814, 3020, 2790, 1684, 2564, 2004, 1158, 826, 1722, 1606, 1965, 30, 2722, 135, 372, 3378, 440, 82, 2283, 91, 2231, 1786, 1780, 1968, 1984, 1857, 1826, 2646, 1213, 581, 2412, 2369, 687, 1715, 1785, 210, 1614, 3464, 249, 1770, 143, 1666, 996, 1748, 1612, 875, 1210, 2457, 1594, 3277, 3123, 2833, 3299, 2504, 1635, 3382, 2838, 319, 1169, 2536, 269, 2695, 457, 2177, 2330, 1202, 2724, 2774, 2614, 1995, 742, 3113, 2701, 2484, 2051, 1184, 1976, 2914, 2075, 495, 1105, 648, 619, 3176, 988, 1867, 2284, 1938, 3234, 3053, 2690, 291, 3151, 1734, 1136, 916, 2752, 3080, 1711, 3358, 1087, 1492, 1478, 2036, 2183, 2540, 97, 1929, 2636, 2826, 1042, 1471, 1982, 871, 3254, 772, 462, 2770, 977, 2681, 675, 2847, 1217, 1605, 815, 1117, 3217, 1523, 2328, 2430, 3004, 2186, 2243, 1947, 3306, 3271, 997, 2169, 1544, 2394, 2807, 1756, 2498, 1793, 1917, 1890, 188, 352, 507, 1853, 1316, 1797, 3384, 1836, 2117, 2406, 279, 373, 1847, 1159, 3102, 407, 2668, 2913, 1391, 2144, 256, 630, 3280, 2800, 2039, 2736, 1328, 2238, 1230, 348, 711, 708, 1211, 2312, 364, 664, 228, 1386, 2091, 512, 248, 525, 283, 2154, 2740, 109, 500, 1470, 2569, 2841, 869, 1218, 1162, 1163, 2910, 1199, 1228, 1103, 3103, 2561, 1443, 3226, 2085, 2551, 1381, 1869, 780, 2104, 1620, 1595, 3323, 1729, 3444, 3314, 12, 778, 331, 2082, 2713, 3054, 2928, 693, 3310, 3076, 518, 504, 3401, 2291, 586, 975, 1275, 2146, 292, 2816, 2647, 882, 748, 1588, 2846, 311, 445, 1494, 3252, 1297, 2610, 1754, 758, 1860, 691, 2801, 2, 2474, 72, 2715, 3374, 3405, 2165, 3068, 1563, 1837, 524, 1872, 208, 3354, 1135, 1078, 74, 2798, 1189, 3117, 2494, 179, 278, 1024, 1473, 990, 1581, 3043, 1522, 2290, 1432, 3186, 550, 1615, 1904, 2708, 2251, 515, 1850, 2937, 438, 1675, 679, 766, 2398, 2877, 1646, 2453, 295, 34, 3396, 567, 2115, 2889, 2127, 2077, 2092, 2605, 2362, 722, 2749, 75, 3286, 3363, 3357, 200, 336, 1739, 1728, 2208, 2018, 258, 2756, 44, 1120, 3190, 2824, 1880, 3399, 809, 1609, 2363, 1825, 2745, 2545, 2938, 3433, 2804, 2552, 1281, 1993, 197, 2456, 2888, 1244, 2397, 2948, 576, 1912, 1132, 2698, 813, 339, 1460, 172, 1948, 1434, 2236, 823, 2020, 1001, 1545, 3414, 1363, 1925, 1346, 888, 1742, 2391, 1065, 1500, 10, 2685, 229, 923, 2528, 3138, 1889, 1282, 1123, 2514, 2834, 2466, 1431, 132, 1364, 1058, 2418, 287, 3015, 96, 2692, 1555, 848, 1696, 1953, 901, 245, 1109, 2206, 862, 1979, 1526, 117, 3389, 571, 1833, 3083, 377, 604, 3390, 95, 510, 1632, 21, 1589, 1800, 2417, 1830, 2550, 47, 2358, 1080, 3181, 825, 1333, 2155, 666, 1216, 3340, 324, 2485, 350, 2859, 1372, 3050, 3162, 2649, 3266, 580, 522, 198, 3423, 840, 652, 1164, 17, 931, 354, 3410, 1466, 2970, 2059, 3270, 2689, 2028, 182, 233, 450, 1899, 737, 1104, 3202, 2547, 2141, 508, 2993, 1022, 2549, 2216, 3131, 1025, 2013, 1396, 1309, 105, 227, 807, 1387, 125, 3085, 1892, 2979, 2492, 3339, 692, 866, 3347, 1176, 2516, 246, 3235, 624, 2894, 3154, 681, 2106, 1991, 1039, 2081, 366, 2047, 1810, 3398, 2019, 355, 176, 2730, 1119, 553, 1047, 2029, 1549, 1389, 1342, 396, 108, 1750, 1766, 1974, 417, 251, 3441, 2785, 3263, 3379, 1276, 1171, 1033, 3185, 1661, 594, 2604, 222, 2624, 50, 1958, 1369, 1196, 152, 77, 2962, 1036, 1920, 2821, 973, 790, 3463, 1924, 1406, 3244, 1050, 3187, 2162, 543, 494, 3350, 1139, 2072, 638, 784, 1592, 2414, 1485, 2509, 2927, 395, 389, 1673, 380, 2203, 734, 570, 1566, 2098, 19, 1848, 1452, 2142, 2222, 274, 2461, 1774, 2586, 3436, 301, 3348, 2447, 1361, 1674, 579, 1304, 5, 2109, 2001, 1887, 703, 1311, 2652, 2096, 2337, 2265, 3397, 805, 2194, 1348, 3142, 2808, 892, 736, 1074, 1668, 3051, 2526, 1587, 2343, 2619, 193, 2725, 3197, 606, 724, 3196, 1676, 2210, 2441, 2423, 1791, 1807, 166, 502, 906, 1877, 116, 2261, 1618, 2635, 3137, 1805, 3098, 535, 1627, 600, 1010, 209, 2897, 2189, 521, 1735, 795, 2743, 1479, 2433, 1450, 2832, 1133, 3427, 2374, 2622, 2640, 3407, 3066, 841, 2707, 699, 2199, 588, 1007, 16, 607, 2639, 2462, 1911, 439, 3437, 1834, 186, 3058, 3010, 1535, 2976, 1821, 59, 1831, 2599, 739, 2963, 1642, 2787, 1313, 1298, 1873, 1376, 2791, 1562, 3044, 2156, 743, 80, 968, 1761, 3428, 1788, 644, 2524, 46, 201, 2844, 1730, 1426, 399, 3199, 2274, 749, 2882, 3039, 1973, 1653, 2025, 2598, 2038, 2981, 2898, 1138, 2810, 126, 904, 241, 3225, 2921, 2590, 1919, 1866, 358, 2632, 1945, 1718, 23, 3343, 1885, 3033, 2964, 542, 1852, 1638, 2157, 2989, 659, 297, 1127, 649, 1425, 1980, 1816, 1712, 730, 2784, 1999, 48, 3107, 2262, 1026, 1484, 1610, 136, 2926, 223, 1913, 697, 3007, 3421, 2160, 252, 1436, 1070, 3329, 651, 545, 1923, 2100, 3012, 382, 3316, 1299, 1174, 2623, 3120, 894, 2300, 1936, 883, 1937, 700, 2596, 1415, 235, 562, 1339, 1404, 707, 1412, 2302, 1, 1736, 2345, 1327, 102, 1046, 419, 2659, 2673, 3011, 3164, 3025, 2327, 864, 573, 1440, 1762, 1986, 3084, 148, 1378, 1235, 1567, 2002, 1772, 3458, 2862, 268, 1182, 1409, 3362, 2016, 1330, 307, 2805, 1442, 103, 1357, 995, 2960, 1335, 2120, 1375, 213, 357, 1978, 3376, 935, 991, 2653, 2138, 917, 1651, 3026, 3229, 2983, 3133, 2054, 865, 379, 1962, 1561, 1650, 2301, 2396, 3391, 787, 2684, 1514, 853, 2602, 3278, 458, 1118, 2214, 984, 3305, 2729, 1534, 401, 3061, 2726, 2728, 1125, 359, 1509, 1102, 1700, 2066, 3096, 2202, 3413, 3218, 706, 1322, 1355, 1201, 2773, 1249, 1054, 643, 2896, 1631, 501, 2409, 2416, 1147, 2920, 1576, 1988, 1045, 3037, 231, 1030, 1457, 3019, 913, 347, 422, 294, 1790, 1365, 3291, 1295, 1245, 2434, 2574, 3302, 2641, 1796, 799, 879, 329, 273, 474, 1771, 2750, 1963, 2984, 947, 2379, 1006, 1261, 2424, 497, 1801, 189, 3063, 1283, 1066, 127, 1079, 3242, 1194, 2469, 1300, 2861, 1725, 731, 1553, 1111, 2985, 761, 760, 713, 217, 1272, 890, 1435, 982, 829, 2625, 1038, 2630, 325, 3319, 3146, 3090, 3262, 2353, 2797, 1073, 435, 2454, 2932, 51, 2012, 1502, 1688, 658, 1205, 3213, 1256, 2922, 1644, 1420, 966, 2119, 343, 2338, 2803, 2263, 452, 404, 369, 2611, 1017, 2571, 2854, 2449, 2050, 120, 843, 2645, 39, 3251, 1180, 3290, 2518, 271, 2385, 1669, 142, 2618, 2440, 1575, 2382, 305, 1124, 777, 1354, 155, 1037, 240, 3224, 788, 1307, 1097, 214, 3, 928, 747, 3298, 2422, 3450, 994, 2031, 2195, 3002, 555, 2849, 1933, 2778, 1224, 2578, 1719, 2384, 1236, 2225, 1554, 1095, 3409, 167, 1175, 898, 2344, 745, 1477, 849, 2503, 3353, 765, 2650, 1140, 2949, 2871, 2463, 3222, 618, 2253, 1600, 3094, 2991, 611, 368, 3448, 1547, 2026, 2772, 3160, 2600, 2663, 1723, 66, 1625, 3303, 2174, 129, 289, 3209, 1490, 3325, 437, 2187, 1461, 239, 2233, 317, 2275, 2386, 1115, 3027, 449, 2714, 577, 2348, 24, 2566, 1989, 265, 393, 678, 1903, 3089, 345, 2063, 254, 976, 683, 2292, 1265, 490, 433, 3048, 1003, 1032, 2351, 676, 1813, 792, 349, 424, 2352, 242, 650, 2465, 2905, 2257, 2064, 860, 1370, 2427, 1951, 320, 1843, 568, 2084, 1871, 733, 2911, 2606, 2539, 2218, 1366, 1350, 2116, 3167, 1934, 2907, 2123, 2408, 2925, 696, 2758, 2721, 83, 1536, 2170, 381, 481, 2245, 1577, 616, 1454, 1088, 3125, 1110, 859, 1737, 2836, 2704, 2996, 310, 3034, 2057, 2217, 3071, 3075, 2368, 1294, 2776, 2990, 3451, 26, 334, 802, 636, 93, 1475, 1508, 942, 3257, 2995, 3230, 519, 1393, 2883, 887, 3177, 1008, 3232, 2281, 962, 3438, 3108, 1970, 337, 55, 40, 1089, 534, 3373, 762, 1446, 147, 726, 2669, 1177, 601, 416, 3304, 113, 1693, 3265, 1356, 2279, 2658, 842, 1344, 362, 1601, 2819, 2320, 1371, 2375, 793, 1964, 11, 583, 3179, 2357, 1206, 3377, 2145, 286, 2662, 3284, 1683, 3233, 3312, 2903, 922, 1538, 596, 3367, 1858, 1691, 2762, 2022, 1698, 191, 3127, 2527, 3031, 876, 1191, 1845, 2521, 2130, 3000, 1530, 20, 2890, 2476, 1613, 2830, 4, 460, 3466, 2076, 2046, 3184, 835, 2643, 591, 1094, 2874, 2517, 2448, 1394, 912, 2097, 2739, 1015, 170, 1290, 628, 1021, 964, 2108, 2918, 37, 2671, 690, 1975, 2421, 969, 1703, 1966, 2296, 3175, 2226, 3440, 2009, 1181, 3006, 1782, 2267, 1568, 2712, 1421, 3193, 1926, 513, 2381, 1049, 2136, 2058, 3141, 2999, 146, 3149, 2405, 221, 2024, 1266, 2887, 1433, 632, 3170, 595, 3119, 141, 1023, 539, 3082, 1861, 1583, 2135, 552, 1137, 2309, 6, 3361, 2980, 1491, 946, 3456, 937, 1517, 1556, 122, 2249, 2333, 3322, 3394, 2102, 3395, 1146, 1100, 1997, 1203, 505, 2014, 2359, 1258, 2827, 1710, 2853, 18, 2244, 408, 1895, 2329, 3014, 2822, 304, 2373, 2322, 1360, 771, 2572, 1682, 2317, 2307, 2567, 3403, 941, 1658, 282, 392, 411, 3148, 3130, 206, 2164, 1664, 1027, 1515, 3022, 2727, 2998, 801, 905, 326, 2067, 3370, 520, 180, 2734, 1941, 2052, 1599, 2103, 2073, 2703, 1876, 1540, 482, 2967, 1059, 3457, 2786, 2295, 2811, 665, 491, 2512, 1645, 2181, 466, 2593, 2069, 1604, 900, 526, 3074, 3221, 1193, 181, 3204, 2941, 1002, 328, 8, 537, 753, 754, 2176, 3364, 2608, 185, 1251, 3408, 1453, 2399, 1108, 2372, 718, 1092, 2168, 1156, 3335, 783, 2592, 2943, 2439, 3135, 2532, 3315, 2487, 1815, 821, 1503, 60, 2078, 3416, 885, 1458, 910, 2288, 2133, 3073, 820, 2470, 1222, 2679, 1881, 3430, 716, 2865, 1727, 2579, 94, 2686, 385, 2306, 1763, 1667, 1582, 3426, 90, 1875, 446, 653, 670, 1329, 3460, 2781, 1170, 36, 560, 1716, 557, 2950, 429, 1972, 1267, 3320, 2200, 2664, 629, 2971, 276, 1983, 2901, 388, 71, 2410, 1767, 625, 1498, 41, 3446, 121, 2855, 660, 158, 2445, 985, 3292, 1908, 1689, 2486, 2093, 756, 2562, 423, 1706, 2304, 2040, 467, 599, 133, 584, 29, 177, 14, 2654, 455, 1520, 1250, 2086, 1052, 598, 1069, 1784, 1285, 2229, 2175, 2694, 2255, 3417, 1896, 712, 3418, 52, 1617, 1405, 2969, 1865, 2867, 2111, 2779, 3205, 3143, 2473, 1820, 1448, 3383, 2137, 1274, 1512, 224, 1918, 3313, 2696, 3155, 1504, 1803, 1385, 207, 797, 2045, 1239, 405, 1271, 620, 1064, 779, 1680, 476, 1314, 3452, 3095, 2041, 13, 1399, 1757, 1900, 1240, 541, 1321, 2543, 949, 1521, 1264, 2182, 1550, 1954, 590, 89, 3273, 322, 2794, 469, 610, 2380, 1971, 137, 631, 2034, 3169, 1467, 1197, 1532, 2390, 2953, 1856, 1812, 939, 434, 1994, 2490, 1352, 81, 1013, 957, 1305, 2628, 1107, 2978, 2700, 1779, 2313, 529, 953, 721, 2733, 314, 1932, 2665, 3021, 2634, 956, 1345, 1451, 2580, 2235, 3264, 1334, 1541, 84, 3424, 1323, 1518, 53, 2875, 2505, 1262, 3311, 940, 3368, 2780, 3338, 1463, 1732, 2709, 936, 2403, 2573, 2068, 1777, 1955, 2204, 2467, 2956, 680, 1519, 907, 868, 705, 234, 3324, 1279, 3111, 2180, 1574, 2706, 194, 259, 43, 2560, 2954, 672, 2872, 237, 128, 3069, 1060, 1084, 2223, 2768, 1252, 2534, 2511, 547, 107, 965, 3104, 2493, 2538, 3211, 1822, 3065, 427, 473, 639, 1619, 1168, 3165, 3285, 2030, 856, 68, 161, 1531, 2616, 2947, 2128, 2557, 1990, 729, 819, 154, 2935, 1469, 2553, 2342, 1751, 978, 140, 854, 2209, 2151, 671, 149, 2860, 2556, 2915, 2355, 2323, 2966, 951, 2674, 2577, 2766, 1413, 441, 2112, 532, 2289, 1185, 1229, 847, 1390, 173, 3337, 1223, 1486, 480, 2193, 2972, 2986, 1909, 1225, 3245, 2188, 757, 2955, 2759, 827, 701, 1497, 1053, 3056, 2241, 1318, 974, 2845, 9, 2677, 602, 2280, 1481, 3332, 2006, 814, 1640, 1626, 1157, 3247, 1011, 2735, 164, 1422, 2268, 1150, 2886, 266, 3258, 3191, 2124, 2446, 2315, 2944, 546, 3139, 1827, 1905, 3349, 2866, 1910, 3208, 850, 162, 1085, 2829, 448, 2008, 2682, 367, 558, 1510, 1548, 2496, 2331, 2559, 171, 2242, 3132, 511, 489, 1418, 1783, 832, 1291, 1863, 27, 2471, 920, 3295, 1488, 838, 2360, 2880, 3283, 911, 1403, 1289, 3256, 1795, 1720, 344, 3212, 1400, 2273, 688, 2491, 338, 2746, 2250, 1839, 1701, 538, 952, 1559, 2387, 531, 2840, 1303, 285, 2760, 1702, 114, 1655, 3198, 657, 64, 1031, 2584, 2349, 3079, 1153, 1560, 3404, 1215, 2007, 587, 2591, 3238, 376, 983, 25, 202, 2132, 1943, 2339, 2240, 260, 959, 2892, 2294, 1665, 3328, 277, 1383, 478, 2856, 1950, 63, 1705, 1208, 3274, 484, 2429, 2942, 3259, 293, 831, 106, 2479, 1114, 1755, 361, 1930, 485, 1096, 2215, 785, 1308, 773, 45, 1898, 3110, 613, 2548, 1268, 2655, 2037, 428, 810, 54, 3062, 2428, 1145, 398, 488, 528, 2755, 3171, 934, 2277, 2367, 3434, 1874, 2793, 159, 1939, 2917, 837, 1643, 1232, 3388, 2617, 2153, 2868, 3178, 1090, 767, 2308, 1000, 1580, 2122, 2083, 2460, 2481, 1183, 751, 2975, 2053, 78, 834, 2436, 2316, 2806, 1694, 153, 3040, 1257, 496, 2269, 1654, 1744, 1284, 316, 203, 1278, 1317, 3088, 3355, 1165, 1593, 99, 1659, 3269, 2930, 806, 1057, 3116, 2293, 1076, 1956, 2402, 2902, 3203, 3369, 1851, 3248, 2482, 796, 1598, 2477, 899, 28, 2197, 3128, 1794, 774, 2767, 1629, 2161, 1496, 893, 218, 1690, 1130, 663, 1660, 2716, 1214, 1343, 333, 1379, 3279, 3161, 2612, 2751, 250, 58, 1358, 2742, 2936, 2271, 1462, 1428, 475, 924, 410, 925, 1621, 2452, 313, 2589, 2060]'
	at com.kms.katalon.core.keyword.internal.KeywordMain.stepFailed(KeywordMain.groovy:51)
	at com.kms.katalon.core.webservice.keyword.builtin.VerifyElementPropertyValueKeyword$_verifyElementPropertyValue_closure1.doCall(VerifyElementPropertyValueKeyword.groovy:56)
	at com.kms.katalon.core.webservice.keyword.builtin.VerifyElementPropertyValueKeyword$_verifyElementPropertyValue_closure1.call(VerifyElementPropertyValueKeyword.groovy)
	at com.kms.katalon.core.keyword.internal.KeywordMain.runKeyword(KeywordMain.groovy:75)
	at com.kms.katalon.core.webservice.keyword.builtin.VerifyElementPropertyValueKeyword.verifyElementPropertyValue(VerifyElementPropertyValueKeyword.groovy:48)
	at com.kms.katalon.core.webservice.keyword.builtin.VerifyElementPropertyValueKeyword.execute(VerifyElementPropertyValueKeyword.groovy:43)
	at com.kms.katalon.core.keyword.internal.KeywordExecutor.executeKeywordForPlatform(KeywordExecutor.groovy:74)
	at com.kms.katalon.core.webservice.keyword.WSBuiltInKeywords.verifyElementPropertyValue(WSBuiltInKeywords.groovy:190)
	at GET Search booking.run(GET Search booking:36)
	at com.kms.katalon.core.main.ScriptEngine.run(ScriptEngine.java:194)
	at com.kms.katalon.core.main.ScriptEngine.runScriptAsRawText(ScriptEngine.java:119)
	at com.kms.katalon.core.main.TestCaseExecutor.runScript(TestCaseExecutor.java:448)
	at com.kms.katalon.core.main.TestCaseExecutor.doExecute(TestCaseExecutor.java:439)
	at com.kms.katalon.core.main.TestCaseExecutor.processExecutionPhase(TestCaseExecutor.java:418)
	at com.kms.katalon.core.main.TestCaseExecutor.accessMainPhase(TestCaseExecutor.java:410)
	at com.kms.katalon.core.main.TestCaseExecutor.execute(TestCaseExecutor.java:285)
	at com.kms.katalon.core.main.TestCaseExecutor.execute(TestCaseExecutor.java:369)
	at com.kms.katalon.core.main.TestCaseExecutor.execute(TestCaseExecutor.java:369)
	at com.kms.katalon.core.main.TestCaseExecutor.execute(TestCaseExecutor.java:369)
	at com.kms.katalon.core.common.CommonExecutor.accessTestCaseMainPhase(CommonExecutor.java:65)
	at com.kms.katalon.core.main.TestSuiteExecutor.accessTestSuiteMainPhase(TestSuiteExecutor.java:148)
	at com.kms.katalon.core.main.TestSuiteExecutor.execute(TestSuiteExecutor.java:106)
	at com.kms.katalon.core.main.TestCaseMain.startTestSuite(TestCaseMain.java:180)
	at TempTestSuite1704824872762.run(TempTestSuite1704824872762.groovy:36)
	at java.base/jdk.internal.reflect.NativeMethodAccessorImpl.invoke0(Native Method)
	at java.base/jdk.internal.reflect.NativeMethodAccessorImpl.invoke(NativeMethodAccessorImpl.java:77)
	at java.base/jdk.internal.reflect.DelegatingMethodAccessorImpl.invoke(DelegatingMethodAccessorImpl.java:43)]]></system-err>
      </testcase>
      <system-out><![CDATA[10-01-2024T01:27:57 - [TEST_SUITE][FAILED] - Exercise 1: Test Cases/GET Search booking FAILED.
Reason:
com.kms.katalon.core.exception.StepFailedException: Expected element property value '3398' is not equal with actual property value '[178, 1685, 3032, 1411, 944, 1634, 101, 3172, 302, 430, 918, 2256, 1539, 2221, 119, 262, 669, 2192, 374, 3100, 741, 3156, 2812, 442, 192, 637, 2510, 1382, 383, 3114, 2259, 3013, 3059, 3250, 884, 3330, 3047, 1144, 2848, 1957, 1902, 1743, 463, 3289, 454, 3333, 1709, 3145, 609, 1071, 2542, 3346, 1806, 1769, 615, 2336, 1891, 3092, 563, 2501, 684, 1809, 472, 689, 804, 622, 715, 2876, 61, 2929, 554, 1529, 1842, 308, 1043, 2366, 2637, 873, 3240, 880, 2959, 216, 69, 1445, 645, 1571, 1152, 775, 2113, 1607, 1760, 2881, 2442, 263, 1586, 1255, 1745, 1570, 1243, 1704, 930, 891, 3060, 627, 2149, 1246, 1749, 165, 413, 1884, 2818, 2670, 2435, 420, 3210, 3219, 817, 1151, 1641, 2376, 950, 2761, 2525, 1082, 459, 1324, 846, 2129, 468, 719, 2533, 300, 1679, 3045, 1336, 1430, 3038, 565, 3301, 1288, 57, 851, 2908, 2048, 38, 3158, 2585, 3122, 3099, 2407, 2507, 1237, 2660, 2213, 3344, 1841, 2285, 642, 3231, 31, 723, 3192, 874, 85, 3385, 3150, 1063, 1129, 2324, 2795, 572, 1198, 2717, 414, 7, 2497, 961, 1398, 1016, 3296, 2171, 2148, 1824, 1190, 1018, 2893, 1506, 858, 2676, 402, 2839, 1637, 390, 2232, 1883, 2523, 1959, 967, 929, 341, 2227, 1447, 2090, 32, 989, 1231, 3003, 3028, 1818, 1476, 267, 3239, 2629, 764, 1776, 1340, 2393, 2319, 2748, 2583, 2814, 3020, 2790, 1684, 2564, 2004, 1158, 826, 1722, 1606, 1965, 30, 2722, 135, 372, 3378, 440, 82, 2283, 91, 2231, 1786, 1780, 1968, 1984, 1857, 1826, 2646, 1213, 581, 2412, 2369, 687, 1715, 1785, 210, 1614, 249, 1770, 143, 1666, 996, 1748, 1612, 875, 1210, 2457, 1594, 3277, 3123, 2833, 3299, 2504, 1635, 3382, 2838, 319, 1169, 2536, 269, 3412, 2695, 457, 2177, 2330, 1202, 2724, 2774, 2614, 1995, 742, 3113, 2701, 2484, 2051, 1184, 1976, 2914, 2075, 495, 1105, 648, 619, 3176, 988, 1867, 2284, 1938, 3234, 3053, 2690, 291, 3151, 1734, 1136, 916, 2752, 3080, 1711, 3358, 1087, 1492, 1478, 2036, 2183, 2540, 97, 1929, 2636, 2826, 1042, 1471, 1982, 871, 3254, 772, 462, 2770, 977, 2681, 675, 2847, 1217, 1605, 815, 1117, 3217, 1523, 2328, 2430, 3004, 2186, 2243, 1947, 3306, 3271, 997, 2169, 1544, 2394, 2807, 1756, 2498, 1793, 1917, 1890, 3411, 188, 352, 507, 1853, 1316, 1797, 3384, 1836, 2117, 2406, 279, 373, 1847, 1159, 3102, 407, 2668, 2913, 1391, 2144, 256, 630, 3280, 2800, 2039, 2736, 1328, 2238, 1230, 348, 711, 708, 1211, 2312, 364, 664, 228, 1386, 2091, 512, 248, 525, 283, 2154, 2740, 109, 500, 1470, 2569, 2841, 869, 1218, 1162, 1163, 2910, 1199, 1228, 1103, 3103, 2561, 1443, 3226, 2085, 2551, 1381, 1869, 780, 2104, 1620, 1595, 3323, 1729, 3314, 12, 778, 331, 2082, 2713, 3054, 2928, 693, 3310, 3076, 518, 504, 3401, 2291, 586, 975, 1275, 2146, 292, 2816, 2647, 882, 748, 1588, 2846, 311, 445, 1494, 3252, 1297, 2610, 1754, 758, 1860, 691, 2801, 2, 2474, 72, 2715, 3374, 3405, 2165, 3068, 1563, 1837, 524, 1872, 208, 3354, 1135, 1078, 74, 2798, 1189, 3117, 2494, 179, 278, 1024, 1473, 990, 1581, 3043, 1522, 2290, 1432, 3186, 550, 1615, 1904, 2708, 2251, 515, 1850, 2937, 438, 1675, 679, 766, 2398, 2877, 1646, 2453, 295, 34, 3396, 567, 2115, 2889, 2127, 2077, 2092, 2605, 2362, 722, 2749, 75, 3286, 3363, 3357, 200, 336, 1739, 1728, 2208, 2018, 258, 2756, 44, 1120, 3190, 2824, 1880, 3399, 809, 1609, 2363, 1825, 2745, 2545, 2938, 2804, 2552, 1281, 1993, 197, 2456, 2888, 1244, 2397, 2948, 576, 1912, 1132, 2698, 813, 339, 1460, 172, 1948, 1434, 2236, 823, 2020, 1001, 1545, 1363, 1925, 1346, 888, 1742, 2391, 1065, 1500, 10, 2685, 229, 923, 2528, 3138, 1889, 1282, 1123, 2514, 2834, 2466, 1431, 132, 1364, 1058, 2418, 287, 3015, 96, 2692, 1555, 848, 1696, 1953, 901, 245, 1109, 2206, 862, 1979, 1526, 117, 3389, 571, 1833, 3083, 377, 604, 3390, 95, 510, 1632, 21, 1589, 1800, 2417, 1830, 2550, 47, 2358, 1080, 3181, 825, 1333, 2155, 666, 1216, 3340, 324, 2485, 350, 2859, 1372, 3050, 3162, 2649, 3266, 580, 522, 198, 840, 652, 1164, 17, 931, 354, 3410, 1466, 2970, 2059, 3270, 2689, 2028, 182, 233, 450, 1899, 737, 1104, 3202, 2547, 2141, 508, 2993, 1022, 2549, 2216, 3131, 1025, 2013, 1396, 1309, 105, 227, 807, 1387, 125, 3085, 1892, 2979, 2492, 3339, 692, 866, 3347, 1176, 2516, 246, 3235, 624, 2894, 3154, 681, 2106, 1991, 1039, 2081, 366, 2047, 1810, 3398, 2019, 355, 176, 2730, 1119, 553, 1047, 2029, 1549, 1389, 1342, 396, 108, 1750, 1766, 1974, 417, 251, 2785, 3263, 3379, 1276, 1171, 1033, 3185, 1661, 594, 2604, 222, 2624, 50, 1958, 1369, 1196, 152, 77, 2962, 1036, 1920, 2821, 973, 790, 1924, 1406, 3244, 1050, 3187, 2162, 543, 494, 3350, 1139, 2072, 638, 784, 1592, 2414, 1485, 2509, 2927, 395, 389, 1673, 380, 2203, 734, 570, 1566, 2098, 19, 1848, 1452, 2142, 2222, 274, 2461, 1774, 2586, 301, 3348, 2447, 1361, 1674, 579, 1304, 5, 2109, 2001, 1887, 703, 1311, 2652, 2096, 2337, 2265, 3397, 805, 2194, 1348, 3142, 2808, 892, 736, 1074, 1668, 3051, 2526, 1587, 2343, 2619, 193, 2725, 3197, 606, 724, 3196, 1676, 2210, 2441, 2423, 1791, 1807, 166, 502, 906, 1877, 116, 2261, 1618, 2635, 3137, 1805, 3098, 535, 1627, 600, 1010, 209, 2897, 2189, 521, 1735, 795, 2743, 1479, 2433, 1450, 2832, 1133, 2374, 2622, 2640, 3407, 3066, 841, 2707, 699, 2199, 588, 1007, 16, 607, 2639, 2462, 1911, 439, 1834, 186, 3058, 3010, 1535, 2976, 1821, 59, 1831, 2599, 739, 2963, 1642, 2787, 1313, 1298, 1873, 1376, 2791, 1562, 3044, 2156, 743, 80, 968, 1761, 1788, 644, 2524, 46, 201, 2844, 1730, 1426, 399, 3199, 2274, 749, 2882, 3039, 1973, 1653, 2025, 2598, 2038, 2981, 2898, 1138, 2810, 126, 904, 241, 3225, 2921, 2590, 1919, 1866, 358, 2632, 1945, 1718, 23, 3343, 1885, 3033, 2964, 542, 1852, 1638, 2157, 2989, 659, 297, 1127, 649, 1425, 1980, 1816, 1712, 730, 2784, 1999, 48, 3107, 2262, 1026, 1484, 1610, 136, 2926, 223, 1913, 697, 3007, 2160, 252, 1436, 1070, 3329, 651, 545, 1923, 2100, 3012, 382, 3316, 1299, 1174, 2623, 3120, 894, 2300, 1936, 883, 1937, 700, 2596, 1415, 235, 562, 1339, 1404, 707, 1412, 2302, 1, 1736, 2345, 1327, 102, 1046, 419, 2659, 2673, 3011, 3164, 3025, 2327, 864, 573, 1440, 1762, 1986, 3084, 148, 1378, 1235, 1567, 2002, 1772, 2862, 268, 1182, 1409, 3362, 2016, 1330, 307, 2805, 1442, 103, 1357, 995, 2960, 1335, 2120, 1375, 213, 357, 1978, 3376, 935, 991, 2653, 2138, 917, 1651, 3026, 3229, 2983, 3133, 2054, 865, 379, 1962, 1561, 1650, 2301, 2396, 3391, 787, 2684, 1514, 853, 2602, 3278, 458, 1118, 2214, 984, 3305, 2729, 1534, 401, 3061, 2726, 2728, 1125, 359, 1509, 1102, 1700, 2066, 3096, 2202, 3218, 706, 1322, 1355, 1201, 2773, 1249, 1054, 643, 2896, 1631, 501, 2409, 2416, 1147, 2920, 1576, 1988, 1045, 3037, 231, 1030, 1457, 3019, 913, 347, 422, 294, 1790, 1365, 3291, 1295, 1245, 2434, 2574, 3302, 2641, 1796, 799, 879, 329, 273, 474, 1771, 2750, 1963, 2984, 947, 2379, 1006, 1261, 2424, 497, 1801, 189, 3063, 1283, 1066, 127, 1079, 3242, 1194, 2469, 1300, 2861, 1725, 731, 1553, 1111, 2985, 761, 760, 713, 217, 1272, 890, 1435, 982, 829, 2625, 1038, 2630, 325, 3319, 3146, 3090, 3262, 2353, 2797, 1073, 435, 2454, 2932, 51, 2012, 1502, 1688, 658, 1205, 3213, 1256, 2922, 1644, 1420, 966, 2119, 343, 2338, 2803, 2263, 452, 404, 369, 2611, 1017, 2571, 2854, 2449, 2050, 120, 843, 2645, 39, 3251, 1180, 3290, 2518, 271, 2385, 1669, 142, 2618, 2440, 1575, 2382, 305, 1124, 777, 1354, 155, 1037, 240, 3224, 788, 1307, 1097, 214, 3, 928, 747, 3298, 2422, 994, 2031, 2195, 3002, 555, 2849, 1933, 2778, 1224, 2578, 1719, 2384, 1236, 2225, 1554, 1095, 3409, 167, 1175, 898, 2344, 745, 1477, 849, 2503, 3353, 765, 2650, 1140, 2949, 2871, 2463, 3222, 618, 2253, 1600, 3094, 2991, 611, 368, 1547, 2026, 2772, 3160, 2600, 2663, 1723, 66, 1625, 3303, 2174, 129, 289, 3209, 1490, 3325, 437, 2187, 1461, 239, 2233, 317, 2275, 2386, 1115, 3027, 449, 2714, 577, 2348, 24, 2566, 1989, 265, 393, 678, 1903, 3089, 345, 2063, 254, 976, 683, 2292, 1265, 490, 433, 3048, 1003, 1032, 2351, 676, 1813, 792, 349, 424, 2352, 242, 650, 2465, 2905, 2257, 2064, 860, 1370, 2427, 1951, 320, 1843, 568, 2084, 1871, 733, 2911, 2606, 2539, 2218, 1366, 1350, 2116, 3167, 1934, 2907, 2123, 2408, 2925, 696, 2758, 2721, 83, 1536, 2170, 381, 481, 2245, 1577, 616, 1454, 1088, 3125, 1110, 859, 1737, 2836, 2704, 2996, 310, 3034, 2057, 2217, 3071, 3075, 2368, 1294, 2776, 2990, 26, 334, 802, 636, 93, 1475, 1508, 942, 3257, 2995, 3230, 519, 1393, 2883, 887, 3177, 1008, 3232, 2281, 962, 3108, 1970, 337, 55, 40, 1089, 534, 3373, 762, 1446, 147, 726, 2669, 1177, 601, 416, 3304, 113, 1693, 3265, 1356, 2279, 2658, 842, 1344, 362, 1601, 2819, 2320, 1371, 2375, 793, 1964, 11, 583, 3179, 2357, 1206, 3377, 2145, 286, 2662, 3284, 1683, 3233, 3312, 2903, 922, 1538, 596, 3367, 1858, 1691, 2762, 2022, 1698, 191, 3127, 2527, 3031, 876, 1191, 1845, 2521, 2130, 3000, 1530, 20, 2890, 2476, 1613, 2830, 4, 460, 2076, 2046, 3184, 835, 2643, 591, 1094, 2874, 2517, 2448, 1394, 912, 2097, 2739, 1015, 170, 1290, 628, 1021, 964, 2108, 2918, 37, 2671, 690, 1975, 2421, 969, 1703, 1966, 2296, 3175, 2226, 2009, 1181, 3006, 1782, 2267, 1568, 2712, 1421, 3193, 1926, 513, 2381, 1049, 2136, 2058, 3141, 2999, 146, 3149, 2405, 221, 2024, 1266, 2887, 1433, 632, 3170, 595, 3119, 141, 1023, 539, 3082, 1861, 1583, 2135, 552, 1137, 2309, 6, 3361, 2980, 1491, 946, 937, 1517, 1556, 122, 2249, 2333, 3322, 3394, 2102, 3395, 1146, 1100, 1997, 1203, 505, 2014, 2359, 1258, 2827, 1710, 2853, 18, 2244, 408, 1895, 2329, 3014, 2822, 304, 2373, 2322, 1360, 771, 2572, 1682, 2317, 2307, 2567, 3403, 941, 1658, 282, 392, 411, 3148, 3130, 206, 2164, 1664, 1027, 1515, 3022, 2727, 2998, 801, 905, 326, 2067, 3370, 520, 180, 2734, 1941, 2052, 1599, 2103, 2073, 2703, 1876, 1540, 482, 2967, 1059, 2786, 2295, 2811, 665, 491, 2512, 1645, 2181, 466, 2593, 2069, 1604, 900, 526, 3074, 3221, 1193, 181, 3204, 2941, 1002, 328, 8, 537, 753, 754, 2176, 3364, 2608, 185, 1251, 3408, 1453, 2399, 1108, 2372, 718, 1092, 2168, 1156, 3335, 783, 2592, 2943, 2439, 3135, 2532, 3315, 2487, 1815, 821, 1503, 60, 2078, 885, 1458, 910, 2288, 2133, 3073, 820, 2470, 1222, 2679, 1881, 716, 2865, 1727, 2579, 94, 2686, 385, 2306, 1763, 1667, 1582, 90, 1875, 446, 653, 670, 1329, 2781, 1170, 36, 560, 1716, 557, 2950, 429, 1972, 1267, 3320, 2200, 2664, 629, 2971, 276, 1983, 2901, 388, 71, 2410, 1767, 625, 1498, 41, 121, 2855, 660, 158, 2445, 985, 3292, 1908, 1689, 2486, 2093, 756, 2562, 423, 1706, 2304, 2040, 467, 599, 133, 584, 29, 177, 14, 2654, 455, 1520, 1250, 2086, 1052, 598, 1069, 1784, 1285, 2229, 2175, 2694, 2255, 1896, 712, 52, 1617, 1405, 2969, 1865, 2867, 2111, 2779, 3205, 3143, 2473, 1820, 1448, 3383, 2137, 1274, 1512, 224, 1918, 3313, 2696, 3155, 1504, 1803, 1385, 207, 797, 2045, 1239, 405, 1271, 620, 1064, 779, 1680, 476, 1314, 3095, 2041, 13, 1399, 1757, 1900, 1240, 541, 1321, 2543, 949, 1521, 1264, 2182, 1550, 1954, 590, 89, 3273, 322, 2794, 469, 610, 2380, 1971, 137, 631, 2034, 3169, 1467, 1197, 1532, 2390, 2953, 1856, 1812, 939, 434, 1994, 2490, 1352, 81, 1013, 957, 1305, 2628, 1107, 2978, 2700, 1779, 2313, 529, 953, 721, 2733, 314, 1932, 2665, 3021, 2634, 956, 1345, 1451, 2580, 2235, 3264, 1334, 1541, 84, 1323, 1518, 53, 2875, 2505, 1262, 3311, 940, 3368, 2780, 3338, 1463, 1732, 2709, 936, 2403, 2573, 2068, 1777, 1955, 2204, 2467, 2956, 680, 1519, 907, 868, 705, 234, 3324, 1279, 3111, 2180, 1574, 2706, 194, 259, 43, 2560, 2954, 672, 2872, 237, 128, 3069, 1060, 1084, 2223, 2768, 1252, 2534, 2511, 547, 107, 965, 3104, 2493, 2538, 3211, 1822, 3065, 427, 473, 639, 1619, 1168, 3165, 3285, 2030, 856, 68, 161, 1531, 2616, 2947, 2128, 2557, 1990, 729, 819, 154, 2935, 1469, 2553, 2342, 1751, 978, 140, 854, 2209, 2151, 671, 149, 2860, 2556, 2915, 2355, 2323, 2966, 951, 2674, 2577, 2766, 1413, 441, 2112, 532, 2289, 1185, 1229, 847, 1390, 173, 3337, 1223, 1486, 480, 2193, 2972, 2986, 1909, 1225, 3245, 2188, 757, 2955, 2759, 827, 701, 1497, 1053, 3056, 2241, 1318, 974, 2845, 9, 2677, 602, 2280, 1481, 3332, 2006, 814, 1640, 1626, 1157, 3247, 1011, 2735, 164, 1422, 2268, 1150, 2886, 266, 3258, 3191, 2124, 2446, 2315, 2944, 546, 3139, 1827, 1905, 3349, 2866, 1910, 3208, 850, 162, 1085, 2829, 448, 2008, 2682, 367, 558, 1510, 1548, 2496, 2331, 2559, 171, 2242, 3132, 511, 489, 1418, 1783, 832, 1291, 1863, 27, 2471, 920, 3295, 1488, 838, 2360, 2880, 3283, 911, 1403, 1289, 3256, 1795, 1720, 344, 3212, 1400, 2273, 688, 2491, 338, 2746, 2250, 1839, 1701, 538, 952, 1559, 2387, 531, 2840, 1303, 285, 2760, 1702, 114, 1655, 3198, 657, 64, 1031, 2584, 2349, 3079, 1153, 1560, 3404, 1215, 2007, 587, 2591, 3238, 376, 983, 25, 202, 2132, 1943, 2339, 2240, 260, 959, 2892, 2294, 1665, 3328, 277, 1383, 478, 2856, 1950, 63, 1705, 1208, 3274, 484, 2429, 2942, 3259, 293, 831, 106, 2479, 1114, 1755, 361, 1930, 485, 1096, 2215, 785, 1308, 773, 45, 1898, 3110, 613, 2548, 1268, 2655, 2037, 428, 810, 54, 3062, 2428, 1145, 398, 488, 528, 2755, 3171, 934, 2277, 2367, 1874, 2793, 159, 1939, 2917, 837, 1643, 1232, 3388, 2617, 2153, 2868, 3178, 1090, 767, 2308, 1000, 1580, 2122, 2083, 2460, 2481, 1183, 751, 2975, 2053, 78, 834, 2436, 2316, 2806, 1694, 153, 3040, 1257, 496, 2269, 1654, 1744, 1284, 316, 203, 1278, 1317, 3088, 3355, 1165, 1593, 99, 1659, 3269, 2930, 806, 1057, 3116, 2293, 1076, 1956, 2402, 2902, 3203, 3369, 1851, 3248, 2482, 796, 1598, 2477, 899, 28, 2197, 3128, 1794, 774, 2767, 1629, 2161, 1496, 893, 218, 1690, 1130, 663, 1660, 2716, 1214, 1343, 333, 1379, 3279, 3161, 2612, 2751, 250, 58, 1358, 2742, 2936, 2271, 1462, 1428, 475, 924, 410, 925, 1621, 2452, 313, 2589, 2060]'
	at com.kms.katalon.core.keyword.internal.KeywordMain.stepFailed(KeywordMain.groovy:51)
	at com.kms.katalon.core.webservice.keyword.builtin.VerifyElementPropertyValueKeyword$_verifyElementPropertyValue_closure1.doCall(VerifyElementPropertyValueKeyword.groovy:56)
	at com.kms.katalon.core.webservice.keyword.builtin.VerifyElementPropertyValueKeyword$_verifyElementPropertyValue_closure1.call(VerifyElementPropertyValueKeyword.groovy)
	at com.kms.katalon.core.keyword.internal.KeywordMain.runKeyword(KeywordMain.groovy:75)
	at com.kms.katalon.core.webservice.keyword.builtin.VerifyElementPropertyValueKeyword.verifyElementPropertyValue(VerifyElementPropertyValueKeyword.groovy:48)
	at com.kms.katalon.core.webservice.keyword.builtin.VerifyElementPropertyValueKeyword.execute(VerifyElementPropertyValueKeyword.groovy:43)
	at com.kms.katalon.core.keyword.internal.KeywordExecutor.executeKeywordForPlatform(KeywordExecutor.groovy:74)
	at com.kms.katalon.core.webservice.keyword.WSBuiltInKeywords.verifyElementPropertyValue(WSBuiltInKeywords.groovy:190)
	at GET Search booking.run(GET Search booking:36)
	at com.kms.katalon.core.main.ScriptEngine.run(ScriptEngine.java:194)
	at com.kms.katalon.core.main.ScriptEngine.runScriptAsRawText(ScriptEngine.java:119)
	at com.kms.katalon.core.main.TestCaseExecutor.runScript(TestCaseExecutor.java:448)
	at com.kms.katalon.core.main.TestCaseExecutor.doExecute(TestCaseExecutor.java:439)
	at com.kms.katalon.core.main.TestCaseExecutor.processExecutionPhase(TestCaseExecutor.java:418)
	at com.kms.katalon.core.main.TestCaseExecutor.accessMainPhase(TestCaseExecutor.java:410)
	at com.kms.katalon.core.main.TestCaseExecutor.execute(TestCaseExecutor.java:285)
	at com.kms.katalon.core.common.CommonExecutor.accessTestCaseMainPhase(CommonExecutor.java:65)
	at com.kms.katalon.core.main.TestSuiteExecutor.accessTestSuiteMainPhase(TestSuiteExecutor.java:148)
	at com.kms.katalon.core.main.TestSuiteExecutor.execute(TestSuiteExecutor.java:106)
	at com.kms.katalon.core.main.TestCaseMain.startTestSuite(TestCaseMain.java:180)
	at TempTestSuite1704824872762.run(TempTestSuite1704824872762.groovy:36)
	at java.base/jdk.internal.reflect.NativeMethodAccessorImpl.invoke0(Native Method)
	at java.base/jdk.internal.reflect.NativeMethodAccessorImpl.invoke(NativeMethodAccessorImpl.java:77)
	at java.base/jdk.internal.reflect.DelegatingMethodAccessorImpl.invoke(DelegatingMethodAccessorImpl.java:43)]]></system-out>
      <system-err><![CDATA[10-01-2024T01:27:57 - [TEST_SUITE][FAILED] - Exercise 1: Test Cases/GET Search booking FAILED.
Reason:
com.kms.katalon.core.exception.StepFailedException: Expected element property value '3398' is not equal with actual property value '[178, 1685, 3032, 1411, 944, 1634, 101, 3172, 302, 430, 918, 2256, 1539, 2221, 119, 262, 669, 2192, 374, 3100, 741, 3156, 2812, 442, 192, 637, 2510, 1382, 383, 3114, 2259, 3013, 3059, 3250, 884, 3330, 3047, 1144, 2848, 1957, 1902, 1743, 463, 3289, 454, 3333, 1709, 3145, 609, 1071, 2542, 3346, 1806, 1769, 615, 2336, 1891, 3092, 563, 2501, 684, 1809, 472, 689, 804, 622, 715, 2876, 61, 2929, 554, 1529, 1842, 308, 1043, 2366, 2637, 873, 3240, 880, 2959, 216, 69, 1445, 645, 1571, 1152, 775, 2113, 1607, 1760, 2881, 2442, 263, 1586, 1255, 1745, 1570, 1243, 1704, 930, 891, 3060, 627, 2149, 1246, 1749, 165, 413, 1884, 2818, 2670, 2435, 420, 3210, 3219, 817, 1151, 1641, 2376, 950, 2761, 2525, 1082, 459, 1324, 846, 2129, 468, 719, 2533, 300, 1679, 3045, 1336, 1430, 3038, 565, 3301, 1288, 57, 851, 2908, 2048, 38, 3158, 2585, 3122, 3099, 2407, 2507, 1237, 2660, 2213, 3344, 1841, 2285, 642, 3231, 31, 723, 3192, 874, 85, 3385, 3150, 1063, 1129, 2324, 2795, 572, 1198, 2717, 414, 7, 2497, 961, 1398, 1016, 3296, 2171, 2148, 1824, 1190, 1018, 2893, 1506, 858, 2676, 402, 2839, 1637, 390, 2232, 1883, 2523, 1959, 967, 929, 341, 2227, 1447, 2090, 32, 989, 1231, 3003, 3028, 1818, 1476, 267, 3239, 2629, 764, 1776, 1340, 2393, 2319, 2748, 2583, 2814, 3020, 2790, 1684, 2564, 2004, 1158, 826, 1722, 1606, 1965, 30, 2722, 135, 372, 3378, 440, 82, 2283, 91, 2231, 1786, 1780, 1968, 1984, 1857, 1826, 2646, 1213, 581, 2412, 2369, 687, 1715, 1785, 210, 1614, 249, 1770, 143, 1666, 996, 1748, 1612, 875, 1210, 2457, 1594, 3277, 3123, 2833, 3299, 2504, 1635, 3382, 2838, 319, 1169, 2536, 269, 3412, 2695, 457, 2177, 2330, 1202, 2724, 2774, 2614, 1995, 742, 3113, 2701, 2484, 2051, 1184, 1976, 2914, 2075, 495, 1105, 648, 619, 3176, 988, 1867, 2284, 1938, 3234, 3053, 2690, 291, 3151, 1734, 1136, 916, 2752, 3080, 1711, 3358, 1087, 1492, 1478, 2036, 2183, 2540, 97, 1929, 2636, 2826, 1042, 1471, 1982, 871, 3254, 772, 462, 2770, 977, 2681, 675, 2847, 1217, 1605, 815, 1117, 3217, 1523, 2328, 2430, 3004, 2186, 2243, 1947, 3306, 3271, 997, 2169, 1544, 2394, 2807, 1756, 2498, 1793, 1917, 1890, 3411, 188, 352, 507, 1853, 1316, 1797, 3384, 1836, 2117, 2406, 279, 373, 1847, 1159, 3102, 407, 2668, 2913, 1391, 2144, 256, 630, 3280, 2800, 2039, 2736, 1328, 2238, 1230, 348, 711, 708, 1211, 2312, 364, 664, 228, 1386, 2091, 512, 248, 525, 283, 2154, 2740, 109, 500, 1470, 2569, 2841, 869, 1218, 1162, 1163, 2910, 1199, 1228, 1103, 3103, 2561, 1443, 3226, 2085, 2551, 1381, 1869, 780, 2104, 1620, 1595, 3323, 1729, 3314, 12, 778, 331, 2082, 2713, 3054, 2928, 693, 3310, 3076, 518, 504, 3401, 2291, 586, 975, 1275, 2146, 292, 2816, 2647, 882, 748, 1588, 2846, 311, 445, 1494, 3252, 1297, 2610, 1754, 758, 1860, 691, 2801, 2, 2474, 72, 2715, 3374, 3405, 2165, 3068, 1563, 1837, 524, 1872, 208, 3354, 1135, 1078, 74, 2798, 1189, 3117, 2494, 179, 278, 1024, 1473, 990, 1581, 3043, 1522, 2290, 1432, 3186, 550, 1615, 1904, 2708, 2251, 515, 1850, 2937, 438, 1675, 679, 766, 2398, 2877, 1646, 2453, 295, 34, 3396, 567, 2115, 2889, 2127, 2077, 2092, 2605, 2362, 722, 2749, 75, 3286, 3363, 3357, 200, 336, 1739, 1728, 2208, 2018, 258, 2756, 44, 1120, 3190, 2824, 1880, 3399, 809, 1609, 2363, 1825, 2745, 2545, 2938, 2804, 2552, 1281, 1993, 197, 2456, 2888, 1244, 2397, 2948, 576, 1912, 1132, 2698, 813, 339, 1460, 172, 1948, 1434, 2236, 823, 2020, 1001, 1545, 1363, 1925, 1346, 888, 1742, 2391, 1065, 1500, 10, 2685, 229, 923, 2528, 3138, 1889, 1282, 1123, 2514, 2834, 2466, 1431, 132, 1364, 1058, 2418, 287, 3015, 96, 2692, 1555, 848, 1696, 1953, 901, 245, 1109, 2206, 862, 1979, 1526, 117, 3389, 571, 1833, 3083, 377, 604, 3390, 95, 510, 1632, 21, 1589, 1800, 2417, 1830, 2550, 47, 2358, 1080, 3181, 825, 1333, 2155, 666, 1216, 3340, 324, 2485, 350, 2859, 1372, 3050, 3162, 2649, 3266, 580, 522, 198, 840, 652, 1164, 17, 931, 354, 3410, 1466, 2970, 2059, 3270, 2689, 2028, 182, 233, 450, 1899, 737, 1104, 3202, 2547, 2141, 508, 2993, 1022, 2549, 2216, 3131, 1025, 2013, 1396, 1309, 105, 227, 807, 1387, 125, 3085, 1892, 2979, 2492, 3339, 692, 866, 3347, 1176, 2516, 246, 3235, 624, 2894, 3154, 681, 2106, 1991, 1039, 2081, 366, 2047, 1810, 3398, 2019, 355, 176, 2730, 1119, 553, 1047, 2029, 1549, 1389, 1342, 396, 108, 1750, 1766, 1974, 417, 251, 2785, 3263, 3379, 1276, 1171, 1033, 3185, 1661, 594, 2604, 222, 2624, 50, 1958, 1369, 1196, 152, 77, 2962, 1036, 1920, 2821, 973, 790, 1924, 1406, 3244, 1050, 3187, 2162, 543, 494, 3350, 1139, 2072, 638, 784, 1592, 2414, 1485, 2509, 2927, 395, 389, 1673, 380, 2203, 734, 570, 1566, 2098, 19, 1848, 1452, 2142, 2222, 274, 2461, 1774, 2586, 301, 3348, 2447, 1361, 1674, 579, 1304, 5, 2109, 2001, 1887, 703, 1311, 2652, 2096, 2337, 2265, 3397, 805, 2194, 1348, 3142, 2808, 892, 736, 1074, 1668, 3051, 2526, 1587, 2343, 2619, 193, 2725, 3197, 606, 724, 3196, 1676, 2210, 2441, 2423, 1791, 1807, 166, 502, 906, 1877, 116, 2261, 1618, 2635, 3137, 1805, 3098, 535, 1627, 600, 1010, 209, 2897, 2189, 521, 1735, 795, 2743, 1479, 2433, 1450, 2832, 1133, 2374, 2622, 2640, 3407, 3066, 841, 2707, 699, 2199, 588, 1007, 16, 607, 2639, 2462, 1911, 439, 1834, 186, 3058, 3010, 1535, 2976, 1821, 59, 1831, 2599, 739, 2963, 1642, 2787, 1313, 1298, 1873, 1376, 2791, 1562, 3044, 2156, 743, 80, 968, 1761, 1788, 644, 2524, 46, 201, 2844, 1730, 1426, 399, 3199, 2274, 749, 2882, 3039, 1973, 1653, 2025, 2598, 2038, 2981, 2898, 1138, 2810, 126, 904, 241, 3225, 2921, 2590, 1919, 1866, 358, 2632, 1945, 1718, 23, 3343, 1885, 3033, 2964, 542, 1852, 1638, 2157, 2989, 659, 297, 1127, 649, 1425, 1980, 1816, 1712, 730, 2784, 1999, 48, 3107, 2262, 1026, 1484, 1610, 136, 2926, 223, 1913, 697, 3007, 2160, 252, 1436, 1070, 3329, 651, 545, 1923, 2100, 3012, 382, 3316, 1299, 1174, 2623, 3120, 894, 2300, 1936, 883, 1937, 700, 2596, 1415, 235, 562, 1339, 1404, 707, 1412, 2302, 1, 1736, 2345, 1327, 102, 1046, 419, 2659, 2673, 3011, 3164, 3025, 2327, 864, 573, 1440, 1762, 1986, 3084, 148, 1378, 1235, 1567, 2002, 1772, 2862, 268, 1182, 1409, 3362, 2016, 1330, 307, 2805, 1442, 103, 1357, 995, 2960, 1335, 2120, 1375, 213, 357, 1978, 3376, 935, 991, 2653, 2138, 917, 1651, 3026, 3229, 2983, 3133, 2054, 865, 379, 1962, 1561, 1650, 2301, 2396, 3391, 787, 2684, 1514, 853, 2602, 3278, 458, 1118, 2214, 984, 3305, 2729, 1534, 401, 3061, 2726, 2728, 1125, 359, 1509, 1102, 1700, 2066, 3096, 2202, 3218, 706, 1322, 1355, 1201, 2773, 1249, 1054, 643, 2896, 1631, 501, 2409, 2416, 1147, 2920, 1576, 1988, 1045, 3037, 231, 1030, 1457, 3019, 913, 347, 422, 294, 1790, 1365, 3291, 1295, 1245, 2434, 2574, 3302, 2641, 1796, 799, 879, 329, 273, 474, 1771, 2750, 1963, 2984, 947, 2379, 1006, 1261, 2424, 497, 1801, 189, 3063, 1283, 1066, 127, 1079, 3242, 1194, 2469, 1300, 2861, 1725, 731, 1553, 1111, 2985, 761, 760, 713, 217, 1272, 890, 1435, 982, 829, 2625, 1038, 2630, 325, 3319, 3146, 3090, 3262, 2353, 2797, 1073, 435, 2454, 2932, 51, 2012, 1502, 1688, 658, 1205, 3213, 1256, 2922, 1644, 1420, 966, 2119, 343, 2338, 2803, 2263, 452, 404, 369, 2611, 1017, 2571, 2854, 2449, 2050, 120, 843, 2645, 39, 3251, 1180, 3290, 2518, 271, 2385, 1669, 142, 2618, 2440, 1575, 2382, 305, 1124, 777, 1354, 155, 1037, 240, 3224, 788, 1307, 1097, 214, 3, 928, 747, 3298, 2422, 994, 2031, 2195, 3002, 555, 2849, 1933, 2778, 1224, 2578, 1719, 2384, 1236, 2225, 1554, 1095, 3409, 167, 1175, 898, 2344, 745, 1477, 849, 2503, 3353, 765, 2650, 1140, 2949, 2871, 2463, 3222, 618, 2253, 1600, 3094, 2991, 611, 368, 1547, 2026, 2772, 3160, 2600, 2663, 1723, 66, 1625, 3303, 2174, 129, 289, 3209, 1490, 3325, 437, 2187, 1461, 239, 2233, 317, 2275, 2386, 1115, 3027, 449, 2714, 577, 2348, 24, 2566, 1989, 265, 393, 678, 1903, 3089, 345, 2063, 254, 976, 683, 2292, 1265, 490, 433, 3048, 1003, 1032, 2351, 676, 1813, 792, 349, 424, 2352, 242, 650, 2465, 2905, 2257, 2064, 860, 1370, 2427, 1951, 320, 1843, 568, 2084, 1871, 733, 2911, 2606, 2539, 2218, 1366, 1350, 2116, 3167, 1934, 2907, 2123, 2408, 2925, 696, 2758, 2721, 83, 1536, 2170, 381, 481, 2245, 1577, 616, 1454, 1088, 3125, 1110, 859, 1737, 2836, 2704, 2996, 310, 3034, 2057, 2217, 3071, 3075, 2368, 1294, 2776, 2990, 26, 334, 802, 636, 93, 1475, 1508, 942, 3257, 2995, 3230, 519, 1393, 2883, 887, 3177, 1008, 3232, 2281, 962, 3108, 1970, 337, 55, 40, 1089, 534, 3373, 762, 1446, 147, 726, 2669, 1177, 601, 416, 3304, 113, 1693, 3265, 1356, 2279, 2658, 842, 1344, 362, 1601, 2819, 2320, 1371, 2375, 793, 1964, 11, 583, 3179, 2357, 1206, 3377, 2145, 286, 2662, 3284, 1683, 3233, 3312, 2903, 922, 1538, 596, 3367, 1858, 1691, 2762, 2022, 1698, 191, 3127, 2527, 3031, 876, 1191, 1845, 2521, 2130, 3000, 1530, 20, 2890, 2476, 1613, 2830, 4, 460, 2076, 2046, 3184, 835, 2643, 591, 1094, 2874, 2517, 2448, 1394, 912, 2097, 2739, 1015, 170, 1290, 628, 1021, 964, 2108, 2918, 37, 2671, 690, 1975, 2421, 969, 1703, 1966, 2296, 3175, 2226, 2009, 1181, 3006, 1782, 2267, 1568, 2712, 1421, 3193, 1926, 513, 2381, 1049, 2136, 2058, 3141, 2999, 146, 3149, 2405, 221, 2024, 1266, 2887, 1433, 632, 3170, 595, 3119, 141, 1023, 539, 3082, 1861, 1583, 2135, 552, 1137, 2309, 6, 3361, 2980, 1491, 946, 937, 1517, 1556, 122, 2249, 2333, 3322, 3394, 2102, 3395, 1146, 1100, 1997, 1203, 505, 2014, 2359, 1258, 2827, 1710, 2853, 18, 2244, 408, 1895, 2329, 3014, 2822, 304, 2373, 2322, 1360, 771, 2572, 1682, 2317, 2307, 2567, 3403, 941, 1658, 282, 392, 411, 3148, 3130, 206, 2164, 1664, 1027, 1515, 3022, 2727, 2998, 801, 905, 326, 2067, 3370, 520, 180, 2734, 1941, 2052, 1599, 2103, 2073, 2703, 1876, 1540, 482, 2967, 1059, 2786, 2295, 2811, 665, 491, 2512, 1645, 2181, 466, 2593, 2069, 1604, 900, 526, 3074, 3221, 1193, 181, 3204, 2941, 1002, 328, 8, 537, 753, 754, 2176, 3364, 2608, 185, 1251, 3408, 1453, 2399, 1108, 2372, 718, 1092, 2168, 1156, 3335, 783, 2592, 2943, 2439, 3135, 2532, 3315, 2487, 1815, 821, 1503, 60, 2078, 885, 1458, 910, 2288, 2133, 3073, 820, 2470, 1222, 2679, 1881, 716, 2865, 1727, 2579, 94, 2686, 385, 2306, 1763, 1667, 1582, 90, 1875, 446, 653, 670, 1329, 2781, 1170, 36, 560, 1716, 557, 2950, 429, 1972, 1267, 3320, 2200, 2664, 629, 2971, 276, 1983, 2901, 388, 71, 2410, 1767, 625, 1498, 41, 121, 2855, 660, 158, 2445, 985, 3292, 1908, 1689, 2486, 2093, 756, 2562, 423, 1706, 2304, 2040, 467, 599, 133, 584, 29, 177, 14, 2654, 455, 1520, 1250, 2086, 1052, 598, 1069, 1784, 1285, 2229, 2175, 2694, 2255, 1896, 712, 52, 1617, 1405, 2969, 1865, 2867, 2111, 2779, 3205, 3143, 2473, 1820, 1448, 3383, 2137, 1274, 1512, 224, 1918, 3313, 2696, 3155, 1504, 1803, 1385, 207, 797, 2045, 1239, 405, 1271, 620, 1064, 779, 1680, 476, 1314, 3095, 2041, 13, 1399, 1757, 1900, 1240, 541, 1321, 2543, 949, 1521, 1264, 2182, 1550, 1954, 590, 89, 3273, 322, 2794, 469, 610, 2380, 1971, 137, 631, 2034, 3169, 1467, 1197, 1532, 2390, 2953, 1856, 1812, 939, 434, 1994, 2490, 1352, 81, 1013, 957, 1305, 2628, 1107, 2978, 2700, 1779, 2313, 529, 953, 721, 2733, 314, 1932, 2665, 3021, 2634, 956, 1345, 1451, 2580, 2235, 3264, 1334, 1541, 84, 1323, 1518, 53, 2875, 2505, 1262, 3311, 940, 3368, 2780, 3338, 1463, 1732, 2709, 936, 2403, 2573, 2068, 1777, 1955, 2204, 2467, 2956, 680, 1519, 907, 868, 705, 234, 3324, 1279, 3111, 2180, 1574, 2706, 194, 259, 43, 2560, 2954, 672, 2872, 237, 128, 3069, 1060, 1084, 2223, 2768, 1252, 2534, 2511, 547, 107, 965, 3104, 2493, 2538, 3211, 1822, 3065, 427, 473, 639, 1619, 1168, 3165, 3285, 2030, 856, 68, 161, 1531, 2616, 2947, 2128, 2557, 1990, 729, 819, 154, 2935, 1469, 2553, 2342, 1751, 978, 140, 854, 2209, 2151, 671, 149, 2860, 2556, 2915, 2355, 2323, 2966, 951, 2674, 2577, 2766, 1413, 441, 2112, 532, 2289, 1185, 1229, 847, 1390, 173, 3337, 1223, 1486, 480, 2193, 2972, 2986, 1909, 1225, 3245, 2188, 757, 2955, 2759, 827, 701, 1497, 1053, 3056, 2241, 1318, 974, 2845, 9, 2677, 602, 2280, 1481, 3332, 2006, 814, 1640, 1626, 1157, 3247, 1011, 2735, 164, 1422, 2268, 1150, 2886, 266, 3258, 3191, 2124, 2446, 2315, 2944, 546, 3139, 1827, 1905, 3349, 2866, 1910, 3208, 850, 162, 1085, 2829, 448, 2008, 2682, 367, 558, 1510, 1548, 2496, 2331, 2559, 171, 2242, 3132, 511, 489, 1418, 1783, 832, 1291, 1863, 27, 2471, 920, 3295, 1488, 838, 2360, 2880, 3283, 911, 1403, 1289, 3256, 1795, 1720, 344, 3212, 1400, 2273, 688, 2491, 338, 2746, 2250, 1839, 1701, 538, 952, 1559, 2387, 531, 2840, 1303, 285, 2760, 1702, 114, 1655, 3198, 657, 64, 1031, 2584, 2349, 3079, 1153, 1560, 3404, 1215, 2007, 587, 2591, 3238, 376, 983, 25, 202, 2132, 1943, 2339, 2240, 260, 959, 2892, 2294, 1665, 3328, 277, 1383, 478, 2856, 1950, 63, 1705, 1208, 3274, 484, 2429, 2942, 3259, 293, 831, 106, 2479, 1114, 1755, 361, 1930, 485, 1096, 2215, 785, 1308, 773, 45, 1898, 3110, 613, 2548, 1268, 2655, 2037, 428, 810, 54, 3062, 2428, 1145, 398, 488, 528, 2755, 3171, 934, 2277, 2367, 1874, 2793, 159, 1939, 2917, 837, 1643, 1232, 3388, 2617, 2153, 2868, 3178, 1090, 767, 2308, 1000, 1580, 2122, 2083, 2460, 2481, 1183, 751, 2975, 2053, 78, 834, 2436, 2316, 2806, 1694, 153, 3040, 1257, 496, 2269, 1654, 1744, 1284, 316, 203, 1278, 1317, 3088, 3355, 1165, 1593, 99, 1659, 3269, 2930, 806, 1057, 3116, 2293, 1076, 1956, 2402, 2902, 3203, 3369, 1851, 3248, 2482, 796, 1598, 2477, 899, 28, 2197, 3128, 1794, 774, 2767, 1629, 2161, 1496, 893, 218, 1690, 1130, 663, 1660, 2716, 1214, 1343, 333, 1379, 3279, 3161, 2612, 2751, 250, 58, 1358, 2742, 2936, 2271, 1462, 1428, 475, 924, 410, 925, 1621, 2452, 313, 2589, 2060]'
	at com.kms.katalon.core.keyword.internal.KeywordMain.stepFailed(KeywordMain.groovy:51)
	at com.kms.katalon.core.webservice.keyword.builtin.VerifyElementPropertyValueKeyword$_verifyElementPropertyValue_closure1.doCall(VerifyElementPropertyValueKeyword.groovy:56)
	at com.kms.katalon.core.webservice.keyword.builtin.VerifyElementPropertyValueKeyword$_verifyElementPropertyValue_closure1.call(VerifyElementPropertyValueKeyword.groovy)
	at com.kms.katalon.core.keyword.internal.KeywordMain.runKeyword(KeywordMain.groovy:75)
	at com.kms.katalon.core.webservice.keyword.builtin.VerifyElementPropertyValueKeyword.verifyElementPropertyValue(VerifyElementPropertyValueKeyword.groovy:48)
	at com.kms.katalon.core.webservice.keyword.builtin.VerifyElementPropertyValueKeyword.execute(VerifyElementPropertyValueKeyword.groovy:43)
	at com.kms.katalon.core.keyword.internal.KeywordExecutor.executeKeywordForPlatform(KeywordExecutor.groovy:74)
	at com.kms.katalon.core.webservice.keyword.WSBuiltInKeywords.verifyElementPropertyValue(WSBuiltInKeywords.groovy:190)
	at GET Search booking.run(GET Search booking:36)
	at com.kms.katalon.core.main.ScriptEngine.run(ScriptEngine.java:194)
	at com.kms.katalon.core.main.ScriptEngine.runScriptAsRawText(ScriptEngine.java:119)
	at com.kms.katalon.core.main.TestCaseExecutor.runScript(TestCaseExecutor.java:448)
	at com.kms.katalon.core.main.TestCaseExecutor.doExecute(TestCaseExecutor.java:439)
	at com.kms.katalon.core.main.TestCaseExecutor.processExecutionPhase(TestCaseExecutor.java:418)
	at com.kms.katalon.core.main.TestCaseExecutor.accessMainPhase(TestCaseExecutor.java:410)
	at com.kms.katalon.core.main.TestCaseExecutor.execute(TestCaseExecutor.java:285)
	at com.kms.katalon.core.common.CommonExecutor.accessTestCaseMainPhase(CommonExecutor.java:65)
	at com.kms.katalon.core.main.TestSuiteExecutor.accessTestSuiteMainPhase(TestSuiteExecutor.java:148)
	at com.kms.katalon.core.main.TestSuiteExecutor.execute(TestSuiteExecutor.java:106)
	at com.kms.katalon.core.main.TestCaseMain.startTestSuite(TestCaseMain.java:180)
	at TempTestSuite1704824872762.run(TempTestSuite1704824872762.groovy:36)
	at java.base/jdk.internal.reflect.NativeMethodAccessorImpl.invoke0(Native Method)
	at java.base/jdk.internal.reflect.NativeMethodAccessorImpl.invoke(NativeMethodAccessorImpl.java:77)
	at java.base/jdk.internal.reflect.DelegatingMethodAccessorImpl.invoke(DelegatingMethodAccessorImpl.java:43)]]></system-err>
   </testsuite>
</testsuites>
